C:\Projects\Games\swarm-deferred\src\materialsystem\swarmshaders\Release_dx9\BaseVSShader.obj
C:\Projects\Games\swarm-deferred\src\materialsystem\swarmshaders\Release_dx9\blur.obj
C:\Projects\Games\swarm-deferred\src\materialsystem\swarmshaders\Release_dx9\CL.4728.read.1.tlog
C:\Projects\Games\swarm-deferred\src\materialsystem\swarmshaders\Release_dx9\CL.4728.write.1.tlog
C:\Projects\Games\swarm-deferred\src\materialsystem\swarmshaders\Release_dx9\CL.5668.read.1.tlog
C:\Projects\Games\swarm-deferred\src\materialsystem\swarmshaders\Release_dx9\CL.5668.write.1.tlog
C:\Projects\Games\swarm-deferred\src\materialsystem\swarmshaders\Release_dx9\CL.6184.read.1.tlog
C:\Projects\Games\swarm-deferred\src\materialsystem\swarmshaders\Release_dx9\CL.6184.write.1.tlog
C:\Projects\Games\swarm-deferred\src\materialsystem\swarmshaders\Release_dx9\CL.6548.read.1.tlog
C:\Projects\Games\swarm-deferred\src\materialsystem\swarmshaders\Release_dx9\CL.6548.write.1.tlog
C:\Projects\Games\swarm-deferred\src\materialsystem\swarmshaders\Release_dx9\CL.6680.read.1.tlog
C:\Projects\Games\swarm-deferred\src\materialsystem\swarmshaders\Release_dx9\CL.6680.write.1.tlog
C:\Projects\Games\swarm-deferred\src\materialsystem\swarmshaders\Release_dx9\CL.7040.read.1.tlog
C:\Projects\Games\swarm-deferred\src\materialsystem\swarmshaders\Release_dx9\CL.7040.write.1.tlog
C:\Projects\Games\swarm-deferred\src\materialsystem\swarmshaders\Release_dx9\CL.7072.read.1.tlog
C:\Projects\Games\swarm-deferred\src\materialsystem\swarmshaders\Release_dx9\CL.7072.write.1.tlog
C:\Projects\Games\swarm-deferred\src\materialsystem\swarmshaders\Release_dx9\CL.7164.read.1.tlog
C:\Projects\Games\swarm-deferred\src\materialsystem\swarmshaders\Release_dx9\CL.7164.write.1.tlog
C:\Projects\Games\swarm-deferred\src\materialsystem\swarmshaders\Release_dx9\cl.command.1.tlog
C:\Projects\Games\swarm-deferred\src\materialsystem\swarmshaders\Release_dx9\CL.read.1.tlog
C:\Projects\Games\swarm-deferred\src\materialsystem\swarmshaders\Release_dx9\cl.write.1.tlog
C:\Projects\Games\swarm-deferred\src\materialsystem\swarmshaders\Release_dx9\debug_lightingctrl.obj
C:\Projects\Games\swarm-deferred\src\materialsystem\swarmshaders\Release_dx9\debug_radiosity_grid.obj
C:\Projects\Games\swarm-deferred\src\materialsystem\swarmshaders\Release_dx9\debug_shadow.obj
C:\Projects\Games\swarm-deferred\src\materialsystem\swarmshaders\Release_dx9\deferred_brush.obj
C:\Projects\Games\swarm-deferred\src\materialsystem\swarmshaders\Release_dx9\deferred_model.obj
C:\Projects\Games\swarm-deferred\src\materialsystem\swarmshaders\Release_dx9\deferred_utility.obj
C:\Projects\Games\swarm-deferred\src\materialsystem\swarmshaders\Release_dx9\defpass_composite.obj
C:\Projects\Games\swarm-deferred\src\materialsystem\swarmshaders\Release_dx9\defpass_gbuffer.obj
C:\Projects\Games\swarm-deferred\src\materialsystem\swarmshaders\Release_dx9\defpass_shadow.obj
C:\Projects\Games\swarm-deferred\src\materialsystem\swarmshaders\Release_dx9\game_shader_generic_deferred.exp
C:\Projects\Games\swarm-deferred\src\materialsystem\swarmshaders\Release_dx9\game_shader_generic_deferred.lib
C:\Projects\Games\swarm-deferred\src\materialsystem\swarmshaders\Release_dx9\game_shader_generic_deferred.pdb
C:\Projects\Games\swarm-deferred\src\materialsystem\swarmshaders\Release_dx9\game_shader_generic_deferred.write.1.tlog
C:\Projects\Games\swarm-deferred\src\materialsystem\swarmshaders\Release_dx9\IDeferredExt.obj
C:\Projects\Games\swarm-deferred\src\materialsystem\swarmshaders\Release_dx9\lighting_global.obj
C:\Projects\Games\swarm-deferred\src\materialsystem\swarmshaders\Release_dx9\lighting_pass_basic.obj
C:\Projects\Games\swarm-deferred\src\materialsystem\swarmshaders\Release_dx9\lighting_pass_volum.obj
C:\Projects\Games\swarm-deferred\src\materialsystem\swarmshaders\Release_dx9\lighting_volume.obj
C:\Projects\Games\swarm-deferred\src\materialsystem\swarmshaders\Release_dx9\lighting_world.obj
C:\Projects\Games\swarm-deferred\src\materialsystem\swarmshaders\Release_dx9\link.command.1.tlog
C:\Projects\Games\swarm-deferred\src\materialsystem\swarmshaders\Release_dx9\link.read.1.tlog
C:\Projects\Games\swarm-deferred\src\materialsystem\swarmshaders\Release_dx9\link.write.1.tlog
C:\Projects\Games\swarm-deferred\src\materialsystem\swarmshaders\Release_dx9\radiosity_blend.obj
C:\Projects\Games\swarm-deferred\src\materialsystem\swarmshaders\Release_dx9\radiosity_global.obj
C:\Projects\Games\swarm-deferred\src\materialsystem\swarmshaders\Release_dx9\radiosity_propagate.obj
C:\PROJECTS\GAMES\SWARM-DEFERRED\SRC\MATERIALSYSTEM\SWARMSHADERS\RELEASE_DX9\VC100.PDB
C:\Projects\Games\swarm-deferred\src\materialsystem\swarmshaders\Release_dx9\volume_blend.obj
C:\Projects\Games\swarm-deferred\src\materialsystem\swarmshaders\Release_dx9\volume_prepass.obj
D:\Steam\Steamapps\Sourcemods\SwarmDeferred\bin\game_shader_generic_deferred.dll
Release_dx9\game_shader_generic_deferred.pdb
