Build started 8/4/2012 14:32:27.
     1>Project "C:\Users\AniCator\SparkleShare\Project-Potato\src\materialsystem\swarmshaders\game_shader_generic_swarm.vcxproj" on node 2 (build target(s)).
     1>InitializeBuildStatus:
         Creating "Release_dx9\game_shader_generic_deferred.unsuccessfulbuild" because "AlwaysCreate" was specified.
       ClCompile:
         All outputs are up-to-date.
       Link:
         All outputs are up-to-date.
         game_shader_generic_swarm.vcxproj -> C:\Users\AniCator\SparkleShare\Project-Potato\src\materialsystem\swarmshaders\Release_dx9\game_shader_generic_deferred.dll
       CustomBuildStep:
         if exist "C:\Program Files (x86)\Steam\steamapps\\Sourcemods\CoopClub\bin\game_shader_generic_deferred.dll" attrib -r "C:\Program Files (x86)\Steam\steamapps\\Sourcemods\CoopClub\bin\game_shader_generic_deferred.dll"
         copy "C:\Users\AniCator\SparkleShare\Project-Potato\src\materialsystem\swarmshaders\Release_dx9\"game_shader_generic_deferred.dll "C:\Program Files (x86)\Steam\steamapps\\Sourcemods\CoopClub\bin"
         copy "C:\Users\AniCator\SparkleShare\Project-Potato\src\materialsystem\swarmshaders\Release_dx9\"$ProjectName).dll "..\..\..\build\CoopClub\bin\"
         if exist "C:\Users\AniCator\SparkleShare\Project-Potato\src\materialsystem\swarmshaders\Release_dx9\"game_shader_generic_deferred.map copy "C:\Users\AniCator\SparkleShare\Project-Potato\src\materialsystem\swarmshaders\Release_dx9\"game_shader_generic_deferred.map "C:\Program Files (x86)\Steam\steamapps\\Sourcemods\CoopClub\bin\game_shader_generic_deferred.map"
         :VCEnd
                 0 file(s) copied.
         The process cannot access the file because it is being used by another process.
         The system cannot find the file specified.
                 1 file(s) copied.
       FinalizeBuildStatus:
         Deleting file "Release_dx9\game_shader_generic_deferred.unsuccessfulbuild".
         Touching "Release_dx9\game_shader_generic_deferred.lastbuildstate".
     1>Done Building Project "C:\Users\AniCator\SparkleShare\Project-Potato\src\materialsystem\swarmshaders\game_shader_generic_swarm.vcxproj" (build target(s)).

Build succeeded.

Time Elapsed 00:00:01.11
