Build started 7/23/2012 15:46:44.
     1>Project "C:\Users\AniCator\sparkleshare\Project-Potato\src\materialsystem\shaderlib\shaderlib_swarm.vcxproj" on node 2 (build target(s)).
     1>InitializeBuildStatus:
         Creating ".\Release\shaderlib.unsuccessfulbuild" because "AlwaysCreate" was specified.
       ClCompile:
         C:\Program Files (x86)\Microsoft Visual Studio 10.0\VC\bin\CL.exe /c /I..\..\common /I..\..\public /I..\..\public\tier0 /I..\..\public\tier1 /I..\ /Z7 /nologo /W4 /WX- /O2 /Ob2 /Oi /Ot /Oy- /D WIN32 /D _WIN32 /D NDEBUG /D _LIB /D _CRT_SECURE_NO_DEPRECATE /D _CRT_NONSTDC_NO_DEPRECATE /D VPCGAME=swarm /D VPCGAMECAPS=SWARM /D _DLL_EXT=.dll /D COMPILER_MSVC32 /D COMPILER_MSVC /D LIBNAME=shaderlib /D FAST_MATERIALVAR_ACCESS /D _MBCS /GF /Gm- /MT /GS- /Gy /fp:fast /Zc:wchar_t /Zc:forScope /GR /openmp- /Fo".\Release\\" /Fd".\Release\vc100.pdb" /Gd /TP /analyze- /errorReport:prompt BaseShader.cpp ShaderDLL.cpp shaderlib_cvar.cpp
         BaseShader.cpp
         ShaderDLL.cpp
         shaderlib_cvar.cpp
         Generating Code...
     1>C:\Program Files (x86)\MSBuild\Microsoft.Cpp\v4.0\Microsoft.CppBuild.targets(1151,5): warning MSB8012: TargetPath(C:\Users\AniCator\sparkleshare\Project-Potato\src\materialsystem\shaderlib\.\Release\shaderlib.lib) does not match the Library's OutputFile property value (C:\Users\AniCator\sparkleshare\Project-Potato\src\lib\public\shaderlib.lib). This may cause your project to build incorrectly. To correct this, please make sure that $(OutDir), $(TargetName) and $(TargetExt) property values match the value specified in %(Lib.OutputFile).
       PreLinkEvent:
         if exist ..\..\lib\public\shaderlib.lib attrib -r ..\..\lib\public\shaderlib.lib
         :VCEnd
       Lib:
         C:\Program Files (x86)\Microsoft Visual Studio 10.0\VC\bin\Lib.exe /OUT:"..\..\lib\public\shaderlib.lib" /NOLOGO .\Release\BaseShader.obj
         .\Release\ShaderDLL.obj
         .\Release\shaderlib_cvar.obj
         shaderlib_swarm.vcxproj -> C:\Users\AniCator\sparkleshare\Project-Potato\src\materialsystem\shaderlib\.\Release\shaderlib.lib
       FinalizeBuildStatus:
         Deleting file ".\Release\shaderlib.unsuccessfulbuild".
         Touching ".\Release\shaderlib.lastbuildstate".
     1>Done Building Project "C:\Users\AniCator\sparkleshare\Project-Potato\src\materialsystem\shaderlib\shaderlib_swarm.vcxproj" (build target(s)).

Build succeeded.

Time Elapsed 00:00:09.48
