.\Release_swarm\client.pdb
C:\Program Files (x86)\Steam\steamapps\Sourcemods\Shift\bin\client.dll
C:\Projects\Games\swarm-deferred\src\game\client\.\Release_swarm\client.dll
C:\PROJECTS\GAMES\SWARM-DEFERRED\SRC\GAME\CLIENT\RELEASE_SWARM\ACHIEVEMENT_NOTIFICATION_PANEL.OBJ
C:\PROJECTS\GAMES\SWARM-DEFERRED\SRC\GAME\CLIENT\RELEASE_SWARM\ACHIEVEMENT_SAVERESTORE.OBJ
C:\PROJECTS\GAMES\SWARM-DEFERRED\SRC\GAME\CLIENT\RELEASE_SWARM\ACHIEVEMENTMGR.OBJ
C:\PROJECTS\GAMES\SWARM-DEFERRED\SRC\GAME\CLIENT\RELEASE_SWARM\ACTIVITYLIST.OBJ
C:\PROJECTS\GAMES\SWARM-DEFERRED\SRC\GAME\CLIENT\RELEASE_SWARM\AI_CRITERIA.OBJ
C:\PROJECTS\GAMES\SWARM-DEFERRED\SRC\GAME\CLIENT\RELEASE_SWARM\AI_RESPONSESYSTEM.OBJ
C:\PROJECTS\GAMES\SWARM-DEFERRED\SRC\GAME\CLIENT\RELEASE_SWARM\AI_SPEECHCONCEPT.OBJ
C:\PROJECTS\GAMES\SWARM-DEFERRED\SRC\GAME\CLIENT\RELEASE_SWARM\AMMODEF.OBJ
C:\PROJECTS\GAMES\SWARM-DEFERRED\SRC\GAME\CLIENT\RELEASE_SWARM\ANIMATEDENTITYTEXTUREPROXY.OBJ
C:\PROJECTS\GAMES\SWARM-DEFERRED\SRC\GAME\CLIENT\RELEASE_SWARM\ANIMATEDOFFSETTEXTUREPROXY.OBJ
C:\PROJECTS\GAMES\SWARM-DEFERRED\SRC\GAME\CLIENT\RELEASE_SWARM\ANIMATEDTEXTUREPROXY.OBJ
C:\PROJECTS\GAMES\SWARM-DEFERRED\SRC\GAME\CLIENT\RELEASE_SWARM\ANIMATESPECIFICTEXTUREPROXY.OBJ
C:\PROJECTS\GAMES\SWARM-DEFERRED\SRC\GAME\CLIENT\RELEASE_SWARM\ANIMATION.OBJ
C:\PROJECTS\GAMES\SWARM-DEFERRED\SRC\GAME\CLIENT\RELEASE_SWARM\BACKGROUNDMENUBUTTON.OBJ
C:\PROJECTS\GAMES\SWARM-DEFERRED\SRC\GAME\CLIENT\RELEASE_SWARM\BASE_PLAYERANIMSTATE.OBJ
C:\PROJECTS\GAMES\SWARM-DEFERRED\SRC\GAME\CLIENT\RELEASE_SWARM\BASEACHIEVEMENT.OBJ
C:\PROJECTS\GAMES\SWARM-DEFERRED\SRC\GAME\CLIENT\RELEASE_SWARM\BASEANIMATEDTEXTUREPROXY.OBJ
C:\PROJECTS\GAMES\SWARM-DEFERRED\SRC\GAME\CLIENT\RELEASE_SWARM\BASECLIENTRENDERTARGETS.OBJ
C:\PROJECTS\GAMES\SWARM-DEFERRED\SRC\GAME\CLIENT\RELEASE_SWARM\BASECOMBATCHARACTER_SHARED.OBJ
C:\PROJECTS\GAMES\SWARM-DEFERRED\SRC\GAME\CLIENT\RELEASE_SWARM\BASECOMBATWEAPON_SHARED.OBJ
C:\PROJECTS\GAMES\SWARM-DEFERRED\SRC\GAME\CLIENT\RELEASE_SWARM\BASEENTITY_SHARED.OBJ
C:\PROJECTS\GAMES\SWARM-DEFERRED\SRC\GAME\CLIENT\RELEASE_SWARM\BASEGRENADE_SHARED.OBJ
C:\PROJECTS\GAMES\SWARM-DEFERRED\SRC\GAME\CLIENT\RELEASE_SWARM\BASEMODEL_PANEL.OBJ
C:\PROJECTS\GAMES\SWARM-DEFERRED\SRC\GAME\CLIENT\RELEASE_SWARM\BASEMODFRAME.OBJ
C:\PROJECTS\GAMES\SWARM-DEFERRED\SRC\GAME\CLIENT\RELEASE_SWARM\BASEMODPANEL.OBJ
C:\PROJECTS\GAMES\SWARM-DEFERRED\SRC\GAME\CLIENT\RELEASE_SWARM\BASEPARTICLEENTITY.OBJ
C:\PROJECTS\GAMES\SWARM-DEFERRED\SRC\GAME\CLIENT\RELEASE_SWARM\BASEPLAYER_SHARED.OBJ
C:\PROJECTS\GAMES\SWARM-DEFERRED\SRC\GAME\CLIENT\RELEASE_SWARM\BASESAVEGAMEDIALOG.OBJ
C:\PROJECTS\GAMES\SWARM-DEFERRED\SRC\GAME\CLIENT\RELEASE_SWARM\BASEVIEWMODEL_SHARED.OBJ
C:\PROJECTS\GAMES\SWARM-DEFERRED\SRC\GAME\CLIENT\RELEASE_SWARM\BASEVIEWPORT.OBJ
C:\PROJECTS\GAMES\SWARM-DEFERRED\SRC\GAME\CLIENT\RELEASE_SWARM\BEAM_SHARED.OBJ
C:\PROJECTS\GAMES\SWARM-DEFERRED\SRC\GAME\CLIENT\RELEASE_SWARM\BEAMDRAW.OBJ
C:\PROJECTS\GAMES\SWARM-DEFERRED\SRC\GAME\CLIENT\RELEASE_SWARM\BITMAPIMAGEPANEL.OBJ
C:\PROJECTS\GAMES\SWARM-DEFERRED\SRC\GAME\CLIENT\RELEASE_SWARM\BLACKBOX_HELPER.OBJ
C:\PROJECTS\GAMES\SWARM-DEFERRED\SRC\GAME\CLIENT\RELEASE_SWARM\BONE_ACCESSOR.OBJ
C:\PROJECTS\GAMES\SWARM-DEFERRED\SRC\GAME\CLIENT\RELEASE_SWARM\BONE_MERGE_CACHE.OBJ
C:\PROJECTS\GAMES\SWARM-DEFERRED\SRC\GAME\CLIENT\RELEASE_SWARM\BONELIST.OBJ
C:\PROJECTS\GAMES\SWARM-DEFERRED\SRC\GAME\CLIENT\RELEASE_SWARM\C_AI_BASEHUMANOID.OBJ
C:\PROJECTS\GAMES\SWARM-DEFERRED\SRC\GAME\CLIENT\RELEASE_SWARM\C_AI_BASENPC.OBJ
C:\PROJECTS\GAMES\SWARM-DEFERRED\SRC\GAME\CLIENT\RELEASE_SWARM\C_ANTLION_DUST.OBJ
C:\PROJECTS\GAMES\SWARM-DEFERRED\SRC\GAME\CLIENT\RELEASE_SWARM\C_AR2_EXPLOSION.OBJ
C:\PROJECTS\GAMES\SWARM-DEFERRED\SRC\GAME\CLIENT\RELEASE_SWARM\C_BASEANIMATING.OBJ
C:\PROJECTS\GAMES\SWARM-DEFERRED\SRC\GAME\CLIENT\RELEASE_SWARM\C_BASEANIMATINGOVERLAY.OBJ
C:\PROJECTS\GAMES\SWARM-DEFERRED\SRC\GAME\CLIENT\RELEASE_SWARM\C_BASECOMBATCHARACTER.OBJ
C:\PROJECTS\GAMES\SWARM-DEFERRED\SRC\GAME\CLIENT\RELEASE_SWARM\C_BASECOMBATWEAPON.OBJ
C:\PROJECTS\GAMES\SWARM-DEFERRED\SRC\GAME\CLIENT\RELEASE_SWARM\C_BASEDOOR.OBJ
C:\PROJECTS\GAMES\SWARM-DEFERRED\SRC\GAME\CLIENT\RELEASE_SWARM\C_BASEENTITY.OBJ
C:\PROJECTS\GAMES\SWARM-DEFERRED\SRC\GAME\CLIENT\RELEASE_SWARM\C_BASEFLEX.OBJ
C:\PROJECTS\GAMES\SWARM-DEFERRED\SRC\GAME\CLIENT\RELEASE_SWARM\C_BASEHELICOPTER.OBJ
C:\PROJECTS\GAMES\SWARM-DEFERRED\SRC\GAME\CLIENT\RELEASE_SWARM\C_BASELESSON.OBJ
C:\PROJECTS\GAMES\SWARM-DEFERRED\SRC\GAME\CLIENT\RELEASE_SWARM\C_BASEPLAYER.OBJ
C:\PROJECTS\GAMES\SWARM-DEFERRED\SRC\GAME\CLIENT\RELEASE_SWARM\C_BASETEMPENTITY.OBJ
C:\PROJECTS\GAMES\SWARM-DEFERRED\SRC\GAME\CLIENT\RELEASE_SWARM\C_BASETOGGLE.OBJ
C:\PROJECTS\GAMES\SWARM-DEFERRED\SRC\GAME\CLIENT\RELEASE_SWARM\C_BASEVIEWMODEL.OBJ
C:\PROJECTS\GAMES\SWARM-DEFERRED\SRC\GAME\CLIENT\RELEASE_SWARM\C_BEAMSPOTLIGHT.OBJ
C:\PROJECTS\GAMES\SWARM-DEFERRED\SRC\GAME\CLIENT\RELEASE_SWARM\C_BREAKABLEPROP.OBJ
C:\PROJECTS\GAMES\SWARM-DEFERRED\SRC\GAME\CLIENT\RELEASE_SWARM\C_COLORCORRECTION.OBJ
C:\PROJECTS\GAMES\SWARM-DEFERRED\SRC\GAME\CLIENT\RELEASE_SWARM\C_COLORCORRECTIONVOLUME.OBJ
C:\PROJECTS\GAMES\SWARM-DEFERRED\SRC\GAME\CLIENT\RELEASE_SWARM\C_DYNAMICLIGHT.OBJ
C:\PROJECTS\GAMES\SWARM-DEFERRED\SRC\GAME\CLIENT\RELEASE_SWARM\C_EFFECTS.OBJ
C:\PROJECTS\GAMES\SWARM-DEFERRED\SRC\GAME\CLIENT\RELEASE_SWARM\C_ENTITYDISSOLVE.OBJ
C:\PROJECTS\GAMES\SWARM-DEFERRED\SRC\GAME\CLIENT\RELEASE_SWARM\C_ENTITYFLAME.OBJ
C:\PROJECTS\GAMES\SWARM-DEFERRED\SRC\GAME\CLIENT\RELEASE_SWARM\C_ENTITYFREEZING.OBJ
C:\PROJECTS\GAMES\SWARM-DEFERRED\SRC\GAME\CLIENT\RELEASE_SWARM\C_ENTITYPARTICLETRAIL.OBJ
C:\PROJECTS\GAMES\SWARM-DEFERRED\SRC\GAME\CLIENT\RELEASE_SWARM\C_ENV_AMBIENT_LIGHT.OBJ
C:\PROJECTS\GAMES\SWARM-DEFERRED\SRC\GAME\CLIENT\RELEASE_SWARM\C_ENV_DOF_CONTROLLER.OBJ
C:\PROJECTS\GAMES\SWARM-DEFERRED\SRC\GAME\CLIENT\RELEASE_SWARM\C_ENV_FOG_CONTROLLER.OBJ
C:\PROJECTS\GAMES\SWARM-DEFERRED\SRC\GAME\CLIENT\RELEASE_SWARM\C_ENV_GLOBAL_LIGHT.OBJ
C:\PROJECTS\GAMES\SWARM-DEFERRED\SRC\GAME\CLIENT\RELEASE_SWARM\C_ENV_PARTICLESCRIPT.OBJ
C:\PROJECTS\GAMES\SWARM-DEFERRED\SRC\GAME\CLIENT\RELEASE_SWARM\C_ENV_PROJECTEDTEXTURE.OBJ
C:\PROJECTS\GAMES\SWARM-DEFERRED\SRC\GAME\CLIENT\RELEASE_SWARM\C_ENV_SCREENOVERLAY.OBJ
C:\PROJECTS\GAMES\SWARM-DEFERRED\SRC\GAME\CLIENT\RELEASE_SWARM\C_ENV_TONEMAP_CONTROLLER.OBJ
C:\PROJECTS\GAMES\SWARM-DEFERRED\SRC\GAME\CLIENT\RELEASE_SWARM\C_FIRE_SMOKE.OBJ
C:\PROJECTS\GAMES\SWARM-DEFERRED\SRC\GAME\CLIENT\RELEASE_SWARM\C_FISH.OBJ
C:\PROJECTS\GAMES\SWARM-DEFERRED\SRC\GAME\CLIENT\RELEASE_SWARM\C_FUNC_AREAPORTALWINDOW.OBJ
C:\PROJECTS\GAMES\SWARM-DEFERRED\SRC\GAME\CLIENT\RELEASE_SWARM\C_FUNC_BREAKABLESURF.OBJ
C:\PROJECTS\GAMES\SWARM-DEFERRED\SRC\GAME\CLIENT\RELEASE_SWARM\C_FUNC_BRUSH.OBJ
C:\PROJECTS\GAMES\SWARM-DEFERRED\SRC\GAME\CLIENT\RELEASE_SWARM\C_FUNC_CONVEYOR.OBJ
C:\PROJECTS\GAMES\SWARM-DEFERRED\SRC\GAME\CLIENT\RELEASE_SWARM\C_FUNC_DUST.OBJ
C:\PROJECTS\GAMES\SWARM-DEFERRED\SRC\GAME\CLIENT\RELEASE_SWARM\C_FUNC_LOD.OBJ
C:\PROJECTS\GAMES\SWARM-DEFERRED\SRC\GAME\CLIENT\RELEASE_SWARM\C_FUNC_MONITOR.OBJ
C:\PROJECTS\GAMES\SWARM-DEFERRED\SRC\GAME\CLIENT\RELEASE_SWARM\C_FUNC_MOVELINEAR.OBJ
C:\PROJECTS\GAMES\SWARM-DEFERRED\SRC\GAME\CLIENT\RELEASE_SWARM\C_FUNC_OCCLUDER.OBJ
C:\PROJECTS\GAMES\SWARM-DEFERRED\SRC\GAME\CLIENT\RELEASE_SWARM\C_FUNC_REFLECTIVE_GLASS.OBJ
C:\PROJECTS\GAMES\SWARM-DEFERRED\SRC\GAME\CLIENT\RELEASE_SWARM\C_FUNC_ROTATING.OBJ
C:\PROJECTS\GAMES\SWARM-DEFERRED\SRC\GAME\CLIENT\RELEASE_SWARM\C_FUNC_SMOKEVOLUME.OBJ
C:\PROJECTS\GAMES\SWARM-DEFERRED\SRC\GAME\CLIENT\RELEASE_SWARM\C_FUNC_TRACKTRAIN.OBJ
C:\PROJECTS\GAMES\SWARM-DEFERRED\SRC\GAME\CLIENT\RELEASE_SWARM\C_GAMEINSTRUCTOR.OBJ
C:\PROJECTS\GAMES\SWARM-DEFERRED\SRC\GAME\CLIENT\RELEASE_SWARM\C_GIB.OBJ
C:\PROJECTS\GAMES\SWARM-DEFERRED\SRC\GAME\CLIENT\RELEASE_SWARM\C_HAIRBALL.OBJ
C:\PROJECTS\GAMES\SWARM-DEFERRED\SRC\GAME\CLIENT\RELEASE_SWARM\C_IMPACT_EFFECTS.OBJ
C:\PROJECTS\GAMES\SWARM-DEFERRED\SRC\GAME\CLIENT\RELEASE_SWARM\C_INFO_OVERLAY_ACCESSOR.OBJ
C:\PROJECTS\GAMES\SWARM-DEFERRED\SRC\GAME\CLIENT\RELEASE_SWARM\C_LIGHTGLOW.OBJ
C:\PROJECTS\GAMES\SWARM-DEFERRED\SRC\GAME\CLIENT\RELEASE_SWARM\C_MATERIALMODIFYCONTROL.OBJ
C:\PROJECTS\GAMES\SWARM-DEFERRED\SRC\GAME\CLIENT\RELEASE_SWARM\C_MOVIE_DISPLAY.OBJ
C:\PROJECTS\GAMES\SWARM-DEFERRED\SRC\GAME\CLIENT\RELEASE_SWARM\C_MOVIE_EXPLOSION.OBJ
C:\PROJECTS\GAMES\SWARM-DEFERRED\SRC\GAME\CLIENT\RELEASE_SWARM\C_NPC_COMBINEGUNSHIP.OBJ
C:\PROJECTS\GAMES\SWARM-DEFERRED\SRC\GAME\CLIENT\RELEASE_SWARM\C_PARTICLE_FIRE.OBJ
C:\PROJECTS\GAMES\SWARM-DEFERRED\SRC\GAME\CLIENT\RELEASE_SWARM\C_PARTICLE_SMOKEGRENADE.OBJ
C:\PROJECTS\GAMES\SWARM-DEFERRED\SRC\GAME\CLIENT\RELEASE_SWARM\C_PARTICLE_SYSTEM.OBJ
C:\PROJECTS\GAMES\SWARM-DEFERRED\SRC\GAME\CLIENT\RELEASE_SWARM\C_PHYSBOX.OBJ
C:\PROJECTS\GAMES\SWARM-DEFERRED\SRC\GAME\CLIENT\RELEASE_SWARM\C_PHYSICS_PROP_STATUE.OBJ
C:\PROJECTS\GAMES\SWARM-DEFERRED\SRC\GAME\CLIENT\RELEASE_SWARM\C_PHYSICSPROP.OBJ
C:\PROJECTS\GAMES\SWARM-DEFERRED\SRC\GAME\CLIENT\RELEASE_SWARM\C_PHYSMAGNET.OBJ
C:\PROJECTS\GAMES\SWARM-DEFERRED\SRC\GAME\CLIENT\RELEASE_SWARM\C_PIXEL_VISIBILITY.OBJ
C:\PROJECTS\GAMES\SWARM-DEFERRED\SRC\GAME\CLIENT\RELEASE_SWARM\C_PLASMA.OBJ
C:\PROJECTS\GAMES\SWARM-DEFERRED\SRC\GAME\CLIENT\RELEASE_SWARM\C_PLAYERRESOURCE.OBJ
C:\PROJECTS\GAMES\SWARM-DEFERRED\SRC\GAME\CLIENT\RELEASE_SWARM\C_POINT_CAMERA.OBJ
C:\PROJECTS\GAMES\SWARM-DEFERRED\SRC\GAME\CLIENT\RELEASE_SWARM\C_POINT_COMMENTARY_NODE.OBJ
C:\PROJECTS\GAMES\SWARM-DEFERRED\SRC\GAME\CLIENT\RELEASE_SWARM\C_POSTPROCESSCONTROLLER.OBJ
C:\PROJECTS\GAMES\SWARM-DEFERRED\SRC\GAME\CLIENT\RELEASE_SWARM\C_PROP_HALLUCINATION.OBJ
C:\PROJECTS\GAMES\SWARM-DEFERRED\SRC\GAME\CLIENT\RELEASE_SWARM\C_PROP_VEHICLE.OBJ
C:\PROJECTS\GAMES\SWARM-DEFERRED\SRC\GAME\CLIENT\RELEASE_SWARM\C_PROPS.OBJ
C:\PROJECTS\GAMES\SWARM-DEFERRED\SRC\GAME\CLIENT\RELEASE_SWARM\C_RAGDOLL_MANAGER.OBJ
C:\PROJECTS\GAMES\SWARM-DEFERRED\SRC\GAME\CLIENT\RELEASE_SWARM\C_RECIPIENTFILTER.OBJ
C:\PROJECTS\GAMES\SWARM-DEFERRED\SRC\GAME\CLIENT\RELEASE_SWARM\C_ROPE.OBJ
C:\PROJECTS\GAMES\SWARM-DEFERRED\SRC\GAME\CLIENT\RELEASE_SWARM\C_ROTORWASH.OBJ
C:\PROJECTS\GAMES\SWARM-DEFERRED\SRC\GAME\CLIENT\RELEASE_SWARM\C_RUMBLE.OBJ
C:\PROJECTS\GAMES\SWARM-DEFERRED\SRC\GAME\CLIENT\RELEASE_SWARM\C_SCENEENTITY.OBJ
C:\PROJECTS\GAMES\SWARM-DEFERRED\SRC\GAME\CLIENT\RELEASE_SWARM\C_SDK_JUKEBOX.OBJ
C:\PROJECTS\GAMES\SWARM-DEFERRED\SRC\GAME\CLIENT\RELEASE_SWARM\C_SDK_LESSON.OBJ
C:\PROJECTS\GAMES\SWARM-DEFERRED\SRC\GAME\CLIENT\RELEASE_SWARM\C_SDK_PLAYER.OBJ
C:\PROJECTS\GAMES\SWARM-DEFERRED\SRC\GAME\CLIENT\RELEASE_SWARM\C_SHADOWCONTROL.OBJ
C:\PROJECTS\GAMES\SWARM-DEFERRED\SRC\GAME\CLIENT\RELEASE_SWARM\C_SLIDESHOW_DISPLAY.OBJ
C:\PROJECTS\GAMES\SWARM-DEFERRED\SRC\GAME\CLIENT\RELEASE_SWARM\C_SMOKE_TRAIL.OBJ
C:\PROJECTS\GAMES\SWARM-DEFERRED\SRC\GAME\CLIENT\RELEASE_SWARM\C_SMOKESTACK.OBJ
C:\PROJECTS\GAMES\SWARM-DEFERRED\SRC\GAME\CLIENT\RELEASE_SWARM\C_SOUNDSCAPE.OBJ
C:\PROJECTS\GAMES\SWARM-DEFERRED\SRC\GAME\CLIENT\RELEASE_SWARM\C_SPATIALENTITY.OBJ
C:\PROJECTS\GAMES\SWARM-DEFERRED\SRC\GAME\CLIENT\RELEASE_SWARM\C_SPOTLIGHT_END.OBJ
C:\PROJECTS\GAMES\SWARM-DEFERRED\SRC\GAME\CLIENT\RELEASE_SWARM\C_SPRITE.OBJ
C:\PROJECTS\GAMES\SWARM-DEFERRED\SRC\GAME\CLIENT\RELEASE_SWARM\C_SPRITE_PERFMONITOR.OBJ
C:\PROJECTS\GAMES\SWARM-DEFERRED\SRC\GAME\CLIENT\RELEASE_SWARM\C_STEAMJET.OBJ
C:\PROJECTS\GAMES\SWARM-DEFERRED\SRC\GAME\CLIENT\RELEASE_SWARM\C_STICKYBOLT.OBJ
C:\PROJECTS\GAMES\SWARM-DEFERRED\SRC\GAME\CLIENT\RELEASE_SWARM\C_SUN.OBJ
C:\PROJECTS\GAMES\SWARM-DEFERRED\SRC\GAME\CLIENT\RELEASE_SWARM\C_SUNLIGHTSHADOWCONTROL.OBJ
C:\PROJECTS\GAMES\SWARM-DEFERRED\SRC\GAME\CLIENT\RELEASE_SWARM\C_SURFACERENDER.OBJ
C:\PROJECTS\GAMES\SWARM-DEFERRED\SRC\GAME\CLIENT\RELEASE_SWARM\C_TE.OBJ
C:\PROJECTS\GAMES\SWARM-DEFERRED\SRC\GAME\CLIENT\RELEASE_SWARM\C_TE_ARMORRICOCHET.OBJ
C:\PROJECTS\GAMES\SWARM-DEFERRED\SRC\GAME\CLIENT\RELEASE_SWARM\C_TE_BASEBEAM.OBJ
C:\PROJECTS\GAMES\SWARM-DEFERRED\SRC\GAME\CLIENT\RELEASE_SWARM\C_TE_BEAMENTPOINT.OBJ
C:\PROJECTS\GAMES\SWARM-DEFERRED\SRC\GAME\CLIENT\RELEASE_SWARM\C_TE_BEAMENTS.OBJ
C:\PROJECTS\GAMES\SWARM-DEFERRED\SRC\GAME\CLIENT\RELEASE_SWARM\C_TE_BEAMFOLLOW.OBJ
C:\PROJECTS\GAMES\SWARM-DEFERRED\SRC\GAME\CLIENT\RELEASE_SWARM\C_TE_BEAMLASER.OBJ
C:\PROJECTS\GAMES\SWARM-DEFERRED\SRC\GAME\CLIENT\RELEASE_SWARM\C_TE_BEAMPOINTS.OBJ
C:\PROJECTS\GAMES\SWARM-DEFERRED\SRC\GAME\CLIENT\RELEASE_SWARM\C_TE_BEAMRING.OBJ
C:\PROJECTS\GAMES\SWARM-DEFERRED\SRC\GAME\CLIENT\RELEASE_SWARM\C_TE_BEAMRINGPOINT.OBJ
C:\PROJECTS\GAMES\SWARM-DEFERRED\SRC\GAME\CLIENT\RELEASE_SWARM\C_TE_BEAMSPLINE.OBJ
C:\PROJECTS\GAMES\SWARM-DEFERRED\SRC\GAME\CLIENT\RELEASE_SWARM\C_TE_BLOODSPRITE.OBJ
C:\PROJECTS\GAMES\SWARM-DEFERRED\SRC\GAME\CLIENT\RELEASE_SWARM\C_TE_BLOODSTREAM.OBJ
C:\PROJECTS\GAMES\SWARM-DEFERRED\SRC\GAME\CLIENT\RELEASE_SWARM\C_TE_BREAKMODEL.OBJ
C:\PROJECTS\GAMES\SWARM-DEFERRED\SRC\GAME\CLIENT\RELEASE_SWARM\C_TE_BSPDECAL.OBJ
C:\PROJECTS\GAMES\SWARM-DEFERRED\SRC\GAME\CLIENT\RELEASE_SWARM\C_TE_BUBBLES.OBJ
C:\PROJECTS\GAMES\SWARM-DEFERRED\SRC\GAME\CLIENT\RELEASE_SWARM\C_TE_BUBBLETRAIL.OBJ
C:\PROJECTS\GAMES\SWARM-DEFERRED\SRC\GAME\CLIENT\RELEASE_SWARM\C_TE_CLIENTPROJECTILE.OBJ
C:\PROJECTS\GAMES\SWARM-DEFERRED\SRC\GAME\CLIENT\RELEASE_SWARM\C_TE_DECAL.OBJ
C:\PROJECTS\GAMES\SWARM-DEFERRED\SRC\GAME\CLIENT\RELEASE_SWARM\C_TE_DYNAMICLIGHT.OBJ
C:\PROJECTS\GAMES\SWARM-DEFERRED\SRC\GAME\CLIENT\RELEASE_SWARM\C_TE_EFFECT_DISPATCH.OBJ
C:\PROJECTS\GAMES\SWARM-DEFERRED\SRC\GAME\CLIENT\RELEASE_SWARM\C_TE_ENERGYSPLASH.OBJ
C:\PROJECTS\GAMES\SWARM-DEFERRED\SRC\GAME\CLIENT\RELEASE_SWARM\C_TE_EXPLOSION.OBJ
C:\PROJECTS\GAMES\SWARM-DEFERRED\SRC\GAME\CLIENT\RELEASE_SWARM\C_TE_FIZZ.OBJ
C:\PROJECTS\GAMES\SWARM-DEFERRED\SRC\GAME\CLIENT\RELEASE_SWARM\C_TE_FOOTPRINT.OBJ
C:\PROJECTS\GAMES\SWARM-DEFERRED\SRC\GAME\CLIENT\RELEASE_SWARM\C_TE_GLASSSHATTER.OBJ
C:\PROJECTS\GAMES\SWARM-DEFERRED\SRC\GAME\CLIENT\RELEASE_SWARM\C_TE_GLOWSPRITE.OBJ
C:\PROJECTS\GAMES\SWARM-DEFERRED\SRC\GAME\CLIENT\RELEASE_SWARM\C_TE_IMPACT.OBJ
C:\PROJECTS\GAMES\SWARM-DEFERRED\SRC\GAME\CLIENT\RELEASE_SWARM\C_TE_KILLPLAYERATTACHMENTS.OBJ
C:\PROJECTS\GAMES\SWARM-DEFERRED\SRC\GAME\CLIENT\RELEASE_SWARM\C_TE_LARGEFUNNEL.OBJ
C:\PROJECTS\GAMES\SWARM-DEFERRED\SRC\GAME\CLIENT\RELEASE_SWARM\C_TE_LEGACYTEMPENTS.OBJ
C:\PROJECTS\GAMES\SWARM-DEFERRED\SRC\GAME\CLIENT\RELEASE_SWARM\C_TE_MUZZLEFLASH.OBJ
C:\PROJECTS\GAMES\SWARM-DEFERRED\SRC\GAME\CLIENT\RELEASE_SWARM\C_TE_PARTICLESYSTEM.OBJ
C:\PROJECTS\GAMES\SWARM-DEFERRED\SRC\GAME\CLIENT\RELEASE_SWARM\C_TE_PHYSICSPROP.OBJ
C:\PROJECTS\GAMES\SWARM-DEFERRED\SRC\GAME\CLIENT\RELEASE_SWARM\C_TE_PLAYERDECAL.OBJ
C:\PROJECTS\GAMES\SWARM-DEFERRED\SRC\GAME\CLIENT\RELEASE_SWARM\C_TE_PROJECTEDDECAL.OBJ
C:\PROJECTS\GAMES\SWARM-DEFERRED\SRC\GAME\CLIENT\RELEASE_SWARM\C_TE_SHOWLINE.OBJ
C:\PROJECTS\GAMES\SWARM-DEFERRED\SRC\GAME\CLIENT\RELEASE_SWARM\C_TE_SMOKE.OBJ
C:\PROJECTS\GAMES\SWARM-DEFERRED\SRC\GAME\CLIENT\RELEASE_SWARM\C_TE_SPARKS.OBJ
C:\PROJECTS\GAMES\SWARM-DEFERRED\SRC\GAME\CLIENT\RELEASE_SWARM\C_TE_SPRITE.OBJ
C:\PROJECTS\GAMES\SWARM-DEFERRED\SRC\GAME\CLIENT\RELEASE_SWARM\C_TE_SPRITESPRAY.OBJ
C:\PROJECTS\GAMES\SWARM-DEFERRED\SRC\GAME\CLIENT\RELEASE_SWARM\C_TE_WORLDDECAL.OBJ
C:\PROJECTS\GAMES\SWARM-DEFERRED\SRC\GAME\CLIENT\RELEASE_SWARM\C_TEAM.OBJ
C:\PROJECTS\GAMES\SWARM-DEFERRED\SRC\GAME\CLIENT\RELEASE_SWARM\C_TESLA.OBJ
C:\PROJECTS\GAMES\SWARM-DEFERRED\SRC\GAME\CLIENT\RELEASE_SWARM\C_TEST_PROXYTOGGLE.OBJ
C:\PROJECTS\GAMES\SWARM-DEFERRED\SRC\GAME\CLIENT\RELEASE_SWARM\C_TESTTRACELINE.OBJ
C:\PROJECTS\GAMES\SWARM-DEFERRED\SRC\GAME\CLIENT\RELEASE_SWARM\C_TRACER.OBJ
C:\PROJECTS\GAMES\SWARM-DEFERRED\SRC\GAME\CLIENT\RELEASE_SWARM\C_TRIGGERS.OBJ
C:\PROJECTS\GAMES\SWARM-DEFERRED\SRC\GAME\CLIENT\RELEASE_SWARM\C_USER_MESSAGE_REGISTER.OBJ
C:\PROJECTS\GAMES\SWARM-DEFERRED\SRC\GAME\CLIENT\RELEASE_SWARM\C_VEHICLE_CHOREO_GENERIC.OBJ
C:\PROJECTS\GAMES\SWARM-DEFERRED\SRC\GAME\CLIENT\RELEASE_SWARM\C_VEHICLE_JEEP.OBJ
C:\PROJECTS\GAMES\SWARM-DEFERRED\SRC\GAME\CLIENT\RELEASE_SWARM\C_VGUISCREEN.OBJ
C:\PROJECTS\GAMES\SWARM-DEFERRED\SRC\GAME\CLIENT\RELEASE_SWARM\C_WATERBULLET.OBJ
C:\PROJECTS\GAMES\SWARM-DEFERRED\SRC\GAME\CLIENT\RELEASE_SWARM\C_WATERLODCONTROL.OBJ
C:\PROJECTS\GAMES\SWARM-DEFERRED\SRC\GAME\CLIENT\RELEASE_SWARM\C_WORLD.OBJ
C:\PROJECTS\GAMES\SWARM-DEFERRED\SRC\GAME\CLIENT\RELEASE_SWARM\CAMOMATERIALPROXY.OBJ
C:\PROJECTS\GAMES\SWARM-DEFERRED\SRC\GAME\CLIENT\RELEASE_SWARM\CASCADE_T.OBJ
C:\PROJECTS\GAMES\SWARM-DEFERRED\SRC\GAME\CLIENT\RELEASE_SWARM\CDEFERRED_MANAGER_CLIENT.OBJ
C:\PROJECTS\GAMES\SWARM-DEFERRED\SRC\GAME\CLIENT\RELEASE_SWARM\CDEFLIGHT.OBJ
C:\PROJECTS\GAMES\SWARM-DEFERRED\SRC\GAME\CLIENT\RELEASE_SWARM\CDEFLIGHTCONTAINER.OBJ
C:\PROJECTS\GAMES\SWARM-DEFERRED\SRC\GAME\CLIENT\RELEASE_SWARM\CDEFLIGHTGLOBAL.OBJ
C:\PROJECTS\GAMES\SWARM-DEFERRED\SRC\GAME\CLIENT\RELEASE_SWARM\CDLL_BOUNDED_CVARS.OBJ
C:\PROJECTS\GAMES\SWARM-DEFERRED\SRC\GAME\CLIENT\RELEASE_SWARM\CDLL_CLIENT_INT.OBJ
C:\PROJECTS\GAMES\SWARM-DEFERRED\SRC\GAME\CLIENT\RELEASE_SWARM\CDLL_UTIL.OBJ
C:\Projects\Games\swarm-deferred\src\game\client\Release_swarm\CL.1532.read.1.tlog
C:\Projects\Games\swarm-deferred\src\game\client\Release_swarm\CL.1532.write.1.tlog
C:\Projects\Games\swarm-deferred\src\game\client\Release_swarm\CL.1548.read.1.tlog
C:\Projects\Games\swarm-deferred\src\game\client\Release_swarm\CL.1548.write.1.tlog
C:\Projects\Games\swarm-deferred\src\game\client\Release_swarm\CL.204.read.1.tlog
C:\Projects\Games\swarm-deferred\src\game\client\Release_swarm\CL.204.write.1.tlog
C:\Projects\Games\swarm-deferred\src\game\client\Release_swarm\CL.2348.read.1.tlog
C:\Projects\Games\swarm-deferred\src\game\client\Release_swarm\CL.2348.write.1.tlog
C:\Projects\Games\swarm-deferred\src\game\client\Release_swarm\CL.2664.read.1.tlog
C:\Projects\Games\swarm-deferred\src\game\client\Release_swarm\CL.2664.write.1.tlog
C:\Projects\Games\swarm-deferred\src\game\client\Release_swarm\CL.3664.read.1.tlog
C:\Projects\Games\swarm-deferred\src\game\client\Release_swarm\CL.3664.write.1.tlog
C:\Projects\Games\swarm-deferred\src\game\client\Release_swarm\CL.4632.read.1.tlog
C:\Projects\Games\swarm-deferred\src\game\client\Release_swarm\CL.4632.write.1.tlog
C:\Projects\Games\swarm-deferred\src\game\client\Release_swarm\CL.4984.read.1.tlog
C:\Projects\Games\swarm-deferred\src\game\client\Release_swarm\CL.4984.write.1.tlog
C:\Projects\Games\swarm-deferred\src\game\client\Release_swarm\CL.5064.read.1.tlog
C:\Projects\Games\swarm-deferred\src\game\client\Release_swarm\CL.5064.write.1.tlog
C:\Projects\Games\swarm-deferred\src\game\client\Release_swarm\CL.5304.read.1.tlog
C:\Projects\Games\swarm-deferred\src\game\client\Release_swarm\CL.5304.write.1.tlog
C:\Projects\Games\swarm-deferred\src\game\client\Release_swarm\CL.5532.read.1.tlog
C:\Projects\Games\swarm-deferred\src\game\client\Release_swarm\CL.5532.write.1.tlog
C:\Projects\Games\swarm-deferred\src\game\client\Release_swarm\CL.5692.read.1.tlog
C:\Projects\Games\swarm-deferred\src\game\client\Release_swarm\CL.5692.write.1.tlog
C:\Projects\Games\swarm-deferred\src\game\client\Release_swarm\CL.5712.read.1.tlog
C:\Projects\Games\swarm-deferred\src\game\client\Release_swarm\CL.5712.write.1.tlog
C:\Projects\Games\swarm-deferred\src\game\client\Release_swarm\CL.5792.read.1.tlog
C:\Projects\Games\swarm-deferred\src\game\client\Release_swarm\CL.5792.write.1.tlog
C:\Projects\Games\swarm-deferred\src\game\client\Release_swarm\CL.6200.read.1.tlog
C:\Projects\Games\swarm-deferred\src\game\client\Release_swarm\CL.6200.write.1.tlog
C:\Projects\Games\swarm-deferred\src\game\client\Release_swarm\CL.6256.read.1.tlog
C:\Projects\Games\swarm-deferred\src\game\client\Release_swarm\CL.6256.write.1.tlog
C:\Projects\Games\swarm-deferred\src\game\client\Release_swarm\CL.6284.read.1.tlog
C:\Projects\Games\swarm-deferred\src\game\client\Release_swarm\CL.6284.write.1.tlog
C:\Projects\Games\swarm-deferred\src\game\client\Release_swarm\CL.6416.read.1.tlog
C:\Projects\Games\swarm-deferred\src\game\client\Release_swarm\CL.6416.write.1.tlog
C:\Projects\Games\swarm-deferred\src\game\client\Release_swarm\CL.6444.read.1.tlog
C:\Projects\Games\swarm-deferred\src\game\client\Release_swarm\CL.6444.write.1.tlog
C:\Projects\Games\swarm-deferred\src\game\client\Release_swarm\CL.6508.read.1.tlog
C:\Projects\Games\swarm-deferred\src\game\client\Release_swarm\CL.6508.write.1.tlog
C:\Projects\Games\swarm-deferred\src\game\client\Release_swarm\CL.6808.read.1.tlog
C:\Projects\Games\swarm-deferred\src\game\client\Release_swarm\CL.6808.write.1.tlog
C:\Projects\Games\swarm-deferred\src\game\client\Release_swarm\CL.6868.read.1.tlog
C:\Projects\Games\swarm-deferred\src\game\client\Release_swarm\CL.6868.write.1.tlog
C:\Projects\Games\swarm-deferred\src\game\client\Release_swarm\CL.6904.read.1.tlog
C:\Projects\Games\swarm-deferred\src\game\client\Release_swarm\CL.6904.write.1.tlog
C:\Projects\Games\swarm-deferred\src\game\client\Release_swarm\CL.7112.read.1.tlog
C:\Projects\Games\swarm-deferred\src\game\client\Release_swarm\CL.7112.write.1.tlog
C:\Projects\Games\swarm-deferred\src\game\client\Release_swarm\cl.command.1.tlog
C:\Projects\Games\swarm-deferred\src\game\client\Release_swarm\CL.read.1.tlog
C:\Projects\Games\swarm-deferred\src\game\client\Release_swarm\CL.write.1.tlog
C:\PROJECTS\GAMES\SWARM-DEFERRED\SRC\GAME\CLIENT\RELEASE_SWARM\CL_MAT_STUB.OBJ
C:\PROJECTS\GAMES\SWARM-DEFERRED\SRC\GAME\CLIENT\RELEASE_SWARM\CLASSMAP.OBJ
C:\PROJECTS\GAMES\SWARM-DEFERRED\SRC\GAME\CLIENT\RELEASE_SWARM\CLIENT.DLL
C:\Projects\Games\swarm-deferred\src\game\client\Release_swarm\client.exp
C:\Projects\Games\swarm-deferred\src\game\client\Release_swarm\client.lib
C:\PROJECTS\GAMES\SWARM-DEFERRED\SRC\GAME\CLIENT\RELEASE_SWARM\CLIENT.PCH
C:\PROJECTS\GAMES\SWARM-DEFERRED\SRC\GAME\CLIENT\RELEASE_SWARM\CLIENT.PDB
C:\Projects\Games\swarm-deferred\src\game\client\Release_swarm\client.write.1.tlog
C:\PROJECTS\GAMES\SWARM-DEFERRED\SRC\GAME\CLIENT\RELEASE_SWARM\CLIENT_CLASS.OBJ
C:\PROJECTS\GAMES\SWARM-DEFERRED\SRC\GAME\CLIENT\RELEASE_SWARM\CLIENT_FACTORYLIST.OBJ
C:\PROJECTS\GAMES\SWARM-DEFERRED\SRC\GAME\CLIENT\RELEASE_SWARM\CLIENT_THINKLIST.OBJ
C:\PROJECTS\GAMES\SWARM-DEFERRED\SRC\GAME\CLIENT\RELEASE_SWARM\CLIENTALPHAPROPERTY.OBJ
C:\PROJECTS\GAMES\SWARM-DEFERRED\SRC\GAME\CLIENT\RELEASE_SWARM\CLIENTENTITYLIST.OBJ
C:\PROJECTS\GAMES\SWARM-DEFERRED\SRC\GAME\CLIENT\RELEASE_SWARM\CLIENTLEAFSYSTEM.OBJ
C:\PROJECTS\GAMES\SWARM-DEFERRED\SRC\GAME\CLIENT\RELEASE_SWARM\CLIENTMODE_SDK.OBJ
C:\PROJECTS\GAMES\SWARM-DEFERRED\SRC\GAME\CLIENT\RELEASE_SWARM\CLIENTMODE_SHARED.OBJ
C:\PROJECTS\GAMES\SWARM-DEFERRED\SRC\GAME\CLIENT\RELEASE_SWARM\CLIENTSCOREBOARDDIALOG.OBJ
C:\PROJECTS\GAMES\SWARM-DEFERRED\SRC\GAME\CLIENT\RELEASE_SWARM\CLIENTSHADOWMGR.OBJ
C:\PROJECTS\GAMES\SWARM-DEFERRED\SRC\GAME\CLIENT\RELEASE_SWARM\CLIENTSIDEEFFECTS.OBJ
C:\PROJECTS\GAMES\SWARM-DEFERRED\SRC\GAME\CLIENT\RELEASE_SWARM\CLIENTSIDEEFFECTS_TEST.OBJ
C:\PROJECTS\GAMES\SWARM-DEFERRED\SRC\GAME\CLIENT\RELEASE_SWARM\CLIGHT_EDITOR.OBJ
C:\PROJECTS\GAMES\SWARM-DEFERRED\SRC\GAME\CLIENT\RELEASE_SWARM\CLIGHT_MANAGER.OBJ
C:\PROJECTS\GAMES\SWARM-DEFERRED\SRC\GAME\CLIENT\RELEASE_SWARM\CLOSEDCAPTIONS.OBJ
C:\PROJECTS\GAMES\SWARM-DEFERRED\SRC\GAME\CLIENT\RELEASE_SWARM\COLLISIONPROPERTY.OBJ
C:\PROJECTS\GAMES\SWARM-DEFERRED\SRC\GAME\CLIENT\RELEASE_SWARM\COLLISIONUTILS.OBJ
C:\PROJECTS\GAMES\SWARM-DEFERRED\SRC\GAME\CLIENT\RELEASE_SWARM\COLORCORRECTIONMGR.OBJ
C:\PROJECTS\GAMES\SWARM-DEFERRED\SRC\GAME\CLIENT\RELEASE_SWARM\COMMANDCHECKBUTTON.OBJ
C:\PROJECTS\GAMES\SWARM-DEFERRED\SRC\GAME\CLIENT\RELEASE_SWARM\COMMANDMENU.OBJ
C:\PROJECTS\GAMES\SWARM-DEFERRED\SRC\GAME\CLIENT\RELEASE_SWARM\COMMENTARY_MODELVIEWER.OBJ
C:\PROJECTS\GAMES\SWARM-DEFERRED\SRC\GAME\CLIENT\RELEASE_SWARM\COMPILEDCAPTIONSWAP.OBJ
C:\PROJECTS\GAMES\SWARM-DEFERRED\SRC\GAME\CLIENT\RELEASE_SWARM\CONTENTCONTROLDIALOG.OBJ
C:\PROJECTS\GAMES\SWARM-DEFERRED\SRC\GAME\CLIENT\RELEASE_SWARM\CONVARPROXY.OBJ
C:\PROJECTS\GAMES\SWARM-DEFERRED\SRC\GAME\CLIENT\RELEASE_SWARM\CREATEMULTIPLAYERGAMEBOTPAGE.OBJ
C:\PROJECTS\GAMES\SWARM-DEFERRED\SRC\GAME\CLIENT\RELEASE_SWARM\CREATEMULTIPLAYERGAMEDIALOG.OBJ
C:\PROJECTS\GAMES\SWARM-DEFERRED\SRC\GAME\CLIENT\RELEASE_SWARM\CREATEMULTIPLAYERGAMEGAMEPLAYPAGE.OBJ
C:\PROJECTS\GAMES\SWARM-DEFERRED\SRC\GAME\CLIENT\RELEASE_SWARM\CREATEMULTIPLAYERGAMESERVERPAGE.OBJ
C:\PROJECTS\GAMES\SWARM-DEFERRED\SRC\GAME\CLIENT\RELEASE_SWARM\CRTMEMDEBUG.OBJ
C:\PROJECTS\GAMES\SWARM-DEFERRED\SRC\GAME\CLIENT\RELEASE_SWARM\CUSTOMTABEXPLANATIONDIALOG.OBJ
C:\PROJECTS\GAMES\SWARM-DEFERRED\SRC\GAME\CLIENT\RELEASE_SWARM\CVARNEGATECHECKBUTTON.OBJ
C:\PROJECTS\GAMES\SWARM-DEFERRED\SRC\GAME\CLIENT\RELEASE_SWARM\CVARSLIDER.OBJ
C:\PROJECTS\GAMES\SWARM-DEFERRED\SRC\GAME\CLIENT\RELEASE_SWARM\CVARTEXTENTRY.OBJ
C:\PROJECTS\GAMES\SWARM-DEFERRED\SRC\GAME\CLIENT\RELEASE_SWARM\CVARTOGGLECHECKBUTTON.OBJ
C:\PROJECTS\GAMES\SWARM-DEFERRED\SRC\GAME\CLIENT\RELEASE_SWARM\CYCLEPROXY.OBJ
C:\PROJECTS\GAMES\SWARM-DEFERRED\SRC\GAME\CLIENT\RELEASE_SWARM\DEATH_POSE.OBJ
C:\PROJECTS\GAMES\SWARM-DEFERRED\SRC\GAME\CLIENT\RELEASE_SWARM\DEBUG_DLL_CHECK.OBJ
C:\PROJECTS\GAMES\SWARM-DEFERRED\SRC\GAME\CLIENT\RELEASE_SWARM\DEBUGOVERLAY_SHARED.OBJ
C:\PROJECTS\GAMES\SWARM-DEFERRED\SRC\GAME\CLIENT\RELEASE_SWARM\DECALS.OBJ
C:\PROJECTS\GAMES\SWARM-DEFERRED\SRC\GAME\CLIENT\RELEASE_SWARM\DEF_LIGHT_T.OBJ
C:\PROJECTS\GAMES\SWARM-DEFERRED\SRC\GAME\CLIENT\RELEASE_SWARM\DEFCOOKIEPROJECTABLE.OBJ
C:\PROJECTS\GAMES\SWARM-DEFERRED\SRC\GAME\CLIENT\RELEASE_SWARM\DEFCOOKIETEXTURE.OBJ
C:\PROJECTS\GAMES\SWARM-DEFERRED\SRC\GAME\CLIENT\RELEASE_SWARM\DEFERRED_CLIENT_COMMON.OBJ
C:\PROJECTS\GAMES\SWARM-DEFERRED\SRC\GAME\CLIENT\RELEASE_SWARM\DEFERRED_RT.OBJ
C:\PROJECTS\GAMES\SWARM-DEFERRED\SRC\GAME\CLIENT\RELEASE_SWARM\DEFERRED_SHARED_COMMON.OBJ
C:\PROJECTS\GAMES\SWARM-DEFERRED\SRC\GAME\CLIENT\RELEASE_SWARM\DETAILOBJECTSYSTEM.OBJ
C:\PROJECTS\GAMES\SWARM-DEFERRED\SRC\GAME\CLIENT\RELEASE_SWARM\DT_RECV.OBJ
C:\PROJECTS\GAMES\SWARM-DEFERRED\SRC\GAME\CLIENT\RELEASE_SWARM\DT_UTLVECTOR_COMMON.OBJ
C:\PROJECTS\GAMES\SWARM-DEFERRED\SRC\GAME\CLIENT\RELEASE_SWARM\DT_UTLVECTOR_RECV.OBJ
C:\PROJECTS\GAMES\SWARM-DEFERRED\SRC\GAME\CLIENT\RELEASE_SWARM\DUMMYPROXY.OBJ
C:\PROJECTS\GAMES\SWARM-DEFERRED\SRC\GAME\CLIENT\RELEASE_SWARM\EFFECT_DISPATCH_DATA.OBJ
C:\PROJECTS\GAMES\SWARM-DEFERRED\SRC\GAME\CLIENT\RELEASE_SWARM\EFFECTSCLIENT.OBJ
C:\PROJECTS\GAMES\SWARM-DEFERRED\SRC\GAME\CLIENT\RELEASE_SWARM\EHANDLE.OBJ
C:\PROJECTS\GAMES\SWARM-DEFERRED\SRC\GAME\CLIENT\RELEASE_SWARM\ENTITY_CLIENT_TOOLS.OBJ
C:\PROJECTS\GAMES\SWARM-DEFERRED\SRC\GAME\CLIENT\RELEASE_SWARM\ENTITYLIST_BASE.OBJ
C:\PROJECTS\GAMES\SWARM-DEFERRED\SRC\GAME\CLIENT\RELEASE_SWARM\ENTITYORIGINMATERIALPROXY.OBJ
C:\PROJECTS\GAMES\SWARM-DEFERRED\SRC\GAME\CLIENT\RELEASE_SWARM\ENTITYPARTICLETRAIL_SHARED.OBJ
C:\PROJECTS\GAMES\SWARM-DEFERRED\SRC\GAME\CLIENT\RELEASE_SWARM\ENV_DETAIL_CONTROLLER.OBJ
C:\PROJECTS\GAMES\SWARM-DEFERRED\SRC\GAME\CLIENT\RELEASE_SWARM\ENV_WIND_SHARED.OBJ
C:\PROJECTS\GAMES\SWARM-DEFERRED\SRC\GAME\CLIENT\RELEASE_SWARM\EVENTLIST.OBJ
C:\PROJECTS\GAMES\SWARM-DEFERRED\SRC\GAME\CLIENT\RELEASE_SWARM\FILESYSTEM_HELPERS.OBJ
C:\PROJECTS\GAMES\SWARM-DEFERRED\SRC\GAME\CLIENT\RELEASE_SWARM\FLASHLIGHTEFFECT.OBJ
C:\PROJECTS\GAMES\SWARM-DEFERRED\SRC\GAME\CLIENT\RELEASE_SWARM\FLASHLIGHTEFFECT_DEFERRED.OBJ
C:\PROJECTS\GAMES\SWARM-DEFERRED\SRC\GAME\CLIENT\RELEASE_SWARM\FOUNDRYHELPERS_CLIENT.OBJ
C:\PROJECTS\GAMES\SWARM-DEFERRED\SRC\GAME\CLIENT\RELEASE_SWARM\FUNC_LADDER.OBJ
C:\PROJECTS\GAMES\SWARM-DEFERRED\SRC\GAME\CLIENT\RELEASE_SWARM\FUNCTIONPROXY.OBJ
C:\PROJECTS\GAMES\SWARM-DEFERRED\SRC\GAME\CLIENT\RELEASE_SWARM\FX.OBJ
C:\PROJECTS\GAMES\SWARM-DEFERRED\SRC\GAME\CLIENT\RELEASE_SWARM\FX_BLOOD.OBJ
C:\PROJECTS\GAMES\SWARM-DEFERRED\SRC\GAME\CLIENT\RELEASE_SWARM\FX_CUBE.OBJ
C:\PROJECTS\GAMES\SWARM-DEFERRED\SRC\GAME\CLIENT\RELEASE_SWARM\FX_DISCREETLINE.OBJ
C:\PROJECTS\GAMES\SWARM-DEFERRED\SRC\GAME\CLIENT\RELEASE_SWARM\FX_ENVELOPE.OBJ
C:\PROJECTS\GAMES\SWARM-DEFERRED\SRC\GAME\CLIENT\RELEASE_SWARM\FX_EXPLOSION.OBJ
C:\PROJECTS\GAMES\SWARM-DEFERRED\SRC\GAME\CLIENT\RELEASE_SWARM\FX_FLECK.OBJ
C:\PROJECTS\GAMES\SWARM-DEFERRED\SRC\GAME\CLIENT\RELEASE_SWARM\FX_IMPACT.OBJ
C:\PROJECTS\GAMES\SWARM-DEFERRED\SRC\GAME\CLIENT\RELEASE_SWARM\FX_INTERPVALUE.OBJ
C:\PROJECTS\GAMES\SWARM-DEFERRED\SRC\GAME\CLIENT\RELEASE_SWARM\FX_LINE.OBJ
C:\PROJECTS\GAMES\SWARM-DEFERRED\SRC\GAME\CLIENT\RELEASE_SWARM\FX_QUAD.OBJ
C:\PROJECTS\GAMES\SWARM-DEFERRED\SRC\GAME\CLIENT\RELEASE_SWARM\FX_SHELLEJECT.OBJ
C:\PROJECTS\GAMES\SWARM-DEFERRED\SRC\GAME\CLIENT\RELEASE_SWARM\FX_SPARKS.OBJ
C:\PROJECTS\GAMES\SWARM-DEFERRED\SRC\GAME\CLIENT\RELEASE_SWARM\FX_STATICLINE.OBJ
C:\PROJECTS\GAMES\SWARM-DEFERRED\SRC\GAME\CLIENT\RELEASE_SWARM\FX_TRACER.OBJ
C:\PROJECTS\GAMES\SWARM-DEFERRED\SRC\GAME\CLIENT\RELEASE_SWARM\FX_TRAIL.OBJ
C:\PROJECTS\GAMES\SWARM-DEFERRED\SRC\GAME\CLIENT\RELEASE_SWARM\FX_WATER.OBJ
C:\PROJECTS\GAMES\SWARM-DEFERRED\SRC\GAME\CLIENT\RELEASE_SWARM\GAME_TIMESCALE_SHARED.OBJ
C:\PROJECTS\GAMES\SWARM-DEFERRED\SRC\GAME\CLIENT\RELEASE_SWARM\GAMECONSOLE.OBJ
C:\PROJECTS\GAMES\SWARM-DEFERRED\SRC\GAME\CLIENT\RELEASE_SWARM\GAMECONSOLEDIALOG.OBJ
C:\PROJECTS\GAMES\SWARM-DEFERRED\SRC\GAME\CLIENT\RELEASE_SWARM\GAMEMODES.OBJ
C:\PROJECTS\GAMES\SWARM-DEFERRED\SRC\GAME\CLIENT\RELEASE_SWARM\GAMEMOVEMENT.OBJ
C:\PROJECTS\GAMES\SWARM-DEFERRED\SRC\GAME\CLIENT\RELEASE_SWARM\GAMERULES.OBJ
C:\PROJECTS\GAMES\SWARM-DEFERRED\SRC\GAME\CLIENT\RELEASE_SWARM\GAMERULES_REGISTER.OBJ
C:\PROJECTS\GAMES\SWARM-DEFERRED\SRC\GAME\CLIENT\RELEASE_SWARM\GAMESTATS.OBJ
C:\PROJECTS\GAMES\SWARM-DEFERRED\SRC\GAME\CLIENT\RELEASE_SWARM\GAMESTRINGPOOL.OBJ
C:\PROJECTS\GAMES\SWARM-DEFERRED\SRC\GAME\CLIENT\RELEASE_SWARM\GAMETRACE_CLIENT.OBJ
C:\PROJECTS\GAMES\SWARM-DEFERRED\SRC\GAME\CLIENT\RELEASE_SWARM\GAMEUI_INTERFACE.OBJ
C:\PROJECTS\GAMES\SWARM-DEFERRED\SRC\GAME\CLIENT\RELEASE_SWARM\GAMEUI_UTIL.OBJ
C:\PROJECTS\GAMES\SWARM-DEFERRED\SRC\GAME\CLIENT\RELEASE_SWARM\GAMEVARS_SHARED.OBJ
C:\PROJECTS\GAMES\SWARM-DEFERRED\SRC\GAME\CLIENT\RELEASE_SWARM\GLOW_OUTLINE_EFFECT.OBJ
C:\PROJECTS\GAMES\SWARM-DEFERRED\SRC\GAME\CLIENT\RELEASE_SWARM\GLOW_OVERLAY.OBJ
C:\PROJECTS\GAMES\SWARM-DEFERRED\SRC\GAME\CLIENT\RELEASE_SWARM\HINTMESSAGE.OBJ
C:\PROJECTS\GAMES\SWARM-DEFERRED\SRC\GAME\CLIENT\RELEASE_SWARM\HINTSYSTEM.OBJ
C:\PROJECTS\GAMES\SWARM-DEFERRED\SRC\GAME\CLIENT\RELEASE_SWARM\HISTORY_RESOURCE.OBJ
C:\PROJECTS\GAMES\SWARM-DEFERRED\SRC\GAME\CLIENT\RELEASE_SWARM\HLTVCAMERA.OBJ
C:\PROJECTS\GAMES\SWARM-DEFERRED\SRC\GAME\CLIENT\RELEASE_SWARM\HUD.OBJ
C:\PROJECTS\GAMES\SWARM-DEFERRED\SRC\GAME\CLIENT\RELEASE_SWARM\HUD_BASECHAT.OBJ
C:\PROJECTS\GAMES\SWARM-DEFERRED\SRC\GAME\CLIENT\RELEASE_SWARM\HUD_BASETIMER.OBJ
C:\PROJECTS\GAMES\SWARM-DEFERRED\SRC\GAME\CLIENT\RELEASE_SWARM\HUD_BITMAPNUMERICDISPLAY.OBJ
C:\PROJECTS\GAMES\SWARM-DEFERRED\SRC\GAME\CLIENT\RELEASE_SWARM\HUD_CLOSECAPTION.OBJ
C:\PROJECTS\GAMES\SWARM-DEFERRED\SRC\GAME\CLIENT\RELEASE_SWARM\HUD_CROSSHAIR.OBJ
C:\PROJECTS\GAMES\SWARM-DEFERRED\SRC\GAME\CLIENT\RELEASE_SWARM\HUD_ELEMENT_HELPER.OBJ
C:\PROJECTS\GAMES\SWARM-DEFERRED\SRC\GAME\CLIENT\RELEASE_SWARM\HUD_LCD.OBJ
C:\PROJECTS\GAMES\SWARM-DEFERRED\SRC\GAME\CLIENT\RELEASE_SWARM\HUD_LOCATOR_TARGET.OBJ
C:\PROJECTS\GAMES\SWARM-DEFERRED\SRC\GAME\CLIENT\RELEASE_SWARM\HUD_MSG.OBJ
C:\PROJECTS\GAMES\SWARM-DEFERRED\SRC\GAME\CLIENT\RELEASE_SWARM\HUD_NUMERICDISPLAY.OBJ
C:\PROJECTS\GAMES\SWARM-DEFERRED\SRC\GAME\CLIENT\RELEASE_SWARM\HUD_PDUMP.OBJ
C:\PROJECTS\GAMES\SWARM-DEFERRED\SRC\GAME\CLIENT\RELEASE_SWARM\HUD_REDRAW.OBJ
C:\PROJECTS\GAMES\SWARM-DEFERRED\SRC\GAME\CLIENT\RELEASE_SWARM\HUD_WEAPON.OBJ
C:\PROJECTS\GAMES\SWARM-DEFERRED\SRC\GAME\CLIENT\RELEASE_SWARM\ICONPANEL.OBJ
C:\PROJECTS\GAMES\SWARM-DEFERRED\SRC\GAME\CLIENT\RELEASE_SWARM\IDEFERREDEXTCLIENT.OBJ
C:\PROJECTS\GAMES\SWARM-DEFERRED\SRC\GAME\CLIENT\RELEASE_SWARM\IGAMESYSTEM.OBJ
C:\PROJECTS\GAMES\SWARM-DEFERRED\SRC\GAME\CLIENT\RELEASE_SWARM\IN_CAMERA.OBJ
C:\PROJECTS\GAMES\SWARM-DEFERRED\SRC\GAME\CLIENT\RELEASE_SWARM\IN_JOYSTICK.OBJ
C:\PROJECTS\GAMES\SWARM-DEFERRED\SRC\GAME\CLIENT\RELEASE_SWARM\IN_MAIN.OBJ
C:\PROJECTS\GAMES\SWARM-DEFERRED\SRC\GAME\CLIENT\RELEASE_SWARM\IN_MOUSE.OBJ
C:\PROJECTS\GAMES\SWARM-DEFERRED\SRC\GAME\CLIENT\RELEASE_SWARM\IN_TRACKIR.OBJ
C:\PROJECTS\GAMES\SWARM-DEFERRED\SRC\GAME\CLIENT\RELEASE_SWARM\INITIALIZER.OBJ
C:\PROJECTS\GAMES\SWARM-DEFERRED\SRC\GAME\CLIENT\RELEASE_SWARM\INTERPOLATEDVAR.OBJ
C:\PROJECTS\GAMES\SWARM-DEFERRED\SRC\GAME\CLIENT\RELEASE_SWARM\INTERPOLATORTYPES.OBJ
C:\PROJECTS\GAMES\SWARM-DEFERRED\SRC\GAME\CLIENT\RELEASE_SWARM\INTROMENU.OBJ
C:\PROJECTS\GAMES\SWARM-DEFERRED\SRC\GAME\CLIENT\RELEASE_SWARM\ISNPCPROXY.OBJ
C:\PROJECTS\GAMES\SWARM-DEFERRED\SRC\GAME\CLIENT\RELEASE_SWARM\JIGGLEBONES.OBJ
C:\PROJECTS\GAMES\SWARM-DEFERRED\SRC\GAME\CLIENT\RELEASE_SWARM\KEYTOGGLECHECKBUTTON.OBJ
C:\PROJECTS\GAMES\SWARM-DEFERRED\SRC\GAME\CLIENT\RELEASE_SWARM\LABELEDCOMMANDCOMBOBOX.OBJ
C:\PROJECTS\GAMES\SWARM-DEFERRED\SRC\GAME\CLIENT\RELEASE_SWARM\LAMPBEAMPROXY.OBJ
C:\PROJECTS\GAMES\SWARM-DEFERRED\SRC\GAME\CLIENT\RELEASE_SWARM\LAMPHALOPROXY.OBJ
C:\PROJECTS\GAMES\SWARM-DEFERRED\SRC\GAME\CLIENT\RELEASE_SWARM\LANGUAGE.OBJ
C:\Projects\Games\swarm-deferred\src\game\client\Release_swarm\link.command.1.tlog
C:\Projects\Games\swarm-deferred\src\game\client\Release_swarm\link.read.1.tlog
C:\Projects\Games\swarm-deferred\src\game\client\Release_swarm\link.write.1.tlog
C:\PROJECTS\GAMES\SWARM-DEFERRED\SRC\GAME\CLIENT\RELEASE_SWARM\LOADINGDIALOG.OBJ
C:\PROJECTS\GAMES\SWARM-DEFERRED\SRC\GAME\CLIENT\RELEASE_SWARM\LOADINGTIPPANEL.OBJ
C:\PROJECTS\GAMES\SWARM-DEFERRED\SRC\GAME\CLIENT\RELEASE_SWARM\LOGOFILE.OBJ
C:\PROJECTS\GAMES\SWARM-DEFERRED\SRC\GAME\CLIENT\RELEASE_SWARM\MAPENTITIES_SHARED.OBJ
C:\PROJECTS\GAMES\SWARM-DEFERRED\SRC\GAME\CLIENT\RELEASE_SWARM\MAPOVERVIEW.OBJ
C:\PROJECTS\GAMES\SWARM-DEFERRED\SRC\GAME\CLIENT\RELEASE_SWARM\MATERIALPROXYDICT.OBJ
C:\PROJECTS\GAMES\SWARM-DEFERRED\SRC\GAME\CLIENT\RELEASE_SWARM\MATERIALSYSTEM_PASSTHRU.OBJ
C:\PROJECTS\GAMES\SWARM-DEFERRED\SRC\GAME\CLIENT\RELEASE_SWARM\MATHPROXY.OBJ
C:\PROJECTS\GAMES\SWARM-DEFERRED\SRC\GAME\CLIENT\RELEASE_SWARM\MATRIXPROXY.OBJ
C:\PROJECTS\GAMES\SWARM-DEFERRED\SRC\GAME\CLIENT\RELEASE_SWARM\MEMOVERRIDE.OBJ
C:\PROJECTS\GAMES\SWARM-DEFERRED\SRC\GAME\CLIENT\RELEASE_SWARM\MENU.OBJ
C:\PROJECTS\GAMES\SWARM-DEFERRED\SRC\GAME\CLIENT\RELEASE_SWARM\MESSAGE.OBJ
C:\PROJECTS\GAMES\SWARM-DEFERRED\SRC\GAME\CLIENT\RELEASE_SWARM\MODELRENDERSYSTEM.OBJ
C:\PROJECTS\GAMES\SWARM-DEFERRED\SRC\GAME\CLIENT\RELEASE_SWARM\MODINFO.OBJ
C:\PROJECTS\GAMES\SWARM-DEFERRED\SRC\GAME\CLIENT\RELEASE_SWARM\MOUSEMESSAGEFORWARDINGPANEL.OBJ
C:\PROJECTS\GAMES\SWARM-DEFERRED\SRC\GAME\CLIENT\RELEASE_SWARM\MOVEHELPER_CLIENT.OBJ
C:\PROJECTS\GAMES\SWARM-DEFERRED\SRC\GAME\CLIENT\RELEASE_SWARM\MOVEVARS_SHARED.OBJ
C:\PROJECTS\GAMES\SWARM-DEFERRED\SRC\GAME\CLIENT\RELEASE_SWARM\MP_SHAREDDEFS.OBJ
C:\PROJECTS\GAMES\SWARM-DEFERRED\SRC\GAME\CLIENT\RELEASE_SWARM\MP3PLAYER.OBJ
C:\PROJECTS\GAMES\SWARM-DEFERRED\SRC\GAME\CLIENT\RELEASE_SWARM\MULTIPLAY_GAMERULES.OBJ
C:\PROJECTS\GAMES\SWARM-DEFERRED\SRC\GAME\CLIENT\RELEASE_SWARM\MULTIPLAYERADVANCEDDIALOG.OBJ
C:\PROJECTS\GAMES\SWARM-DEFERRED\SRC\GAME\CLIENT\RELEASE_SWARM\NAVPROGRESS.OBJ
C:\PROJECTS\GAMES\SWARM-DEFERRED\SRC\GAME\CLIENT\RELEASE_SWARM\NB_BUTTON.OBJ
C:\PROJECTS\GAMES\SWARM-DEFERRED\SRC\GAME\CLIENT\RELEASE_SWARM\NB_HEADER_FOOTER.OBJ
C:\PROJECTS\GAMES\SWARM-DEFERRED\SRC\GAME\CLIENT\RELEASE_SWARM\NB_HORIZ_LIST.OBJ
C:\PROJECTS\GAMES\SWARM-DEFERRED\SRC\GAME\CLIENT\RELEASE_SWARM\NB_SELECT_LEVEL_ENTRY.OBJ
C:\PROJECTS\GAMES\SWARM-DEFERRED\SRC\GAME\CLIENT\RELEASE_SWARM\NB_SELECT_LEVEL_PANEL.OBJ
C:\PROJECTS\GAMES\SWARM-DEFERRED\SRC\GAME\CLIENT\RELEASE_SWARM\NETWORKVAR.OBJ
C:\PROJECTS\GAMES\SWARM-DEFERRED\SRC\GAME\CLIENT\RELEASE_SWARM\OBJECT_MOTION_BLUR_EFFECT.OBJ
C:\PROJECTS\GAMES\SWARM-DEFERRED\SRC\GAME\CLIENT\RELEASE_SWARM\OBSTACLE_PUSHAWAY.OBJ
C:\PROJECTS\GAMES\SWARM-DEFERRED\SRC\GAME\CLIENT\RELEASE_SWARM\OPTIONSDIALOG.OBJ
C:\PROJECTS\GAMES\SWARM-DEFERRED\SRC\GAME\CLIENT\RELEASE_SWARM\OPTIONSSUBAUDIO.OBJ
C:\PROJECTS\GAMES\SWARM-DEFERRED\SRC\GAME\CLIENT\RELEASE_SWARM\OPTIONSSUBDIFFICULTY.OBJ
C:\PROJECTS\GAMES\SWARM-DEFERRED\SRC\GAME\CLIENT\RELEASE_SWARM\OPTIONSSUBGAME.OBJ
C:\PROJECTS\GAMES\SWARM-DEFERRED\SRC\GAME\CLIENT\RELEASE_SWARM\OPTIONSSUBKEYBOARD.OBJ
C:\PROJECTS\GAMES\SWARM-DEFERRED\SRC\GAME\CLIENT\RELEASE_SWARM\OPTIONSSUBMOUSE.OBJ
C:\PROJECTS\GAMES\SWARM-DEFERRED\SRC\GAME\CLIENT\RELEASE_SWARM\OPTIONSSUBMULTIPLAYER.OBJ
C:\PROJECTS\GAMES\SWARM-DEFERRED\SRC\GAME\CLIENT\RELEASE_SWARM\OPTIONSSUBPORTAL.OBJ
C:\PROJECTS\GAMES\SWARM-DEFERRED\SRC\GAME\CLIENT\RELEASE_SWARM\OPTIONSSUBVIDEO.OBJ
C:\PROJECTS\GAMES\SWARM-DEFERRED\SRC\GAME\CLIENT\RELEASE_SWARM\OPTIONSSUBVOICE.OBJ
C:\PROJECTS\GAMES\SWARM-DEFERRED\SRC\GAME\CLIENT\RELEASE_SWARM\PANELLISTPANEL.OBJ
C:\PROJECTS\GAMES\SWARM-DEFERRED\SRC\GAME\CLIENT\RELEASE_SWARM\PANELMETACLASSMGR.OBJ
C:\PROJECTS\GAMES\SWARM-DEFERRED\SRC\GAME\CLIENT\RELEASE_SWARM\PARTICLE_COLLISION.OBJ
C:\PROJECTS\GAMES\SWARM-DEFERRED\SRC\GAME\CLIENT\RELEASE_SWARM\PARTICLE_LITSMOKEEMITTER.OBJ
C:\PROJECTS\GAMES\SWARM-DEFERRED\SRC\GAME\CLIENT\RELEASE_SWARM\PARTICLE_PARSE.OBJ
C:\PROJECTS\GAMES\SWARM-DEFERRED\SRC\GAME\CLIENT\RELEASE_SWARM\PARTICLE_PROPERTY.OBJ
C:\PROJECTS\GAMES\SWARM-DEFERRED\SRC\GAME\CLIENT\RELEASE_SWARM\PARTICLE_PROXIES.OBJ
C:\PROJECTS\GAMES\SWARM-DEFERRED\SRC\GAME\CLIENT\RELEASE_SWARM\PARTICLE_SIMPLE3D.OBJ
C:\PROJECTS\GAMES\SWARM-DEFERRED\SRC\GAME\CLIENT\RELEASE_SWARM\PARTICLEMGR.OBJ
C:\PROJECTS\GAMES\SWARM-DEFERRED\SRC\GAME\CLIENT\RELEASE_SWARM\PARTICLES_ATTRACTOR.OBJ
C:\PROJECTS\GAMES\SWARM-DEFERRED\SRC\GAME\CLIENT\RELEASE_SWARM\PARTICLES_EZ.OBJ
C:\PROJECTS\GAMES\SWARM-DEFERRED\SRC\GAME\CLIENT\RELEASE_SWARM\PARTICLES_LOCALSPACE.OBJ
C:\PROJECTS\GAMES\SWARM-DEFERRED\SRC\GAME\CLIENT\RELEASE_SWARM\PARTICLES_NEW.OBJ
C:\PROJECTS\GAMES\SWARM-DEFERRED\SRC\GAME\CLIENT\RELEASE_SWARM\PARTICLES_SIMPLE.OBJ
C:\PROJECTS\GAMES\SWARM-DEFERRED\SRC\GAME\CLIENT\RELEASE_SWARM\PARTICLESPHERERENDERER.OBJ
C:\PROJECTS\GAMES\SWARM-DEFERRED\SRC\GAME\CLIENT\RELEASE_SWARM\PARTICLESYSTEMQUERY.OBJ
C:\PROJECTS\GAMES\SWARM-DEFERRED\SRC\GAME\CLIENT\RELEASE_SWARM\PERFVISUALBENCHMARK.OBJ
C:\PROJECTS\GAMES\SWARM-DEFERRED\SRC\GAME\CLIENT\RELEASE_SWARM\PHONEMECONVERTER.OBJ
C:\PROJECTS\GAMES\SWARM-DEFERRED\SRC\GAME\CLIENT\RELEASE_SWARM\PHYSICS.OBJ
C:\PROJECTS\GAMES\SWARM-DEFERRED\SRC\GAME\CLIENT\RELEASE_SWARM\PHYSICS_MAIN_CLIENT.OBJ
C:\PROJECTS\GAMES\SWARM-DEFERRED\SRC\GAME\CLIENT\RELEASE_SWARM\PHYSICS_MAIN_SHARED.OBJ
C:\PROJECTS\GAMES\SWARM-DEFERRED\SRC\GAME\CLIENT\RELEASE_SWARM\PHYSICS_SAVERESTORE.OBJ
C:\PROJECTS\GAMES\SWARM-DEFERRED\SRC\GAME\CLIENT\RELEASE_SWARM\PHYSICS_SHARED.OBJ
C:\PROJECTS\GAMES\SWARM-DEFERRED\SRC\GAME\CLIENT\RELEASE_SWARM\PHYSPROPCLIENTSIDE.OBJ
C:\PROJECTS\GAMES\SWARM-DEFERRED\SRC\GAME\CLIENT\RELEASE_SWARM\PLAYERANDOBJECTENUMERATOR.OBJ
C:\PROJECTS\GAMES\SWARM-DEFERRED\SRC\GAME\CLIENT\RELEASE_SWARM\PLAYERLISTDIALOG.OBJ
C:\PROJECTS\GAMES\SWARM-DEFERRED\SRC\GAME\CLIENT\RELEASE_SWARM\POINT_BONUSMAPS_ACCESSOR.OBJ
C:\PROJECTS\GAMES\SWARM-DEFERRED\SRC\GAME\CLIENT\RELEASE_SWARM\POINT_POSECONTROLLER.OBJ
C:\PROJECTS\GAMES\SWARM-DEFERRED\SRC\GAME\CLIENT\RELEASE_SWARM\POSEDEBUGGER.OBJ
C:\PROJECTS\GAMES\SWARM-DEFERRED\SRC\GAME\CLIENT\RELEASE_SWARM\PRECACHE_REGISTER.OBJ
C:\PROJECTS\GAMES\SWARM-DEFERRED\SRC\GAME\CLIENT\RELEASE_SWARM\PREDICTABLEID.OBJ
C:\PROJECTS\GAMES\SWARM-DEFERRED\SRC\GAME\CLIENT\RELEASE_SWARM\PREDICTED_VIEWMODEL.OBJ
C:\PROJECTS\GAMES\SWARM-DEFERRED\SRC\GAME\CLIENT\RELEASE_SWARM\PREDICTION.OBJ
C:\PROJECTS\GAMES\SWARM-DEFERRED\SRC\GAME\CLIENT\RELEASE_SWARM\PREDICTIONCOPY.OBJ
C:\PROJECTS\GAMES\SWARM-DEFERRED\SRC\GAME\CLIENT\RELEASE_SWARM\PREDICTIONCOPY_HELPERS.OBJ
C:\PROJECTS\GAMES\SWARM-DEFERRED\SRC\GAME\CLIENT\RELEASE_SWARM\PREDICTIONCOPY_TEST.OBJ
C:\PROJECTS\GAMES\SWARM-DEFERRED\SRC\GAME\CLIENT\RELEASE_SWARM\PROJECTABLE_FACTORY.OBJ
C:\PROJECTS\GAMES\SWARM-DEFERRED\SRC\GAME\CLIENT\RELEASE_SWARM\PROPS_SHARED.OBJ
C:\PROJECTS\GAMES\SWARM-DEFERRED\SRC\GAME\CLIENT\RELEASE_SWARM\PROXYENTITY.OBJ
C:\PROJECTS\GAMES\SWARM-DEFERRED\SRC\GAME\CLIENT\RELEASE_SWARM\PROXYHEALTH.OBJ
C:\PROJECTS\GAMES\SWARM-DEFERRED\SRC\GAME\CLIENT\RELEASE_SWARM\PROXYPLAYER.OBJ
C:\PROJECTS\GAMES\SWARM-DEFERRED\SRC\GAME\CLIENT\RELEASE_SWARM\PROXYPUPIL.OBJ
C:\PROJECTS\GAMES\SWARM-DEFERRED\SRC\GAME\CLIENT\RELEASE_SWARM\RAGDOLL.OBJ
C:\PROJECTS\GAMES\SWARM-DEFERRED\SRC\GAME\CLIENT\RELEASE_SWARM\RAGDOLL_SHARED.OBJ
C:\PROJECTS\GAMES\SWARM-DEFERRED\SRC\GAME\CLIENT\RELEASE_SWARM\RANDOVERRIDE.OBJ
C:\PROJECTS\GAMES\SWARM-DEFERRED\SRC\GAME\CLIENT\RELEASE_SWARM\RECVPROXY.OBJ
C:\PROJECTS\GAMES\SWARM-DEFERRED\SRC\GAME\CLIENT\RELEASE_SWARM\RENDERTEXTURE.OBJ
C:\PROJECTS\GAMES\SWARM-DEFERRED\SRC\GAME\CLIENT\RELEASE_SWARM\REPLAYCAMERA.OBJ
C:\PROJECTS\GAMES\SWARM-DEFERRED\SRC\GAME\CLIENT\RELEASE_SWARM\ROPE_HELPERS.OBJ
C:\PROJECTS\GAMES\SWARM-DEFERRED\SRC\GAME\CLIENT\RELEASE_SWARM\ROPE_PHYSICS.OBJ
C:\PROJECTS\GAMES\SWARM-DEFERRED\SRC\GAME\CLIENT\RELEASE_SWARM\RUNGAMEENGINE.OBJ
C:\PROJECTS\GAMES\SWARM-DEFERRED\SRC\GAME\CLIENT\RELEASE_SWARM\SAVERESTORE.OBJ
C:\PROJECTS\GAMES\SWARM-DEFERRED\SRC\GAME\CLIENT\RELEASE_SWARM\SCENEENTITY_SHARED.OBJ
C:\PROJECTS\GAMES\SWARM-DEFERRED\SRC\GAME\CLIENT\RELEASE_SWARM\SCRATCHPAD3D.OBJ
C:\PROJECTS\GAMES\SWARM-DEFERRED\SRC\GAME\CLIENT\RELEASE_SWARM\SCRATCHPADUTILS.OBJ
C:\PROJECTS\GAMES\SWARM-DEFERRED\SRC\GAME\CLIENT\RELEASE_SWARM\SCREENSPACEEFFECTS.OBJ
C:\PROJECTS\GAMES\SWARM-DEFERRED\SRC\GAME\CLIENT\RELEASE_SWARM\SCRIPTOBJECT.OBJ
C:\PROJECTS\GAMES\SWARM-DEFERRED\SRC\GAME\CLIENT\RELEASE_SWARM\SDK_FX_IMPACTS.OBJ
C:\PROJECTS\GAMES\SWARM-DEFERRED\SRC\GAME\CLIENT\RELEASE_SWARM\SDK_FX_SHARED.OBJ
C:\PROJECTS\GAMES\SWARM-DEFERRED\SRC\GAME\CLIENT\RELEASE_SWARM\SDK_FX_TRACERS.OBJ
C:\PROJECTS\GAMES\SWARM-DEFERRED\SRC\GAME\CLIENT\RELEASE_SWARM\SDK_FX_WEAPONFX.OBJ
C:\PROJECTS\GAMES\SWARM-DEFERRED\SRC\GAME\CLIENT\RELEASE_SWARM\SDK_GAMEMOVEMENT.OBJ
C:\PROJECTS\GAMES\SWARM-DEFERRED\SRC\GAME\CLIENT\RELEASE_SWARM\SDK_GAMERULES.OBJ
C:\PROJECTS\GAMES\SWARM-DEFERRED\SRC\GAME\CLIENT\RELEASE_SWARM\SDK_HUD_AMMO.OBJ
C:\PROJECTS\GAMES\SWARM-DEFERRED\SRC\GAME\CLIENT\RELEASE_SWARM\SDK_HUD_CHAT.OBJ
C:\PROJECTS\GAMES\SWARM-DEFERRED\SRC\GAME\CLIENT\RELEASE_SWARM\SDK_HUD_HEALTH.OBJ
C:\PROJECTS\GAMES\SWARM-DEFERRED\SRC\GAME\CLIENT\RELEASE_SWARM\SDK_HUD_WEAPONSELECTION.OBJ
C:\PROJECTS\GAMES\SWARM-DEFERRED\SRC\GAME\CLIENT\RELEASE_SWARM\SDK_INPUT.OBJ
C:\PROJECTS\GAMES\SWARM-DEFERRED\SRC\GAME\CLIENT\RELEASE_SWARM\SDK_LOADING_PANEL.OBJ
C:\PROJECTS\GAMES\SWARM-DEFERRED\SRC\GAME\CLIENT\RELEASE_SWARM\SDK_LOGO_PANEL.OBJ
C:\PROJECTS\GAMES\SWARM-DEFERRED\SRC\GAME\CLIENT\RELEASE_SWARM\SDK_PLAYER_SHARED.OBJ
C:\PROJECTS\GAMES\SWARM-DEFERRED\SRC\GAME\CLIENT\RELEASE_SWARM\SDK_PLAYERANIMSTATE.OBJ
C:\PROJECTS\GAMES\SWARM-DEFERRED\SRC\GAME\CLIENT\RELEASE_SWARM\SDK_PREDICTION.OBJ
C:\PROJECTS\GAMES\SWARM-DEFERRED\SRC\GAME\CLIENT\RELEASE_SWARM\SDK_USERMESSAGES.OBJ
C:\PROJECTS\GAMES\SWARM-DEFERRED\SRC\GAME\CLIENT\RELEASE_SWARM\SDK_VGUI_MUSIC_IMPORTER.OBJ
C:\PROJECTS\GAMES\SWARM-DEFERRED\SRC\GAME\CLIENT\RELEASE_SWARM\SDK_WEAPON_PARSE.OBJ
C:\PROJECTS\GAMES\SWARM-DEFERRED\SRC\GAME\CLIENT\RELEASE_SWARM\SEDIT_MODELRENDER.OBJ
C:\PROJECTS\GAMES\SWARM-DEFERRED\SRC\GAME\CLIENT\RELEASE_SWARM\SENTENCE.OBJ
C:\PROJECTS\GAMES\SWARM-DEFERRED\SRC\GAME\CLIENT\RELEASE_SWARM\SEQUENCE_TRANSITIONER.OBJ
C:\PROJECTS\GAMES\SWARM-DEFERRED\SRC\GAME\CLIENT\RELEASE_SWARM\SHADEREDITORSYSTEM.OBJ
C:\PROJECTS\GAMES\SWARM-DEFERRED\SRC\GAME\CLIENT\RELEASE_SWARM\SHEETSIMULATOR.OBJ
C:\PROJECTS\GAMES\SWARM-DEFERRED\SRC\GAME\CLIENT\RELEASE_SWARM\SIMPLE_KEYS.OBJ
C:\PROJECTS\GAMES\SWARM-DEFERRED\SRC\GAME\CLIENT\RELEASE_SWARM\SIMPLE_PHYSICS.OBJ
C:\PROJECTS\GAMES\SWARM-DEFERRED\SRC\GAME\CLIENT\RELEASE_SWARM\SIMTIMER.OBJ
C:\PROJECTS\GAMES\SWARM-DEFERRED\SRC\GAME\CLIENT\RELEASE_SWARM\SINGLEPLAY_GAMERULES.OBJ
C:\PROJECTS\GAMES\SWARM-DEFERRED\SRC\GAME\CLIENT\RELEASE_SWARM\SMOKE_FOG_OVERLAY.OBJ
C:\PROJECTS\GAMES\SWARM-DEFERRED\SRC\GAME\CLIENT\RELEASE_SWARM\SOUNDEMITTERSYSTEM.OBJ
C:\PROJECTS\GAMES\SWARM-DEFERRED\SRC\GAME\CLIENT\RELEASE_SWARM\SOUNDENVELOPE.OBJ
C:\PROJECTS\GAMES\SWARM-DEFERRED\SRC\GAME\CLIENT\RELEASE_SWARM\SOUNDPARAMETERSINTERNAL.OBJ
C:\PROJECTS\GAMES\SWARM-DEFERRED\SRC\GAME\CLIENT\RELEASE_SWARM\SPATIALENTITYMGR.OBJ
C:\PROJECTS\GAMES\SWARM-DEFERRED\SRC\GAME\CLIENT\RELEASE_SWARM\SPECTATORGUI.OBJ
C:\PROJECTS\GAMES\SWARM-DEFERRED\SRC\GAME\CLIENT\RELEASE_SWARM\SPLINEPATCH.OBJ
C:\PROJECTS\GAMES\SWARM-DEFERRED\SRC\GAME\CLIENT\RELEASE_SWARM\SPRITE.OBJ
C:\PROJECTS\GAMES\SWARM-DEFERRED\SRC\GAME\CLIENT\RELEASE_SWARM\SPRITEMODEL.OBJ
C:\PROJECTS\GAMES\SWARM-DEFERRED\SRC\GAME\CLIENT\RELEASE_SWARM\SPRITETRAIL.OBJ
C:\PROJECTS\GAMES\SWARM-DEFERRED\SRC\GAME\CLIENT\RELEASE_SWARM\STDAFX.OBJ
C:\PROJECTS\GAMES\SWARM-DEFERRED\SRC\GAME\CLIENT\RELEASE_SWARM\STEAMWORKS_GAMESTATS.OBJ
C:\PROJECTS\GAMES\SWARM-DEFERRED\SRC\GAME\CLIENT\RELEASE_SWARM\STRINGREGISTRY.OBJ
C:\PROJECTS\GAMES\SWARM-DEFERRED\SRC\GAME\CLIENT\RELEASE_SWARM\STUDIO.OBJ
C:\PROJECTS\GAMES\SWARM-DEFERRED\SRC\GAME\CLIENT\RELEASE_SWARM\STUDIO_SHARED.OBJ
C:\PROJECTS\GAMES\SWARM-DEFERRED\SRC\GAME\CLIENT\RELEASE_SWARM\SYS_UTILS.OBJ
C:\PROJECTS\GAMES\SWARM-DEFERRED\SRC\GAME\CLIENT\RELEASE_SWARM\TAKEDAMAGEINFO.OBJ
C:\PROJECTS\GAMES\SWARM-DEFERRED\SRC\GAME\CLIENT\RELEASE_SWARM\TEAMMENU.OBJ
C:\PROJECTS\GAMES\SWARM-DEFERRED\SRC\GAME\CLIENT\RELEASE_SWARM\TEAMPLAY_GAMERULES.OBJ
C:\PROJECTS\GAMES\SWARM-DEFERRED\SRC\GAME\CLIENT\RELEASE_SWARM\TEAMPLAYROUNDBASED_GAMERULES.OBJ
C:\PROJECTS\GAMES\SWARM-DEFERRED\SRC\GAME\CLIENT\RELEASE_SWARM\TEST_EHANDLE.OBJ
C:\PROJECTS\GAMES\SWARM-DEFERRED\SRC\GAME\CLIENT\RELEASE_SWARM\TEXT_MESSAGE.OBJ
C:\PROJECTS\GAMES\SWARM-DEFERRED\SRC\GAME\CLIENT\RELEASE_SWARM\TEXTENTRYBOX.OBJ
C:\PROJECTS\GAMES\SWARM-DEFERRED\SRC\GAME\CLIENT\RELEASE_SWARM\TEXTURESCROLLMATERIALPROXY.OBJ
C:\PROJECTS\GAMES\SWARM-DEFERRED\SRC\GAME\CLIENT\RELEASE_SWARM\TIMEMATERIALPROXY.OBJ
C:\PROJECTS\GAMES\SWARM-DEFERRED\SRC\GAME\CLIENT\RELEASE_SWARM\TOGGLETEXTUREPROXY.OBJ
C:\PROJECTS\GAMES\SWARM-DEFERRED\SRC\GAME\CLIENT\RELEASE_SWARM\TOOLFRAMEWORK_CLIENT.OBJ
C:\PROJECTS\GAMES\SWARM-DEFERRED\SRC\GAME\CLIENT\RELEASE_SWARM\UIAVATARIMAGE.OBJ
C:\PROJECTS\GAMES\SWARM-DEFERRED\SRC\GAME\CLIENT\RELEASE_SWARM\UIGAMEDATA.OBJ
C:\PROJECTS\GAMES\SWARM-DEFERRED\SRC\GAME\CLIENT\RELEASE_SWARM\UIGAMEDATA_INVITE.OBJ
C:\PROJECTS\GAMES\SWARM-DEFERRED\SRC\GAME\CLIENT\RELEASE_SWARM\UIGAMEDATA_STORAGE.OBJ
C:\PROJECTS\GAMES\SWARM-DEFERRED\SRC\GAME\CLIENT\RELEASE_SWARM\URLBUTTON.OBJ
C:\PROJECTS\GAMES\SWARM-DEFERRED\SRC\GAME\CLIENT\RELEASE_SWARM\USERCMD.OBJ
C:\PROJECTS\GAMES\SWARM-DEFERRED\SRC\GAME\CLIENT\RELEASE_SWARM\USERMESSAGES.OBJ
C:\PROJECTS\GAMES\SWARM-DEFERRED\SRC\GAME\CLIENT\RELEASE_SWARM\UTIL_SHARED.OBJ
C:\PROJECTS\GAMES\SWARM-DEFERRED\SRC\GAME\CLIENT\RELEASE_SWARM\VACHIEVEMENTS.OBJ
C:\PROJECTS\GAMES\SWARM-DEFERRED\SRC\GAME\CLIENT\RELEASE_SWARM\VADDONASSOCIATION.OBJ
C:\PROJECTS\GAMES\SWARM-DEFERRED\SRC\GAME\CLIENT\RELEASE_SWARM\VADDONS.OBJ
C:\PROJECTS\GAMES\SWARM-DEFERRED\SRC\GAME\CLIENT\RELEASE_SWARM\VALLOCATOR.OBJ
C:\PROJECTS\GAMES\SWARM-DEFERRED\SRC\GAME\CLIENT\RELEASE_SWARM\VATTRACTSCREEN.OBJ
C:\PROJECTS\GAMES\SWARM-DEFERRED\SRC\GAME\CLIENT\RELEASE_SWARM\VAUDIO.OBJ
C:\PROJECTS\GAMES\SWARM-DEFERRED\SRC\GAME\CLIENT\RELEASE_SWARM\VAUDIOVIDEO.OBJ
C:\PROJECTS\GAMES\SWARM-DEFERRED\SRC\GAME\CLIENT\RELEASE_SWARM\VC100.PDB
C:\PROJECTS\GAMES\SWARM-DEFERRED\SRC\GAME\CLIENT\RELEASE_SWARM\VCLOUD.OBJ
C:\PROJECTS\GAMES\SWARM-DEFERRED\SRC\GAME\CLIENT\RELEASE_SWARM\VCONTROLLEROPTIONS.OBJ
C:\PROJECTS\GAMES\SWARM-DEFERRED\SRC\GAME\CLIENT\RELEASE_SWARM\VCONTROLLEROPTIONSBUTTONS.OBJ
C:\PROJECTS\GAMES\SWARM-DEFERRED\SRC\GAME\CLIENT\RELEASE_SWARM\VCONTROLLEROPTIONSSTICKS.OBJ
C:\PROJECTS\GAMES\SWARM-DEFERRED\SRC\GAME\CLIENT\RELEASE_SWARM\VCONTROLSLISTPANEL.OBJ
C:\PROJECTS\GAMES\SWARM-DEFERRED\SRC\GAME\CLIENT\RELEASE_SWARM\VCUSTOMCAMPAIGNS.OBJ
C:\PROJECTS\GAMES\SWARM-DEFERRED\SRC\GAME\CLIENT\RELEASE_SWARM\VDOWNLOADCAMPAIGN.OBJ
C:\PROJECTS\GAMES\SWARM-DEFERRED\SRC\GAME\CLIENT\RELEASE_SWARM\VDOWNLOADS.OBJ
C:\PROJECTS\GAMES\SWARM-DEFERRED\SRC\GAME\CLIENT\RELEASE_SWARM\VDROPDOWNMENU.OBJ
C:\PROJECTS\GAMES\SWARM-DEFERRED\SRC\GAME\CLIENT\RELEASE_SWARM\VEHICLE_VIEWBLEND_SHARED.OBJ
C:\PROJECTS\GAMES\SWARM-DEFERRED\SRC\GAME\CLIENT\RELEASE_SWARM\VFLYOUTMENU.OBJ
C:\PROJECTS\GAMES\SWARM-DEFERRED\SRC\GAME\CLIENT\RELEASE_SWARM\VFOOTERPANEL.OBJ
C:\PROJECTS\GAMES\SWARM-DEFERRED\SRC\GAME\CLIENT\RELEASE_SWARM\VFOUNDGAMES.OBJ
C:\PROJECTS\GAMES\SWARM-DEFERRED\SRC\GAME\CLIENT\RELEASE_SWARM\VFOUNDGROUPGAMES.OBJ
C:\PROJECTS\GAMES\SWARM-DEFERRED\SRC\GAME\CLIENT\RELEASE_SWARM\VFOUNDPUBLICGAMES.OBJ
C:\PROJECTS\GAMES\SWARM-DEFERRED\SRC\GAME\CLIENT\RELEASE_SWARM\VGAMELOBBY.OBJ
C:\PROJECTS\GAMES\SWARM-DEFERRED\SRC\GAME\CLIENT\RELEASE_SWARM\VGAMELOBBYCHAT.OBJ
C:\PROJECTS\GAMES\SWARM-DEFERRED\SRC\GAME\CLIENT\RELEASE_SWARM\VGAMEOPTIONS.OBJ
C:\PROJECTS\GAMES\SWARM-DEFERRED\SRC\GAME\CLIENT\RELEASE_SWARM\VGAMESETTINGS.OBJ
C:\PROJECTS\GAMES\SWARM-DEFERRED\SRC\GAME\CLIENT\RELEASE_SWARM\VGENERICCONFIRMATION.OBJ
C:\PROJECTS\GAMES\SWARM-DEFERRED\SRC\GAME\CLIENT\RELEASE_SWARM\VGENERICPANELLIST.OBJ
C:\PROJECTS\GAMES\SWARM-DEFERRED\SRC\GAME\CLIENT\RELEASE_SWARM\VGENERICWAITSCREEN.OBJ
C:\PROJECTS\GAMES\SWARM-DEFERRED\SRC\GAME\CLIENT\RELEASE_SWARM\VGETLEGACYDATA.OBJ
C:\PROJECTS\GAMES\SWARM-DEFERRED\SRC\GAME\CLIENT\RELEASE_SWARM\VGUI_AVATARIMAGE.OBJ
C:\PROJECTS\GAMES\SWARM-DEFERRED\SRC\GAME\CLIENT\RELEASE_SWARM\VGUI_BASEPANEL.OBJ
C:\PROJECTS\GAMES\SWARM-DEFERRED\SRC\GAME\CLIENT\RELEASE_SWARM\VGUI_BINDPANEL.OBJ
C:\PROJECTS\GAMES\SWARM-DEFERRED\SRC\GAME\CLIENT\RELEASE_SWARM\VGUI_BITMAPBUTTON.OBJ
C:\PROJECTS\GAMES\SWARM-DEFERRED\SRC\GAME\CLIENT\RELEASE_SWARM\VGUI_BITMAPIMAGE.OBJ
C:\PROJECTS\GAMES\SWARM-DEFERRED\SRC\GAME\CLIENT\RELEASE_SWARM\VGUI_BITMAPPANEL.OBJ
C:\PROJECTS\GAMES\SWARM-DEFERRED\SRC\GAME\CLIENT\RELEASE_SWARM\VGUI_CENTERSTRINGPANEL.OBJ
C:\PROJECTS\GAMES\SWARM-DEFERRED\SRC\GAME\CLIENT\RELEASE_SWARM\VGUI_CONSOLEPANEL.OBJ
C:\PROJECTS\GAMES\SWARM-DEFERRED\SRC\GAME\CLIENT\RELEASE_SWARM\VGUI_CONTROLS.OBJ
C:\PROJECTS\GAMES\SWARM-DEFERRED\SRC\GAME\CLIENT\RELEASE_SWARM\VGUI_DEBUGOVERLAYPANEL.OBJ
C:\PROJECTS\GAMES\SWARM-DEFERRED\SRC\GAME\CLIENT\RELEASE_SWARM\VGUI_EDITOR_CONTROLS.OBJ
C:\PROJECTS\GAMES\SWARM-DEFERRED\SRC\GAME\CLIENT\RELEASE_SWARM\VGUI_EDITOR_PROPS.OBJ
C:\PROJECTS\GAMES\SWARM-DEFERRED\SRC\GAME\CLIENT\RELEASE_SWARM\VGUI_EDITOR_ROOT.OBJ
C:\PROJECTS\GAMES\SWARM-DEFERRED\SRC\GAME\CLIENT\RELEASE_SWARM\VGUI_FPSPANEL.OBJ
C:\PROJECTS\GAMES\SWARM-DEFERRED\SRC\GAME\CLIENT\RELEASE_SWARM\VGUI_GAME_VIEWPORT.OBJ
C:\PROJECTS\GAMES\SWARM-DEFERRED\SRC\GAME\CLIENT\RELEASE_SWARM\VGUI_GRID.OBJ
C:\PROJECTS\GAMES\SWARM-DEFERRED\SRC\GAME\CLIENT\RELEASE_SWARM\VGUI_HUDVIDEO.OBJ
C:\PROJECTS\GAMES\SWARM-DEFERRED\SRC\GAME\CLIENT\RELEASE_SWARM\VGUI_INT.OBJ
C:\PROJECTS\GAMES\SWARM-DEFERRED\SRC\GAME\CLIENT\RELEASE_SWARM\VGUI_LOADINGDISCPANEL.OBJ
C:\PROJECTS\GAMES\SWARM-DEFERRED\SRC\GAME\CLIENT\RELEASE_SWARM\VGUI_MARQUEE.OBJ
C:\PROJECTS\GAMES\SWARM-DEFERRED\SRC\GAME\CLIENT\RELEASE_SWARM\VGUI_MESSAGECHARS.OBJ
C:\PROJECTS\GAMES\SWARM-DEFERRED\SRC\GAME\CLIENT\RELEASE_SWARM\VGUI_MOVIE_DISPLAY.OBJ
C:\PROJECTS\GAMES\SWARM-DEFERRED\SRC\GAME\CLIENT\RELEASE_SWARM\VGUI_NETGRAPHPANEL.OBJ
C:\PROJECTS\GAMES\SWARM-DEFERRED\SRC\GAME\CLIENT\RELEASE_SWARM\VGUI_PARTICLES.OBJ
C:\PROJECTS\GAMES\SWARM-DEFERRED\SRC\GAME\CLIENT\RELEASE_SWARM\VGUI_PROJECTABLE.OBJ
C:\PROJECTS\GAMES\SWARM-DEFERRED\SRC\GAME\CLIENT\RELEASE_SWARM\VGUI_ROOTPANEL_SDK.OBJ
C:\PROJECTS\GAMES\SWARM-DEFERRED\SRC\GAME\CLIENT\RELEASE_SWARM\VGUI_SLIDESHOW_DISPLAY_SCREEN.OBJ
C:\PROJECTS\GAMES\SWARM-DEFERRED\SRC\GAME\CLIENT\RELEASE_SWARM\VGUI_VIDEO.OBJ
C:\PROJECTS\GAMES\SWARM-DEFERRED\SRC\GAME\CLIENT\RELEASE_SWARM\VGUISYSTEMMODULELOADER.OBJ
C:\PROJECTS\GAMES\SWARM-DEFERRED\SRC\GAME\CLIENT\RELEASE_SWARM\VGUITEXTWINDOW.OBJ
C:\PROJECTS\GAMES\SWARM-DEFERRED\SRC\GAME\CLIENT\RELEASE_SWARM\VHYBRIDBUTTON.OBJ
C:\PROJECTS\GAMES\SWARM-DEFERRED\SRC\GAME\CLIENT\RELEASE_SWARM\VIEW.OBJ
C:\PROJECTS\GAMES\SWARM-DEFERRED\SRC\GAME\CLIENT\RELEASE_SWARM\VIEW_BEAMS.OBJ
C:\PROJECTS\GAMES\SWARM-DEFERRED\SRC\GAME\CLIENT\RELEASE_SWARM\VIEW_EFFECTS.OBJ
C:\PROJECTS\GAMES\SWARM-DEFERRED\SRC\GAME\CLIENT\RELEASE_SWARM\VIEW_SCENE.OBJ
C:\PROJECTS\GAMES\SWARM-DEFERRED\SRC\GAME\CLIENT\RELEASE_SWARM\VIEWANGLEANIM.OBJ
C:\PROJECTS\GAMES\SWARM-DEFERRED\SRC\GAME\CLIENT\RELEASE_SWARM\VIEWCONEIMAGE.OBJ
C:\PROJECTS\GAMES\SWARM-DEFERRED\SRC\GAME\CLIENT\RELEASE_SWARM\VIEWDEBUG.OBJ
C:\PROJECTS\GAMES\SWARM-DEFERRED\SRC\GAME\CLIENT\RELEASE_SWARM\VIEWPOSTPROCESS.OBJ
C:\PROJECTS\GAMES\SWARM-DEFERRED\SRC\GAME\CLIENT\RELEASE_SWARM\VIEWRENDER.OBJ
C:\PROJECTS\GAMES\SWARM-DEFERRED\SRC\GAME\CLIENT\RELEASE_SWARM\VIEWRENDER_DEFERRED.OBJ
C:\PROJECTS\GAMES\SWARM-DEFERRED\SRC\GAME\CLIENT\RELEASE_SWARM\VINGAMECHAPTERSELECT.OBJ
C:\PROJECTS\GAMES\SWARM-DEFERRED\SRC\GAME\CLIENT\RELEASE_SWARM\VINGAMEDIFFICULTYSELECT.OBJ
C:\PROJECTS\GAMES\SWARM-DEFERRED\SRC\GAME\CLIENT\RELEASE_SWARM\VINGAMEKICKPLAYERLIST.OBJ
C:\PROJECTS\GAMES\SWARM-DEFERRED\SRC\GAME\CLIENT\RELEASE_SWARM\VINGAMEMAINMENU.OBJ
C:\PROJECTS\GAMES\SWARM-DEFERRED\SRC\GAME\CLIENT\RELEASE_SWARM\VJUKEBOX.OBJ
C:\PROJECTS\GAMES\SWARM-DEFERRED\SRC\GAME\CLIENT\RELEASE_SWARM\VKEYBOARD.OBJ
C:\PROJECTS\GAMES\SWARM-DEFERRED\SRC\GAME\CLIENT\RELEASE_SWARM\VKEYBOARDMOUSE.OBJ
C:\PROJECTS\GAMES\SWARM-DEFERRED\SRC\GAME\CLIENT\RELEASE_SWARM\VLEADERBOARD.OBJ
C:\PROJECTS\GAMES\SWARM-DEFERRED\SRC\GAME\CLIENT\RELEASE_SWARM\VLOADINGPROGRESS.OBJ
C:\PROJECTS\GAMES\SWARM-DEFERRED\SRC\GAME\CLIENT\RELEASE_SWARM\VMAINMENU.OBJ
C:\PROJECTS\GAMES\SWARM-DEFERRED\SRC\GAME\CLIENT\RELEASE_SWARM\VMENUBACKGROUND.OBJ
C:\PROJECTS\GAMES\SWARM-DEFERRED\SRC\GAME\CLIENT\RELEASE_SWARM\VMULTIPLAYER.OBJ
C:\PROJECTS\GAMES\SWARM-DEFERRED\SRC\GAME\CLIENT\RELEASE_SWARM\VOICE_BANMGR.OBJ
C:\PROJECTS\GAMES\SWARM-DEFERRED\SRC\GAME\CLIENT\RELEASE_SWARM\VOICE_MENU.OBJ
C:\PROJECTS\GAMES\SWARM-DEFERRED\SRC\GAME\CLIENT\RELEASE_SWARM\VOICE_STATUS.OBJ
C:\PROJECTS\GAMES\SWARM-DEFERRED\SRC\GAME\CLIENT\RELEASE_SWARM\VOPTIONS.OBJ
C:\PROJECTS\GAMES\SWARM-DEFERRED\SRC\GAME\CLIENT\RELEASE_SWARM\VPASSWORDENTRY.OBJ
C:\PROJECTS\GAMES\SWARM-DEFERRED\SRC\GAME\CLIENT\RELEASE_SWARM\VQUICKJOIN.OBJ
C:\PROJECTS\GAMES\SWARM-DEFERRED\SRC\GAME\CLIENT\RELEASE_SWARM\VQUICKJOINGROUPS.OBJ
C:\PROJECTS\GAMES\SWARM-DEFERRED\SRC\GAME\CLIENT\RELEASE_SWARM\VSCRIPT_CLIENT.OBJ
C:\PROJECTS\GAMES\SWARM-DEFERRED\SRC\GAME\CLIENT\RELEASE_SWARM\VSCRIPT_SHARED.OBJ
C:\PROJECTS\GAMES\SWARM-DEFERRED\SRC\GAME\CLIENT\RELEASE_SWARM\VSIGNINDIALOG.OBJ
C:\PROJECTS\GAMES\SWARM-DEFERRED\SRC\GAME\CLIENT\RELEASE_SWARM\VSLIDERCONTROL.OBJ
C:\PROJECTS\GAMES\SWARM-DEFERRED\SRC\GAME\CLIENT\RELEASE_SWARM\VSPINNERCONTROL.OBJ
C:\PROJECTS\GAMES\SWARM-DEFERRED\SRC\GAME\CLIENT\RELEASE_SWARM\VSTEAMCLOUDCONFIRMATION.OBJ
C:\PROJECTS\GAMES\SWARM-DEFERRED\SRC\GAME\CLIENT\RELEASE_SWARM\VTRANSITIONSCREEN.OBJ
C:\PROJECTS\GAMES\SWARM-DEFERRED\SRC\GAME\CLIENT\RELEASE_SWARM\VVIDEO.OBJ
C:\PROJECTS\GAMES\SWARM-DEFERRED\SRC\GAME\CLIENT\RELEASE_SWARM\VVOTEOPTIONS.OBJ
C:\PROJECTS\GAMES\SWARM-DEFERRED\SRC\GAME\CLIENT\RELEASE_SWARM\WARP_OVERLAY.OBJ
C:\PROJECTS\GAMES\SWARM-DEFERRED\SRC\GAME\CLIENT\RELEASE_SWARM\WATERLODMATERIALPROXY.OBJ
C:\PROJECTS\GAMES\SWARM-DEFERRED\SRC\GAME\CLIENT\RELEASE_SWARM\WEAPON_MP5.OBJ
C:\PROJECTS\GAMES\SWARM-DEFERRED\SRC\GAME\CLIENT\RELEASE_SWARM\WEAPON_PARSE.OBJ
C:\PROJECTS\GAMES\SWARM-DEFERRED\SRC\GAME\CLIENT\RELEASE_SWARM\WEAPON_PISTOL.OBJ
C:\PROJECTS\GAMES\SWARM-DEFERRED\SRC\GAME\CLIENT\RELEASE_SWARM\WEAPON_SDKBASE.OBJ
C:\PROJECTS\GAMES\SWARM-DEFERRED\SRC\GAME\CLIENT\RELEASE_SWARM\WEAPON_SELECTION.OBJ
C:\PROJECTS\GAMES\SWARM-DEFERRED\SRC\GAME\CLIENT\RELEASE_SWARM\WEAPONS_RESOURCE.OBJ
C:\PROJECTS\GAMES\SWARM-DEFERRED\SRC\GAME\CLIENT\RELEASE_SWARM\WORLDDIMSPROXY.OBJ
D:\Steam\Steamapps\Sourcemods\SwarmDeferred\bin\client.dll
