.\Release_swarm\server.pdb
C:\Program Files (x86)\Steam\steamapps\Sourcemods\Shift\bin\server.dll
C:\Projects\Games\swarm-deferred\src\game\server\.\Release_swarm\server.dll
C:\PROJECTS\GAMES\SWARM-DEFERRED\SRC\GAME\SERVER\RELEASE_SWARM\ACHIEVEMENT_SAVERESTORE.OBJ
C:\PROJECTS\GAMES\SWARM-DEFERRED\SRC\GAME\SERVER\RELEASE_SWARM\ACHIEVEMENTMGR.OBJ
C:\PROJECTS\GAMES\SWARM-DEFERRED\SRC\GAME\SERVER\RELEASE_SWARM\ACTIVITYLIST.OBJ
C:\PROJECTS\GAMES\SWARM-DEFERRED\SRC\GAME\SERVER\RELEASE_SWARM\AI_ACTIVITY.OBJ
C:\PROJECTS\GAMES\SWARM-DEFERRED\SRC\GAME\SERVER\RELEASE_SWARM\AI_ADDON.OBJ
C:\PROJECTS\GAMES\SWARM-DEFERRED\SRC\GAME\SERVER\RELEASE_SWARM\AI_AGENT.OBJ
C:\PROJECTS\GAMES\SWARM-DEFERRED\SRC\GAME\SERVER\RELEASE_SWARM\AI_BASEACTOR.OBJ
C:\PROJECTS\GAMES\SWARM-DEFERRED\SRC\GAME\SERVER\RELEASE_SWARM\AI_BASEHUMANOID.OBJ
C:\PROJECTS\GAMES\SWARM-DEFERRED\SRC\GAME\SERVER\RELEASE_SWARM\AI_BASENPC.OBJ
C:\PROJECTS\GAMES\SWARM-DEFERRED\SRC\GAME\SERVER\RELEASE_SWARM\AI_BASENPC_FLYER.OBJ
C:\PROJECTS\GAMES\SWARM-DEFERRED\SRC\GAME\SERVER\RELEASE_SWARM\AI_BASENPC_FLYER_NEW.OBJ
C:\PROJECTS\GAMES\SWARM-DEFERRED\SRC\GAME\SERVER\RELEASE_SWARM\AI_BASENPC_MOVEMENT.OBJ
C:\PROJECTS\GAMES\SWARM-DEFERRED\SRC\GAME\SERVER\RELEASE_SWARM\AI_BASENPC_PHYSICSFLYER.OBJ
C:\PROJECTS\GAMES\SWARM-DEFERRED\SRC\GAME\SERVER\RELEASE_SWARM\AI_BASENPC_SCHEDULE.OBJ
C:\PROJECTS\GAMES\SWARM-DEFERRED\SRC\GAME\SERVER\RELEASE_SWARM\AI_BASENPC_SQUAD.OBJ
C:\PROJECTS\GAMES\SWARM-DEFERRED\SRC\GAME\SERVER\RELEASE_SWARM\AI_BEHAVIOR.OBJ
C:\PROJECTS\GAMES\SWARM-DEFERRED\SRC\GAME\SERVER\RELEASE_SWARM\AI_BEHAVIOR_ACTBUSY.OBJ
C:\PROJECTS\GAMES\SWARM-DEFERRED\SRC\GAME\SERVER\RELEASE_SWARM\AI_BEHAVIOR_ASSAULT.OBJ
C:\PROJECTS\GAMES\SWARM-DEFERRED\SRC\GAME\SERVER\RELEASE_SWARM\AI_BEHAVIOR_FEAR.OBJ
C:\PROJECTS\GAMES\SWARM-DEFERRED\SRC\GAME\SERVER\RELEASE_SWARM\AI_BEHAVIOR_FIGHTFROMCOVER.OBJ
C:\PROJECTS\GAMES\SWARM-DEFERRED\SRC\GAME\SERVER\RELEASE_SWARM\AI_BEHAVIOR_FOLLOW.OBJ
C:\PROJECTS\GAMES\SWARM-DEFERRED\SRC\GAME\SERVER\RELEASE_SWARM\AI_BEHAVIOR_LEAD.OBJ
C:\PROJECTS\GAMES\SWARM-DEFERRED\SRC\GAME\SERVER\RELEASE_SWARM\AI_BEHAVIOR_RAPPEL.OBJ
C:\PROJECTS\GAMES\SWARM-DEFERRED\SRC\GAME\SERVER\RELEASE_SWARM\AI_BEHAVIOR_STANDOFF.OBJ
C:\PROJECTS\GAMES\SWARM-DEFERRED\SRC\GAME\SERVER\RELEASE_SWARM\AI_BLENDED_MOVEMENT.OBJ
C:\PROJECTS\GAMES\SWARM-DEFERRED\SRC\GAME\SERVER\RELEASE_SWARM\AI_CONCOMMANDS.OBJ
C:\PROJECTS\GAMES\SWARM-DEFERRED\SRC\GAME\SERVER\RELEASE_SWARM\AI_CONDITION.OBJ
C:\PROJECTS\GAMES\SWARM-DEFERRED\SRC\GAME\SERVER\RELEASE_SWARM\AI_CRITERIA.OBJ
C:\PROJECTS\GAMES\SWARM-DEFERRED\SRC\GAME\SERVER\RELEASE_SWARM\AI_DEFAULT.OBJ
C:\PROJECTS\GAMES\SWARM-DEFERRED\SRC\GAME\SERVER\RELEASE_SWARM\AI_DYNAMICLINK.OBJ
C:\PROJECTS\GAMES\SWARM-DEFERRED\SRC\GAME\SERVER\RELEASE_SWARM\AI_EVENT.OBJ
C:\PROJECTS\GAMES\SWARM-DEFERRED\SRC\GAME\SERVER\RELEASE_SWARM\AI_EXPRESSERFOLLOWUP.OBJ
C:\PROJECTS\GAMES\SWARM-DEFERRED\SRC\GAME\SERVER\RELEASE_SWARM\AI_GOALENTITY.OBJ
C:\PROJECTS\GAMES\SWARM-DEFERRED\SRC\GAME\SERVER\RELEASE_SWARM\AI_HINT.OBJ
C:\PROJECTS\GAMES\SWARM-DEFERRED\SRC\GAME\SERVER\RELEASE_SWARM\AI_HULL.OBJ
C:\PROJECTS\GAMES\SWARM-DEFERRED\SRC\GAME\SERVER\RELEASE_SWARM\AI_INITUTILS.OBJ
C:\PROJECTS\GAMES\SWARM-DEFERRED\SRC\GAME\SERVER\RELEASE_SWARM\AI_INTEREST_TARGET.OBJ
C:\PROJECTS\GAMES\SWARM-DEFERRED\SRC\GAME\SERVER\RELEASE_SWARM\AI_LINK.OBJ
C:\PROJECTS\GAMES\SWARM-DEFERRED\SRC\GAME\SERVER\RELEASE_SWARM\AI_LOCALNAVIGATOR.OBJ
C:\PROJECTS\GAMES\SWARM-DEFERRED\SRC\GAME\SERVER\RELEASE_SWARM\AI_LOOKTARGET.OBJ
C:\PROJECTS\GAMES\SWARM-DEFERRED\SRC\GAME\SERVER\RELEASE_SWARM\AI_MEMORY.OBJ
C:\PROJECTS\GAMES\SWARM-DEFERRED\SRC\GAME\SERVER\RELEASE_SWARM\AI_MOTOR.OBJ
C:\PROJECTS\GAMES\SWARM-DEFERRED\SRC\GAME\SERVER\RELEASE_SWARM\AI_MOVEPROBE.OBJ
C:\PROJECTS\GAMES\SWARM-DEFERRED\SRC\GAME\SERVER\RELEASE_SWARM\AI_MOVESHOOT.OBJ
C:\PROJECTS\GAMES\SWARM-DEFERRED\SRC\GAME\SERVER\RELEASE_SWARM\AI_MOVESOLVER.OBJ
C:\PROJECTS\GAMES\SWARM-DEFERRED\SRC\GAME\SERVER\RELEASE_SWARM\AI_NAMESPACES.OBJ
C:\PROJECTS\GAMES\SWARM-DEFERRED\SRC\GAME\SERVER\RELEASE_SWARM\AI_NAVIGATOR.OBJ
C:\PROJECTS\GAMES\SWARM-DEFERRED\SRC\GAME\SERVER\RELEASE_SWARM\AI_NETWORK.OBJ
C:\PROJECTS\GAMES\SWARM-DEFERRED\SRC\GAME\SERVER\RELEASE_SWARM\AI_NETWORKMANAGER.OBJ
C:\PROJECTS\GAMES\SWARM-DEFERRED\SRC\GAME\SERVER\RELEASE_SWARM\AI_NODE.OBJ
C:\PROJECTS\GAMES\SWARM-DEFERRED\SRC\GAME\SERVER\RELEASE_SWARM\AI_PATHFINDER.OBJ
C:\PROJECTS\GAMES\SWARM-DEFERRED\SRC\GAME\SERVER\RELEASE_SWARM\AI_PLANESOLVER.OBJ
C:\PROJECTS\GAMES\SWARM-DEFERRED\SRC\GAME\SERVER\RELEASE_SWARM\AI_PLAYERALLY.OBJ
C:\PROJECTS\GAMES\SWARM-DEFERRED\SRC\GAME\SERVER\RELEASE_SWARM\AI_RELATIONSHIP.OBJ
C:\PROJECTS\GAMES\SWARM-DEFERRED\SRC\GAME\SERVER\RELEASE_SWARM\AI_RESPONSESYSTEM.OBJ
C:\PROJECTS\GAMES\SWARM-DEFERRED\SRC\GAME\SERVER\RELEASE_SWARM\AI_ROUTE.OBJ
C:\PROJECTS\GAMES\SWARM-DEFERRED\SRC\GAME\SERVER\RELEASE_SWARM\AI_SAVERESTORE.OBJ
C:\PROJECTS\GAMES\SWARM-DEFERRED\SRC\GAME\SERVER\RELEASE_SWARM\AI_SCHEDULE.OBJ
C:\PROJECTS\GAMES\SWARM-DEFERRED\SRC\GAME\SERVER\RELEASE_SWARM\AI_SCRIPTCONDITIONS.OBJ
C:\PROJECTS\GAMES\SWARM-DEFERRED\SRC\GAME\SERVER\RELEASE_SWARM\AI_SENSES.OBJ
C:\PROJECTS\GAMES\SWARM-DEFERRED\SRC\GAME\SERVER\RELEASE_SWARM\AI_SENTENCE.OBJ
C:\PROJECTS\GAMES\SWARM-DEFERRED\SRC\GAME\SERVER\RELEASE_SWARM\AI_SPEECH.OBJ
C:\PROJECTS\GAMES\SWARM-DEFERRED\SRC\GAME\SERVER\RELEASE_SWARM\AI_SPEECHCONCEPT.OBJ
C:\PROJECTS\GAMES\SWARM-DEFERRED\SRC\GAME\SERVER\RELEASE_SWARM\AI_SPEECHFILTER.OBJ
C:\PROJECTS\GAMES\SWARM-DEFERRED\SRC\GAME\SERVER\RELEASE_SWARM\AI_SPEECHQUEUE.OBJ
C:\PROJECTS\GAMES\SWARM-DEFERRED\SRC\GAME\SERVER\RELEASE_SWARM\AI_SPOTLIGHT.OBJ
C:\PROJECTS\GAMES\SWARM-DEFERRED\SRC\GAME\SERVER\RELEASE_SWARM\AI_SQUAD.OBJ
C:\PROJECTS\GAMES\SWARM-DEFERRED\SRC\GAME\SERVER\RELEASE_SWARM\AI_SQUADSLOT.OBJ
C:\PROJECTS\GAMES\SWARM-DEFERRED\SRC\GAME\SERVER\RELEASE_SWARM\AI_TACTICALSERVICES.OBJ
C:\PROJECTS\GAMES\SWARM-DEFERRED\SRC\GAME\SERVER\RELEASE_SWARM\AI_TASK.OBJ
C:\PROJECTS\GAMES\SWARM-DEFERRED\SRC\GAME\SERVER\RELEASE_SWARM\AI_TRACKPATHER.OBJ
C:\PROJECTS\GAMES\SWARM-DEFERRED\SRC\GAME\SERVER\RELEASE_SWARM\AI_UTILS.OBJ
C:\PROJECTS\GAMES\SWARM-DEFERRED\SRC\GAME\SERVER\RELEASE_SWARM\AI_WAYPOINT.OBJ
C:\PROJECTS\GAMES\SWARM-DEFERRED\SRC\GAME\SERVER\RELEASE_SWARM\AMBIENTGENERIC.OBJ
C:\PROJECTS\GAMES\SWARM-DEFERRED\SRC\GAME\SERVER\RELEASE_SWARM\AMMODEF.OBJ
C:\PROJECTS\GAMES\SWARM-DEFERRED\SRC\GAME\SERVER\RELEASE_SWARM\ANIMATION.OBJ
C:\PROJECTS\GAMES\SWARM-DEFERRED\SRC\GAME\SERVER\RELEASE_SWARM\ANTLION_DUST.OBJ
C:\PROJECTS\GAMES\SWARM-DEFERRED\SRC\GAME\SERVER\RELEASE_SWARM\AR2_EXPLOSION.OBJ
C:\PROJECTS\GAMES\SWARM-DEFERRED\SRC\GAME\SERVER\RELEASE_SWARM\BASE_PLAYERANIMSTATE.OBJ
C:\PROJECTS\GAMES\SWARM-DEFERRED\SRC\GAME\SERVER\RELEASE_SWARM\BASE_TRANSMIT_PROXY.OBJ
C:\PROJECTS\GAMES\SWARM-DEFERRED\SRC\GAME\SERVER\RELEASE_SWARM\BASEACHIEVEMENT.OBJ
C:\PROJECTS\GAMES\SWARM-DEFERRED\SRC\GAME\SERVER\RELEASE_SWARM\BASEANIMATING.OBJ
C:\PROJECTS\GAMES\SWARM-DEFERRED\SRC\GAME\SERVER\RELEASE_SWARM\BASEANIMATINGOVERLAY.OBJ
C:\PROJECTS\GAMES\SWARM-DEFERRED\SRC\GAME\SERVER\RELEASE_SWARM\BASECOMBATCHARACTER.OBJ
C:\PROJECTS\GAMES\SWARM-DEFERRED\SRC\GAME\SERVER\RELEASE_SWARM\BASECOMBATCHARACTER_SHARED.OBJ
C:\PROJECTS\GAMES\SWARM-DEFERRED\SRC\GAME\SERVER\RELEASE_SWARM\BASECOMBATWEAPON.OBJ
C:\PROJECTS\GAMES\SWARM-DEFERRED\SRC\GAME\SERVER\RELEASE_SWARM\BASECOMBATWEAPON_SHARED.OBJ
C:\PROJECTS\GAMES\SWARM-DEFERRED\SRC\GAME\SERVER\RELEASE_SWARM\BASEENTITY.OBJ
C:\PROJECTS\GAMES\SWARM-DEFERRED\SRC\GAME\SERVER\RELEASE_SWARM\BASEENTITY_SHARED.OBJ
C:\PROJECTS\GAMES\SWARM-DEFERRED\SRC\GAME\SERVER\RELEASE_SWARM\BASEFLEX.OBJ
C:\PROJECTS\GAMES\SWARM-DEFERRED\SRC\GAME\SERVER\RELEASE_SWARM\BASEGRENADE_SHARED.OBJ
C:\PROJECTS\GAMES\SWARM-DEFERRED\SRC\GAME\SERVER\RELEASE_SWARM\BASEMULTIPLAYERPLAYER.OBJ
C:\PROJECTS\GAMES\SWARM-DEFERRED\SRC\GAME\SERVER\RELEASE_SWARM\BASEPARTICLEENTITY.OBJ
C:\PROJECTS\GAMES\SWARM-DEFERRED\SRC\GAME\SERVER\RELEASE_SWARM\BASEPLAYER_SHARED.OBJ
C:\PROJECTS\GAMES\SWARM-DEFERRED\SRC\GAME\SERVER\RELEASE_SWARM\BASETEMPENTITY.OBJ
C:\PROJECTS\GAMES\SWARM-DEFERRED\SRC\GAME\SERVER\RELEASE_SWARM\BASEVIEWMODEL.OBJ
C:\PROJECTS\GAMES\SWARM-DEFERRED\SRC\GAME\SERVER\RELEASE_SWARM\BASEVIEWMODEL_SHARED.OBJ
C:\PROJECTS\GAMES\SWARM-DEFERRED\SRC\GAME\SERVER\RELEASE_SWARM\BEAM_SHARED.OBJ
C:\PROJECTS\GAMES\SWARM-DEFERRED\SRC\GAME\SERVER\RELEASE_SWARM\BEAMSPOTLIGHT.OBJ
C:\PROJECTS\GAMES\SWARM-DEFERRED\SRC\GAME\SERVER\RELEASE_SWARM\BITSTRING.OBJ
C:\PROJECTS\GAMES\SWARM-DEFERRED\SRC\GAME\SERVER\RELEASE_SWARM\BMODELS.OBJ
C:\PROJECTS\GAMES\SWARM-DEFERRED\SRC\GAME\SERVER\RELEASE_SWARM\BONELIST.OBJ
C:\PROJECTS\GAMES\SWARM-DEFERRED\SRC\GAME\SERVER\RELEASE_SWARM\BUTTONS.OBJ
C:\PROJECTS\GAMES\SWARM-DEFERRED\SRC\GAME\SERVER\RELEASE_SWARM\CBASE.OBJ
C:\PROJECTS\GAMES\SWARM-DEFERRED\SRC\GAME\SERVER\RELEASE_SWARM\CBASEHELICOPTER.OBJ
C:\PROJECTS\GAMES\SWARM-DEFERRED\SRC\GAME\SERVER\RELEASE_SWARM\CBASEPROJECTILE.OBJ
C:\PROJECTS\GAMES\SWARM-DEFERRED\SRC\GAME\SERVER\RELEASE_SWARM\CBASESPRITEPROJECTILE.OBJ
C:\PROJECTS\GAMES\SWARM-DEFERRED\SRC\GAME\SERVER\RELEASE_SWARM\CDEFERRED_MANAGER_SERVER.OBJ
C:\PROJECTS\GAMES\SWARM-DEFERRED\SRC\GAME\SERVER\RELEASE_SWARM\CDEFLIGHT.OBJ
C:\PROJECTS\GAMES\SWARM-DEFERRED\SRC\GAME\SERVER\RELEASE_SWARM\CDEFLIGHTCONTAINER.OBJ
C:\PROJECTS\GAMES\SWARM-DEFERRED\SRC\GAME\SERVER\RELEASE_SWARM\CDEFLIGHTGLOBAL.OBJ
C:\Projects\Games\swarm-deferred\src\game\server\Release_swarm\CL.1584.read.1.tlog
C:\Projects\Games\swarm-deferred\src\game\server\Release_swarm\CL.1584.write.1.tlog
C:\Projects\Games\swarm-deferred\src\game\server\Release_swarm\CL.2732.read.1.tlog
C:\Projects\Games\swarm-deferred\src\game\server\Release_swarm\CL.2732.write.1.tlog
C:\Projects\Games\swarm-deferred\src\game\server\Release_swarm\CL.3800.read.1.tlog
C:\Projects\Games\swarm-deferred\src\game\server\Release_swarm\CL.3800.write.1.tlog
C:\Projects\Games\swarm-deferred\src\game\server\Release_swarm\CL.4516.read.1.tlog
C:\Projects\Games\swarm-deferred\src\game\server\Release_swarm\CL.4516.write.1.tlog
C:\Projects\Games\swarm-deferred\src\game\server\Release_swarm\CL.4620.read.1.tlog
C:\Projects\Games\swarm-deferred\src\game\server\Release_swarm\CL.4620.write.1.tlog
C:\Projects\Games\swarm-deferred\src\game\server\Release_swarm\CL.5268.read.1.tlog
C:\Projects\Games\swarm-deferred\src\game\server\Release_swarm\CL.5268.write.1.tlog
C:\Projects\Games\swarm-deferred\src\game\server\Release_swarm\CL.5316.read.1.tlog
C:\Projects\Games\swarm-deferred\src\game\server\Release_swarm\CL.5316.write.1.tlog
C:\Projects\Games\swarm-deferred\src\game\server\Release_swarm\CL.5332.read.1.tlog
C:\Projects\Games\swarm-deferred\src\game\server\Release_swarm\CL.5332.write.1.tlog
C:\Projects\Games\swarm-deferred\src\game\server\Release_swarm\CL.5384.read.1.tlog
C:\Projects\Games\swarm-deferred\src\game\server\Release_swarm\CL.5384.write.1.tlog
C:\Projects\Games\swarm-deferred\src\game\server\Release_swarm\CL.5460.read.1.tlog
C:\Projects\Games\swarm-deferred\src\game\server\Release_swarm\CL.5460.write.1.tlog
C:\Projects\Games\swarm-deferred\src\game\server\Release_swarm\CL.6008.read.1.tlog
C:\Projects\Games\swarm-deferred\src\game\server\Release_swarm\CL.6008.write.1.tlog
C:\Projects\Games\swarm-deferred\src\game\server\Release_swarm\CL.6028.read.1.tlog
C:\Projects\Games\swarm-deferred\src\game\server\Release_swarm\CL.6028.write.1.tlog
C:\Projects\Games\swarm-deferred\src\game\server\Release_swarm\CL.6148.read.1.tlog
C:\Projects\Games\swarm-deferred\src\game\server\Release_swarm\CL.6148.write.1.tlog
C:\Projects\Games\swarm-deferred\src\game\server\Release_swarm\CL.6576.read.1.tlog
C:\Projects\Games\swarm-deferred\src\game\server\Release_swarm\CL.6576.write.1.tlog
C:\Projects\Games\swarm-deferred\src\game\server\Release_swarm\CL.6920.read.1.tlog
C:\Projects\Games\swarm-deferred\src\game\server\Release_swarm\CL.6920.write.1.tlog
C:\Projects\Games\swarm-deferred\src\game\server\Release_swarm\CL.7100.read.1.tlog
C:\Projects\Games\swarm-deferred\src\game\server\Release_swarm\CL.7100.write.1.tlog
C:\Projects\Games\swarm-deferred\src\game\server\Release_swarm\cl.command.1.tlog
C:\Projects\Games\swarm-deferred\src\game\server\Release_swarm\CL.read.1.tlog
C:\Projects\Games\swarm-deferred\src\game\server\Release_swarm\CL.write.1.tlog
C:\PROJECTS\GAMES\SWARM-DEFERRED\SRC\GAME\SERVER\RELEASE_SWARM\CLIENT.OBJ
C:\PROJECTS\GAMES\SWARM-DEFERRED\SRC\GAME\SERVER\RELEASE_SWARM\CLOSEDCAPTIONS.OBJ
C:\PROJECTS\GAMES\SWARM-DEFERRED\SRC\GAME\SERVER\RELEASE_SWARM\COERCIBLEVARIANT_T.OBJ
C:\PROJECTS\GAMES\SWARM-DEFERRED\SRC\GAME\SERVER\RELEASE_SWARM\COLLISIONPROPERTY.OBJ
C:\PROJECTS\GAMES\SWARM-DEFERRED\SRC\GAME\SERVER\RELEASE_SWARM\COLLISIONUTILS.OBJ
C:\PROJECTS\GAMES\SWARM-DEFERRED\SRC\GAME\SERVER\RELEASE_SWARM\COLORCORRECTION.OBJ
C:\PROJECTS\GAMES\SWARM-DEFERRED\SRC\GAME\SERVER\RELEASE_SWARM\COLORCORRECTIONVOLUME.OBJ
C:\PROJECTS\GAMES\SWARM-DEFERRED\SRC\GAME\SERVER\RELEASE_SWARM\COMMENTARYSYSTEM.OBJ
C:\PROJECTS\GAMES\SWARM-DEFERRED\SRC\GAME\SERVER\RELEASE_SWARM\COMPILEDCAPTIONSWAP.OBJ
C:\PROJECTS\GAMES\SWARM-DEFERRED\SRC\GAME\SERVER\RELEASE_SWARM\CONTROLENTITIES.OBJ
C:\PROJECTS\GAMES\SWARM-DEFERRED\SRC\GAME\SERVER\RELEASE_SWARM\CPLANE.OBJ
C:\PROJECTS\GAMES\SWARM-DEFERRED\SRC\GAME\SERVER\RELEASE_SWARM\CRAGDOLLMAGNET.OBJ
C:\PROJECTS\GAMES\SWARM-DEFERRED\SRC\GAME\SERVER\RELEASE_SWARM\CVISIBILITYMONITOR.OBJ
C:\PROJECTS\GAMES\SWARM-DEFERRED\SRC\GAME\SERVER\RELEASE_SWARM\DAMAGEMODIFIER.OBJ
C:\PROJECTS\GAMES\SWARM-DEFERRED\SRC\GAME\SERVER\RELEASE_SWARM\DEATH_POSE.OBJ
C:\PROJECTS\GAMES\SWARM-DEFERRED\SRC\GAME\SERVER\RELEASE_SWARM\DEBUG_DLL_CHECK.OBJ
C:\PROJECTS\GAMES\SWARM-DEFERRED\SRC\GAME\SERVER\RELEASE_SWARM\DEBUGOVERLAY_SHARED.OBJ
C:\PROJECTS\GAMES\SWARM-DEFERRED\SRC\GAME\SERVER\RELEASE_SWARM\DECALS.OBJ
C:\PROJECTS\GAMES\SWARM-DEFERRED\SRC\GAME\SERVER\RELEASE_SWARM\DEFERRED_SHARED_COMMON.OBJ
C:\PROJECTS\GAMES\SWARM-DEFERRED\SRC\GAME\SERVER\RELEASE_SWARM\DOORS.OBJ
C:\PROJECTS\GAMES\SWARM-DEFERRED\SRC\GAME\SERVER\RELEASE_SWARM\DT_SEND.OBJ
C:\PROJECTS\GAMES\SWARM-DEFERRED\SRC\GAME\SERVER\RELEASE_SWARM\DT_UTLVECTOR_COMMON.OBJ
C:\PROJECTS\GAMES\SWARM-DEFERRED\SRC\GAME\SERVER\RELEASE_SWARM\DT_UTLVECTOR_SEND.OBJ
C:\PROJECTS\GAMES\SWARM-DEFERRED\SRC\GAME\SERVER\RELEASE_SWARM\DYNAMICLIGHT.OBJ
C:\PROJECTS\GAMES\SWARM-DEFERRED\SRC\GAME\SERVER\RELEASE_SWARM\EDITOR_SENDCOMMAND.OBJ
C:\PROJECTS\GAMES\SWARM-DEFERRED\SRC\GAME\SERVER\RELEASE_SWARM\EFFECT_DISPATCH_DATA.OBJ
C:\PROJECTS\GAMES\SWARM-DEFERRED\SRC\GAME\SERVER\RELEASE_SWARM\EFFECTS.OBJ
C:\PROJECTS\GAMES\SWARM-DEFERRED\SRC\GAME\SERVER\RELEASE_SWARM\EFFECTSSERVER.OBJ
C:\PROJECTS\GAMES\SWARM-DEFERRED\SRC\GAME\SERVER\RELEASE_SWARM\EHANDLE.OBJ
C:\PROJECTS\GAMES\SWARM-DEFERRED\SRC\GAME\SERVER\RELEASE_SWARM\ENTITY_TOOLS_SERVER.OBJ
C:\PROJECTS\GAMES\SWARM-DEFERRED\SRC\GAME\SERVER\RELEASE_SWARM\ENTITYBLOCKER.OBJ
C:\PROJECTS\GAMES\SWARM-DEFERRED\SRC\GAME\SERVER\RELEASE_SWARM\ENTITYDISSOLVE.OBJ
C:\PROJECTS\GAMES\SWARM-DEFERRED\SRC\GAME\SERVER\RELEASE_SWARM\ENTITYFLAME.OBJ
C:\PROJECTS\GAMES\SWARM-DEFERRED\SRC\GAME\SERVER\RELEASE_SWARM\ENTITYFREEZING.OBJ
C:\PROJECTS\GAMES\SWARM-DEFERRED\SRC\GAME\SERVER\RELEASE_SWARM\ENTITYLIST.OBJ
C:\PROJECTS\GAMES\SWARM-DEFERRED\SRC\GAME\SERVER\RELEASE_SWARM\ENTITYLIST_BASE.OBJ
C:\PROJECTS\GAMES\SWARM-DEFERRED\SRC\GAME\SERVER\RELEASE_SWARM\ENTITYPARTICLETRAIL.OBJ
C:\PROJECTS\GAMES\SWARM-DEFERRED\SRC\GAME\SERVER\RELEASE_SWARM\ENTITYPARTICLETRAIL_SHARED.OBJ
C:\PROJECTS\GAMES\SWARM-DEFERRED\SRC\GAME\SERVER\RELEASE_SWARM\ENV_AMBIENT_LIGHT.OBJ
C:\PROJECTS\GAMES\SWARM-DEFERRED\SRC\GAME\SERVER\RELEASE_SWARM\ENV_DEBUGHISTORY.OBJ
C:\PROJECTS\GAMES\SWARM-DEFERRED\SRC\GAME\SERVER\RELEASE_SWARM\ENV_DETAIL_CONTROLLER.OBJ
C:\PROJECTS\GAMES\SWARM-DEFERRED\SRC\GAME\SERVER\RELEASE_SWARM\ENV_DOF_CONTROLLER.OBJ
C:\PROJECTS\GAMES\SWARM-DEFERRED\SRC\GAME\SERVER\RELEASE_SWARM\ENV_EFFECTSSCRIPT.OBJ
C:\PROJECTS\GAMES\SWARM-DEFERRED\SRC\GAME\SERVER\RELEASE_SWARM\ENV_ENTITY_MAKER.OBJ
C:\PROJECTS\GAMES\SWARM-DEFERRED\SRC\GAME\SERVER\RELEASE_SWARM\ENV_GLOBAL_LIGHT.OBJ
C:\PROJECTS\GAMES\SWARM-DEFERRED\SRC\GAME\SERVER\RELEASE_SWARM\ENV_INSTRUCTOR_HINT.OBJ
C:\PROJECTS\GAMES\SWARM-DEFERRED\SRC\GAME\SERVER\RELEASE_SWARM\ENV_PARTICLESCRIPT.OBJ
C:\PROJECTS\GAMES\SWARM-DEFERRED\SRC\GAME\SERVER\RELEASE_SWARM\ENV_PLAYER_SURFACE_TRIGGER.OBJ
C:\PROJECTS\GAMES\SWARM-DEFERRED\SRC\GAME\SERVER\RELEASE_SWARM\ENV_PROJECTEDTEXTURE.OBJ
C:\PROJECTS\GAMES\SWARM-DEFERRED\SRC\GAME\SERVER\RELEASE_SWARM\ENV_SCREENOVERLAY.OBJ
C:\PROJECTS\GAMES\SWARM-DEFERRED\SRC\GAME\SERVER\RELEASE_SWARM\ENV_SPEAKER.OBJ
C:\PROJECTS\GAMES\SWARM-DEFERRED\SRC\GAME\SERVER\RELEASE_SWARM\ENV_TEXTURETOGGLE.OBJ
C:\PROJECTS\GAMES\SWARM-DEFERRED\SRC\GAME\SERVER\RELEASE_SWARM\ENV_TONEMAP_CONTROLLER.OBJ
C:\PROJECTS\GAMES\SWARM-DEFERRED\SRC\GAME\SERVER\RELEASE_SWARM\ENV_WIND_SHARED.OBJ
C:\PROJECTS\GAMES\SWARM-DEFERRED\SRC\GAME\SERVER\RELEASE_SWARM\ENV_ZOOM.OBJ
C:\PROJECTS\GAMES\SWARM-DEFERRED\SRC\GAME\SERVER\RELEASE_SWARM\ENVBEAM.OBJ
C:\PROJECTS\GAMES\SWARM-DEFERRED\SRC\GAME\SERVER\RELEASE_SWARM\ENVFADE.OBJ
C:\PROJECTS\GAMES\SWARM-DEFERRED\SRC\GAME\SERVER\RELEASE_SWARM\ENVHUDHINT.OBJ
C:\PROJECTS\GAMES\SWARM-DEFERRED\SRC\GAME\SERVER\RELEASE_SWARM\ENVLASER.OBJ
C:\PROJECTS\GAMES\SWARM-DEFERRED\SRC\GAME\SERVER\RELEASE_SWARM\ENVMESSAGE.OBJ
C:\PROJECTS\GAMES\SWARM-DEFERRED\SRC\GAME\SERVER\RELEASE_SWARM\ENVMICROPHONE.OBJ
C:\PROJECTS\GAMES\SWARM-DEFERRED\SRC\GAME\SERVER\RELEASE_SWARM\ENVSHAKE.OBJ
C:\PROJECTS\GAMES\SWARM-DEFERRED\SRC\GAME\SERVER\RELEASE_SWARM\ENVSPARK.OBJ
C:\PROJECTS\GAMES\SWARM-DEFERRED\SRC\GAME\SERVER\RELEASE_SWARM\EVENT_TEMPENTITY_TESTER.OBJ
C:\PROJECTS\GAMES\SWARM-DEFERRED\SRC\GAME\SERVER\RELEASE_SWARM\EVENTLIST.OBJ
C:\PROJECTS\GAMES\SWARM-DEFERRED\SRC\GAME\SERVER\RELEASE_SWARM\EVENTLOG.OBJ
C:\PROJECTS\GAMES\SWARM-DEFERRED\SRC\GAME\SERVER\RELEASE_SWARM\EXPLODE.OBJ
C:\PROJECTS\GAMES\SWARM-DEFERRED\SRC\GAME\SERVER\RELEASE_SWARM\FILESYSTEM_HELPERS.OBJ
C:\PROJECTS\GAMES\SWARM-DEFERRED\SRC\GAME\SERVER\RELEASE_SWARM\FILTERS.OBJ
C:\PROJECTS\GAMES\SWARM-DEFERRED\SRC\GAME\SERVER\RELEASE_SWARM\FIRE_SMOKE.OBJ
C:\PROJECTS\GAMES\SWARM-DEFERRED\SRC\GAME\SERVER\RELEASE_SWARM\FISH.OBJ
C:\PROJECTS\GAMES\SWARM-DEFERRED\SRC\GAME\SERVER\RELEASE_SWARM\FLEX_EXPRESSER.OBJ
C:\PROJECTS\GAMES\SWARM-DEFERRED\SRC\GAME\SERVER\RELEASE_SWARM\FOGCONTROLLER.OBJ
C:\PROJECTS\GAMES\SWARM-DEFERRED\SRC\GAME\SERVER\RELEASE_SWARM\FOGVOLUME.OBJ
C:\PROJECTS\GAMES\SWARM-DEFERRED\SRC\GAME\SERVER\RELEASE_SWARM\FOUNDRYHELPERS_SERVER.OBJ
C:\PROJECTS\GAMES\SWARM-DEFERRED\SRC\GAME\SERVER\RELEASE_SWARM\FOURWHEELVEHICLEPHYSICS.OBJ
C:\PROJECTS\GAMES\SWARM-DEFERRED\SRC\GAME\SERVER\RELEASE_SWARM\FUNC_AREAPORTAL.OBJ
C:\PROJECTS\GAMES\SWARM-DEFERRED\SRC\GAME\SERVER\RELEASE_SWARM\FUNC_AREAPORTALBASE.OBJ
C:\PROJECTS\GAMES\SWARM-DEFERRED\SRC\GAME\SERVER\RELEASE_SWARM\FUNC_AREAPORTALWINDOW.OBJ
C:\PROJECTS\GAMES\SWARM-DEFERRED\SRC\GAME\SERVER\RELEASE_SWARM\FUNC_BREAK.OBJ
C:\PROJECTS\GAMES\SWARM-DEFERRED\SRC\GAME\SERVER\RELEASE_SWARM\FUNC_BREAKABLESURF.OBJ
C:\PROJECTS\GAMES\SWARM-DEFERRED\SRC\GAME\SERVER\RELEASE_SWARM\FUNC_DUST.OBJ
C:\PROJECTS\GAMES\SWARM-DEFERRED\SRC\GAME\SERVER\RELEASE_SWARM\FUNC_INSTANCE_IO_PROXY.OBJ
C:\PROJECTS\GAMES\SWARM-DEFERRED\SRC\GAME\SERVER\RELEASE_SWARM\FUNC_LADDER.OBJ
C:\PROJECTS\GAMES\SWARM-DEFERRED\SRC\GAME\SERVER\RELEASE_SWARM\FUNC_LADDER_ENDPOINT.OBJ
C:\PROJECTS\GAMES\SWARM-DEFERRED\SRC\GAME\SERVER\RELEASE_SWARM\FUNC_LOD.OBJ
C:\PROJECTS\GAMES\SWARM-DEFERRED\SRC\GAME\SERVER\RELEASE_SWARM\FUNC_MONITOR.OBJ
C:\PROJECTS\GAMES\SWARM-DEFERRED\SRC\GAME\SERVER\RELEASE_SWARM\FUNC_MOVELINEAR.OBJ
C:\PROJECTS\GAMES\SWARM-DEFERRED\SRC\GAME\SERVER\RELEASE_SWARM\FUNC_OCCLUDER.OBJ
C:\PROJECTS\GAMES\SWARM-DEFERRED\SRC\GAME\SERVER\RELEASE_SWARM\FUNC_REFLECTIVE_GLASS.OBJ
C:\PROJECTS\GAMES\SWARM-DEFERRED\SRC\GAME\SERVER\RELEASE_SWARM\FUNC_SMOKEVOLUME.OBJ
C:\PROJECTS\GAMES\SWARM-DEFERRED\SRC\GAME\SERVER\RELEASE_SWARM\GAME.OBJ
C:\PROJECTS\GAMES\SWARM-DEFERRED\SRC\GAME\SERVER\RELEASE_SWARM\GAME_TIMESCALE_SHARED.OBJ
C:\PROJECTS\GAMES\SWARM-DEFERRED\SRC\GAME\SERVER\RELEASE_SWARM\GAME_UI.OBJ
C:\PROJECTS\GAMES\SWARM-DEFERRED\SRC\GAME\SERVER\RELEASE_SWARM\GAMEHANDLE.OBJ
C:\PROJECTS\GAMES\SWARM-DEFERRED\SRC\GAME\SERVER\RELEASE_SWARM\GAMEINTERFACE.OBJ
C:\PROJECTS\GAMES\SWARM-DEFERRED\SRC\GAME\SERVER\RELEASE_SWARM\GAMEMOVEMENT.OBJ
C:\PROJECTS\GAMES\SWARM-DEFERRED\SRC\GAME\SERVER\RELEASE_SWARM\GAMERULES.OBJ
C:\PROJECTS\GAMES\SWARM-DEFERRED\SRC\GAME\SERVER\RELEASE_SWARM\GAMERULES_REGISTER.OBJ
C:\PROJECTS\GAMES\SWARM-DEFERRED\SRC\GAME\SERVER\RELEASE_SWARM\GAMESTATS.OBJ
C:\PROJECTS\GAMES\SWARM-DEFERRED\SRC\GAME\SERVER\RELEASE_SWARM\GAMESTATS_BASICSTATSFUNCTIONS.OBJ
C:\PROJECTS\GAMES\SWARM-DEFERRED\SRC\GAME\SERVER\RELEASE_SWARM\GAMESTRINGPOOL.OBJ
C:\PROJECTS\GAMES\SWARM-DEFERRED\SRC\GAME\SERVER\RELEASE_SWARM\GAMETRACE_DLL.OBJ
C:\PROJECTS\GAMES\SWARM-DEFERRED\SRC\GAME\SERVER\RELEASE_SWARM\GAMEVARS_SHARED.OBJ
C:\PROJECTS\GAMES\SWARM-DEFERRED\SRC\GAME\SERVER\RELEASE_SWARM\GAMEWEAPONMANAGER.OBJ
C:\PROJECTS\GAMES\SWARM-DEFERRED\SRC\GAME\SERVER\RELEASE_SWARM\GENERICACTOR.OBJ
C:\PROJECTS\GAMES\SWARM-DEFERRED\SRC\GAME\SERVER\RELEASE_SWARM\GENERICMONSTER.OBJ
C:\PROJECTS\GAMES\SWARM-DEFERRED\SRC\GAME\SERVER\RELEASE_SWARM\GIB.OBJ
C:\PROJECTS\GAMES\SWARM-DEFERRED\SRC\GAME\SERVER\RELEASE_SWARM\GLOBAL_EVENT_LOG.OBJ
C:\PROJECTS\GAMES\SWARM-DEFERRED\SRC\GAME\SERVER\RELEASE_SWARM\GLOBALS.OBJ
C:\PROJECTS\GAMES\SWARM-DEFERRED\SRC\GAME\SERVER\RELEASE_SWARM\GLOBALSTATE.OBJ
C:\PROJECTS\GAMES\SWARM-DEFERRED\SRC\GAME\SERVER\RELEASE_SWARM\GRENADETHROWN.OBJ
C:\PROJECTS\GAMES\SWARM-DEFERRED\SRC\GAME\SERVER\RELEASE_SWARM\GUNTARGET.OBJ
C:\PROJECTS\GAMES\SWARM-DEFERRED\SRC\GAME\SERVER\RELEASE_SWARM\H_AI.OBJ
C:\PROJECTS\GAMES\SWARM-DEFERRED\SRC\GAME\SERVER\RELEASE_SWARM\H_EXPORT.OBJ
C:\PROJECTS\GAMES\SWARM-DEFERRED\SRC\GAME\SERVER\RELEASE_SWARM\HIERARCHY.OBJ
C:\PROJECTS\GAMES\SWARM-DEFERRED\SRC\GAME\SERVER\RELEASE_SWARM\HINTMESSAGE.OBJ
C:\PROJECTS\GAMES\SWARM-DEFERRED\SRC\GAME\SERVER\RELEASE_SWARM\HINTSYSTEM.OBJ
C:\PROJECTS\GAMES\SWARM-DEFERRED\SRC\GAME\SERVER\RELEASE_SWARM\HL2_EVENTLOG.OBJ
C:\PROJECTS\GAMES\SWARM-DEFERRED\SRC\GAME\SERVER\RELEASE_SWARM\HLTVDIRECTOR.OBJ
C:\PROJECTS\GAMES\SWARM-DEFERRED\SRC\GAME\SERVER\RELEASE_SWARM\IGAMESYSTEM.OBJ
C:\PROJECTS\GAMES\SWARM-DEFERRED\SRC\GAME\SERVER\RELEASE_SWARM\INFO_CAMERA_LINK.OBJ
C:\PROJECTS\GAMES\SWARM-DEFERRED\SRC\GAME\SERVER\RELEASE_SWARM\INFO_OVERLAY_ACCESSOR.OBJ
C:\PROJECTS\GAMES\SWARM-DEFERRED\SRC\GAME\SERVER\RELEASE_SWARM\INFOREMARKABLE.OBJ
C:\PROJECTS\GAMES\SWARM-DEFERRED\SRC\GAME\SERVER\RELEASE_SWARM\INIT_FACTORY.OBJ
C:\PROJECTS\GAMES\SWARM-DEFERRED\SRC\GAME\SERVER\RELEASE_SWARM\INTERMISSION.OBJ
C:\PROJECTS\GAMES\SWARM-DEFERRED\SRC\GAME\SERVER\RELEASE_SWARM\INTERPOLATORTYPES.OBJ
C:\PROJECTS\GAMES\SWARM-DEFERRED\SRC\GAME\SERVER\RELEASE_SWARM\ITEM_WORLD.OBJ
C:\PROJECTS\GAMES\SWARM-DEFERRED\SRC\GAME\SERVER\RELEASE_SWARM\KEYFRAME.OBJ
C:\PROJECTS\GAMES\SWARM-DEFERRED\SRC\GAME\SERVER\RELEASE_SWARM\LIGHTGLOW.OBJ
C:\PROJECTS\GAMES\SWARM-DEFERRED\SRC\GAME\SERVER\RELEASE_SWARM\LIGHTS.OBJ
C:\Projects\Games\swarm-deferred\src\game\server\Release_swarm\link.command.1.tlog
C:\Projects\Games\swarm-deferred\src\game\server\Release_swarm\link.read.1.tlog
C:\Projects\Games\swarm-deferred\src\game\server\Release_swarm\link.write.1.tlog
C:\PROJECTS\GAMES\SWARM-DEFERRED\SRC\GAME\SERVER\RELEASE_SWARM\LOGIC_MEASURE_MOVEMENT.OBJ
C:\PROJECTS\GAMES\SWARM-DEFERRED\SRC\GAME\SERVER\RELEASE_SWARM\LOGIC_NAVIGATION.OBJ
C:\PROJECTS\GAMES\SWARM-DEFERRED\SRC\GAME\SERVER\RELEASE_SWARM\LOGIC_PLAYERPROXY.OBJ
C:\PROJECTS\GAMES\SWARM-DEFERRED\SRC\GAME\SERVER\RELEASE_SWARM\LOGIC_PLAYMOVIE.OBJ
C:\PROJECTS\GAMES\SWARM-DEFERRED\SRC\GAME\SERVER\RELEASE_SWARM\LOGIC_RANDOM_OUTPUTS.OBJ
C:\PROJECTS\GAMES\SWARM-DEFERRED\SRC\GAME\SERVER\RELEASE_SWARM\LOGICAUTO.OBJ
C:\PROJECTS\GAMES\SWARM-DEFERRED\SRC\GAME\SERVER\RELEASE_SWARM\LOGICENTITIES.OBJ
C:\PROJECTS\GAMES\SWARM-DEFERRED\SRC\GAME\SERVER\RELEASE_SWARM\LOGICRELAY.OBJ
C:\PROJECTS\GAMES\SWARM-DEFERRED\SRC\GAME\SERVER\RELEASE_SWARM\LOOK_DOOR.OBJ
C:\PROJECTS\GAMES\SWARM-DEFERRED\SRC\GAME\SERVER\RELEASE_SWARM\MAP_UTILS.OBJ
C:\PROJECTS\GAMES\SWARM-DEFERRED\SRC\GAME\SERVER\RELEASE_SWARM\MAPENTITIES.OBJ
C:\PROJECTS\GAMES\SWARM-DEFERRED\SRC\GAME\SERVER\RELEASE_SWARM\MAPENTITIES_SHARED.OBJ
C:\PROJECTS\GAMES\SWARM-DEFERRED\SRC\GAME\SERVER\RELEASE_SWARM\MAPRULES.OBJ
C:\PROJECTS\GAMES\SWARM-DEFERRED\SRC\GAME\SERVER\RELEASE_SWARM\MATERIALMODIFYCONTROL.OBJ
C:\PROJECTS\GAMES\SWARM-DEFERRED\SRC\GAME\SERVER\RELEASE_SWARM\MEMOVERRIDE.OBJ
C:\PROJECTS\GAMES\SWARM-DEFERRED\SRC\GAME\SERVER\RELEASE_SWARM\MESSAGE_ENTITY.OBJ
C:\PROJECTS\GAMES\SWARM-DEFERRED\SRC\GAME\SERVER\RELEASE_SWARM\MODELENTITIES.OBJ
C:\PROJECTS\GAMES\SWARM-DEFERRED\SRC\GAME\SERVER\RELEASE_SWARM\MODELSOUNDSCACHE.OBJ
C:\PROJECTS\GAMES\SWARM-DEFERRED\SRC\GAME\SERVER\RELEASE_SWARM\MONSTER_DUMMY.OBJ
C:\PROJECTS\GAMES\SWARM-DEFERRED\SRC\GAME\SERVER\RELEASE_SWARM\MONSTERMAKER.OBJ
C:\PROJECTS\GAMES\SWARM-DEFERRED\SRC\GAME\SERVER\RELEASE_SWARM\MOVEHELPER_SERVER.OBJ
C:\PROJECTS\GAMES\SWARM-DEFERRED\SRC\GAME\SERVER\RELEASE_SWARM\MOVEMENT.OBJ
C:\PROJECTS\GAMES\SWARM-DEFERRED\SRC\GAME\SERVER\RELEASE_SWARM\MOVEVARS_SHARED.OBJ
C:\PROJECTS\GAMES\SWARM-DEFERRED\SRC\GAME\SERVER\RELEASE_SWARM\MOVIE_DISPLAY.OBJ
C:\PROJECTS\GAMES\SWARM-DEFERRED\SRC\GAME\SERVER\RELEASE_SWARM\MOVIE_EXPLOSION.OBJ
C:\PROJECTS\GAMES\SWARM-DEFERRED\SRC\GAME\SERVER\RELEASE_SWARM\MP_SHAREDDEFS.OBJ
C:\PROJECTS\GAMES\SWARM-DEFERRED\SRC\GAME\SERVER\RELEASE_SWARM\MULTIPLAY_GAMERULES.OBJ
C:\PROJECTS\GAMES\SWARM-DEFERRED\SRC\GAME\SERVER\RELEASE_SWARM\NAV_AREA.OBJ
C:\PROJECTS\GAMES\SWARM-DEFERRED\SRC\GAME\SERVER\RELEASE_SWARM\NAV_COLORS.OBJ
C:\PROJECTS\GAMES\SWARM-DEFERRED\SRC\GAME\SERVER\RELEASE_SWARM\NAV_EDIT.OBJ
C:\PROJECTS\GAMES\SWARM-DEFERRED\SRC\GAME\SERVER\RELEASE_SWARM\NAV_ENTITIES.OBJ
C:\PROJECTS\GAMES\SWARM-DEFERRED\SRC\GAME\SERVER\RELEASE_SWARM\NAV_FILE.OBJ
C:\PROJECTS\GAMES\SWARM-DEFERRED\SRC\GAME\SERVER\RELEASE_SWARM\NAV_GENERATE.OBJ
C:\PROJECTS\GAMES\SWARM-DEFERRED\SRC\GAME\SERVER\RELEASE_SWARM\NAV_LADDER.OBJ
C:\PROJECTS\GAMES\SWARM-DEFERRED\SRC\GAME\SERVER\RELEASE_SWARM\NAV_MERGE.OBJ
C:\PROJECTS\GAMES\SWARM-DEFERRED\SRC\GAME\SERVER\RELEASE_SWARM\NAV_MESH.OBJ
C:\PROJECTS\GAMES\SWARM-DEFERRED\SRC\GAME\SERVER\RELEASE_SWARM\NAV_MESH_FACTORY.OBJ
C:\PROJECTS\GAMES\SWARM-DEFERRED\SRC\GAME\SERVER\RELEASE_SWARM\NAV_NODE.OBJ
C:\PROJECTS\GAMES\SWARM-DEFERRED\SRC\GAME\SERVER\RELEASE_SWARM\NAV_SIMPLIFY.OBJ
C:\PROJECTS\GAMES\SWARM-DEFERRED\SRC\GAME\SERVER\RELEASE_SWARM\NDEBUGOVERLAY.OBJ
C:\PROJECTS\GAMES\SWARM-DEFERRED\SRC\GAME\SERVER\RELEASE_SWARM\NETWORKVAR.OBJ
C:\PROJECTS\GAMES\SWARM-DEFERRED\SRC\GAME\SERVER\RELEASE_SWARM\NPC_ATTACKCHOPPER.OBJ
C:\PROJECTS\GAMES\SWARM-DEFERRED\SRC\GAME\SERVER\RELEASE_SWARM\NPC_BULLSEYE.OBJ
C:\PROJECTS\GAMES\SWARM-DEFERRED\SRC\GAME\SERVER\RELEASE_SWARM\NPC_COMBINEGUNSHIP.OBJ
C:\PROJECTS\GAMES\SWARM-DEFERRED\SRC\GAME\SERVER\RELEASE_SWARM\NPC_ENEMYFINDER.OBJ
C:\PROJECTS\GAMES\SWARM-DEFERRED\SRC\GAME\SERVER\RELEASE_SWARM\NPC_INFECTED.OBJ
C:\PROJECTS\GAMES\SWARM-DEFERRED\SRC\GAME\SERVER\RELEASE_SWARM\NPC_VEHICLEDRIVER.OBJ
C:\PROJECTS\GAMES\SWARM-DEFERRED\SRC\GAME\SERVER\RELEASE_SWARM\OBSTACLE_PUSHAWAY.OBJ
C:\PROJECTS\GAMES\SWARM-DEFERRED\SRC\GAME\SERVER\RELEASE_SWARM\PARTICLE_FIRE.OBJ
C:\PROJECTS\GAMES\SWARM-DEFERRED\SRC\GAME\SERVER\RELEASE_SWARM\PARTICLE_LIGHT.OBJ
C:\PROJECTS\GAMES\SWARM-DEFERRED\SRC\GAME\SERVER\RELEASE_SWARM\PARTICLE_PARSE.OBJ
C:\PROJECTS\GAMES\SWARM-DEFERRED\SRC\GAME\SERVER\RELEASE_SWARM\PARTICLE_SMOKEGRENADE.OBJ
C:\PROJECTS\GAMES\SWARM-DEFERRED\SRC\GAME\SERVER\RELEASE_SWARM\PARTICLE_SYSTEM.OBJ
C:\PROJECTS\GAMES\SWARM-DEFERRED\SRC\GAME\SERVER\RELEASE_SWARM\PARTICLESYSTEMQUERY.OBJ
C:\PROJECTS\GAMES\SWARM-DEFERRED\SRC\GAME\SERVER\RELEASE_SWARM\PATHCORNER.OBJ
C:\PROJECTS\GAMES\SWARM-DEFERRED\SRC\GAME\SERVER\RELEASE_SWARM\PATHTRACK.OBJ
C:\PROJECTS\GAMES\SWARM-DEFERRED\SRC\GAME\SERVER\RELEASE_SWARM\PHYS_CONTROLLER.OBJ
C:\PROJECTS\GAMES\SWARM-DEFERRED\SRC\GAME\SERVER\RELEASE_SWARM\PHYSCONSTRAINT.OBJ
C:\PROJECTS\GAMES\SWARM-DEFERRED\SRC\GAME\SERVER\RELEASE_SWARM\PHYSICS.OBJ
C:\PROJECTS\GAMES\SWARM-DEFERRED\SRC\GAME\SERVER\RELEASE_SWARM\PHYSICS_BONE_FOLLOWER.OBJ
C:\PROJECTS\GAMES\SWARM-DEFERRED\SRC\GAME\SERVER\RELEASE_SWARM\PHYSICS_CANNISTER.OBJ
C:\PROJECTS\GAMES\SWARM-DEFERRED\SRC\GAME\SERVER\RELEASE_SWARM\PHYSICS_FX.OBJ
C:\PROJECTS\GAMES\SWARM-DEFERRED\SRC\GAME\SERVER\RELEASE_SWARM\PHYSICS_IMPACT_DAMAGE.OBJ
C:\PROJECTS\GAMES\SWARM-DEFERRED\SRC\GAME\SERVER\RELEASE_SWARM\PHYSICS_MAIN.OBJ
C:\PROJECTS\GAMES\SWARM-DEFERRED\SRC\GAME\SERVER\RELEASE_SWARM\PHYSICS_MAIN_SHARED.OBJ
C:\PROJECTS\GAMES\SWARM-DEFERRED\SRC\GAME\SERVER\RELEASE_SWARM\PHYSICS_NPC_SOLVER.OBJ
C:\PROJECTS\GAMES\SWARM-DEFERRED\SRC\GAME\SERVER\RELEASE_SWARM\PHYSICS_PROP_RAGDOLL.OBJ
C:\PROJECTS\GAMES\SWARM-DEFERRED\SRC\GAME\SERVER\RELEASE_SWARM\PHYSICS_PROP_STATUE.OBJ
C:\PROJECTS\GAMES\SWARM-DEFERRED\SRC\GAME\SERVER\RELEASE_SWARM\PHYSICS_SAVERESTORE.OBJ
C:\PROJECTS\GAMES\SWARM-DEFERRED\SRC\GAME\SERVER\RELEASE_SWARM\PHYSICS_SHARED.OBJ
C:\PROJECTS\GAMES\SWARM-DEFERRED\SRC\GAME\SERVER\RELEASE_SWARM\PHYSOBJ.OBJ
C:\PROJECTS\GAMES\SWARM-DEFERRED\SRC\GAME\SERVER\RELEASE_SWARM\PLASMA.OBJ
C:\PROJECTS\GAMES\SWARM-DEFERRED\SRC\GAME\SERVER\RELEASE_SWARM\PLAYER.OBJ
C:\PROJECTS\GAMES\SWARM-DEFERRED\SRC\GAME\SERVER\RELEASE_SWARM\PLAYER_COMMAND.OBJ
C:\PROJECTS\GAMES\SWARM-DEFERRED\SRC\GAME\SERVER\RELEASE_SWARM\PLAYER_LAGCOMPENSATION.OBJ
C:\PROJECTS\GAMES\SWARM-DEFERRED\SRC\GAME\SERVER\RELEASE_SWARM\PLAYER_PICKUP.OBJ
C:\PROJECTS\GAMES\SWARM-DEFERRED\SRC\GAME\SERVER\RELEASE_SWARM\PLAYER_RESOURCE.OBJ
C:\PROJECTS\GAMES\SWARM-DEFERRED\SRC\GAME\SERVER\RELEASE_SWARM\PLAYER_VOICE_LISTENER.OBJ
C:\PROJECTS\GAMES\SWARM-DEFERRED\SRC\GAME\SERVER\RELEASE_SWARM\PLAYERINFOMANAGER.OBJ
C:\PROJECTS\GAMES\SWARM-DEFERRED\SRC\GAME\SERVER\RELEASE_SWARM\PLAYERLOCALDATA.OBJ
C:\PROJECTS\GAMES\SWARM-DEFERRED\SRC\GAME\SERVER\RELEASE_SWARM\PLUGIN_CHECK.OBJ
C:\PROJECTS\GAMES\SWARM-DEFERRED\SRC\GAME\SERVER\RELEASE_SWARM\POINT_BONUSMAPS_ACCESSOR.OBJ
C:\PROJECTS\GAMES\SWARM-DEFERRED\SRC\GAME\SERVER\RELEASE_SWARM\POINT_CAMERA.OBJ
C:\PROJECTS\GAMES\SWARM-DEFERRED\SRC\GAME\SERVER\RELEASE_SWARM\POINT_DEVSHOT_CAMERA.OBJ
C:\PROJECTS\GAMES\SWARM-DEFERRED\SRC\GAME\SERVER\RELEASE_SWARM\POINT_ENTITY_FINDER.OBJ
C:\PROJECTS\GAMES\SWARM-DEFERRED\SRC\GAME\SERVER\RELEASE_SWARM\POINT_EVENT_PROXY.OBJ
C:\PROJECTS\GAMES\SWARM-DEFERRED\SRC\GAME\SERVER\RELEASE_SWARM\POINT_PLAYERMOVECONSTRAINT.OBJ
C:\PROJECTS\GAMES\SWARM-DEFERRED\SRC\GAME\SERVER\RELEASE_SWARM\POINT_POSECONTROLLER.OBJ
C:\PROJECTS\GAMES\SWARM-DEFERRED\SRC\GAME\SERVER\RELEASE_SWARM\POINT_SPOTLIGHT.OBJ
C:\PROJECTS\GAMES\SWARM-DEFERRED\SRC\GAME\SERVER\RELEASE_SWARM\POINT_TEMPLATE.OBJ
C:\PROJECTS\GAMES\SWARM-DEFERRED\SRC\GAME\SERVER\RELEASE_SWARM\POINTANGLESENSOR.OBJ
C:\PROJECTS\GAMES\SWARM-DEFERRED\SRC\GAME\SERVER\RELEASE_SWARM\POINTANGULARVELOCITYSENSOR.OBJ
C:\PROJECTS\GAMES\SWARM-DEFERRED\SRC\GAME\SERVER\RELEASE_SWARM\POINTHURT.OBJ
C:\PROJECTS\GAMES\SWARM-DEFERRED\SRC\GAME\SERVER\RELEASE_SWARM\POINTTELEPORT.OBJ
C:\PROJECTS\GAMES\SWARM-DEFERRED\SRC\GAME\SERVER\RELEASE_SWARM\POSTPROCESSCONTROLLER.OBJ
C:\PROJECTS\GAMES\SWARM-DEFERRED\SRC\GAME\SERVER\RELEASE_SWARM\PRECACHE_REGISTER.OBJ
C:\PROJECTS\GAMES\SWARM-DEFERRED\SRC\GAME\SERVER\RELEASE_SWARM\PREDICTABLEID.OBJ
C:\PROJECTS\GAMES\SWARM-DEFERRED\SRC\GAME\SERVER\RELEASE_SWARM\PREDICTED_VIEWMODEL.OBJ
C:\PROJECTS\GAMES\SWARM-DEFERRED\SRC\GAME\SERVER\RELEASE_SWARM\PROP_HALLUCINATION.OBJ
C:\PROJECTS\GAMES\SWARM-DEFERRED\SRC\GAME\SERVER\RELEASE_SWARM\PROPS.OBJ
C:\PROJECTS\GAMES\SWARM-DEFERRED\SRC\GAME\SERVER\RELEASE_SWARM\PROPS_SHARED.OBJ
C:\PROJECTS\GAMES\SWARM-DEFERRED\SRC\GAME\SERVER\RELEASE_SWARM\QUERYCACHE.OBJ
C:\PROJECTS\GAMES\SWARM-DEFERRED\SRC\GAME\SERVER\RELEASE_SWARM\RAGDOLL_MANAGER.OBJ
C:\PROJECTS\GAMES\SWARM-DEFERRED\SRC\GAME\SERVER\RELEASE_SWARM\RAGDOLL_SHARED.OBJ
C:\PROJECTS\GAMES\SWARM-DEFERRED\SRC\GAME\SERVER\RELEASE_SWARM\RAGDOLLBOOGIE.OBJ
C:\PROJECTS\GAMES\SWARM-DEFERRED\SRC\GAME\SERVER\RELEASE_SWARM\RANDOVERRIDE.OBJ
C:\PROJECTS\GAMES\SWARM-DEFERRED\SRC\GAME\SERVER\RELEASE_SWARM\RECIPIENTFILTER.OBJ
C:\PROJECTS\GAMES\SWARM-DEFERRED\SRC\GAME\SERVER\RELEASE_SWARM\REGISTRY.OBJ
C:\PROJECTS\GAMES\SWARM-DEFERRED\SRC\GAME\SERVER\RELEASE_SWARM\REPLAYDIRECTOR.OBJ
C:\PROJECTS\GAMES\SWARM-DEFERRED\SRC\GAME\SERVER\RELEASE_SWARM\ROPE.OBJ
C:\PROJECTS\GAMES\SWARM-DEFERRED\SRC\GAME\SERVER\RELEASE_SWARM\ROPE_HELPERS.OBJ
C:\PROJECTS\GAMES\SWARM-DEFERRED\SRC\GAME\SERVER\RELEASE_SWARM\ROPE_PHYSICS.OBJ
C:\PROJECTS\GAMES\SWARM-DEFERRED\SRC\GAME\SERVER\RELEASE_SWARM\ROTORWASH.OBJ
C:\PROJECTS\GAMES\SWARM-DEFERRED\SRC\GAME\SERVER\RELEASE_SWARM\SAVERESTORE.OBJ
C:\PROJECTS\GAMES\SWARM-DEFERRED\SRC\GAME\SERVER\RELEASE_SWARM\SCENECACHE.OBJ
C:\PROJECTS\GAMES\SWARM-DEFERRED\SRC\GAME\SERVER\RELEASE_SWARM\SCENEENTITY.OBJ
C:\PROJECTS\GAMES\SWARM-DEFERRED\SRC\GAME\SERVER\RELEASE_SWARM\SCENEENTITY_SHARED.OBJ
C:\PROJECTS\GAMES\SWARM-DEFERRED\SRC\GAME\SERVER\RELEASE_SWARM\SCRATCHPAD_GAMEDLL_HELPERS.OBJ
C:\PROJECTS\GAMES\SWARM-DEFERRED\SRC\GAME\SERVER\RELEASE_SWARM\SCRATCHPAD3D.OBJ
C:\PROJECTS\GAMES\SWARM-DEFERRED\SRC\GAME\SERVER\RELEASE_SWARM\SCRATCHPADUTILS.OBJ
C:\PROJECTS\GAMES\SWARM-DEFERRED\SRC\GAME\SERVER\RELEASE_SWARM\SCRIPTED.OBJ
C:\PROJECTS\GAMES\SWARM-DEFERRED\SRC\GAME\SERVER\RELEASE_SWARM\SCRIPTEDTARGET.OBJ
C:\PROJECTS\GAMES\SWARM-DEFERRED\SRC\GAME\SERVER\RELEASE_SWARM\SDK_BOT_TEMP.OBJ
C:\PROJECTS\GAMES\SWARM-DEFERRED\SRC\GAME\SERVER\RELEASE_SWARM\SDK_CLIENT.OBJ
C:\PROJECTS\GAMES\SWARM-DEFERRED\SRC\GAME\SERVER\RELEASE_SWARM\SDK_FIRE.OBJ
C:\PROJECTS\GAMES\SWARM-DEFERRED\SRC\GAME\SERVER\RELEASE_SWARM\SDK_FX_SHARED.OBJ
C:\PROJECTS\GAMES\SWARM-DEFERRED\SRC\GAME\SERVER\RELEASE_SWARM\SDK_GAMEINTERFACE.OBJ
C:\PROJECTS\GAMES\SWARM-DEFERRED\SRC\GAME\SERVER\RELEASE_SWARM\SDK_GAMEMOVEMENT.OBJ
C:\PROJECTS\GAMES\SWARM-DEFERRED\SRC\GAME\SERVER\RELEASE_SWARM\SDK_GAMERULES.OBJ
C:\PROJECTS\GAMES\SWARM-DEFERRED\SRC\GAME\SERVER\RELEASE_SWARM\SDK_PLAYER.OBJ
C:\PROJECTS\GAMES\SWARM-DEFERRED\SRC\GAME\SERVER\RELEASE_SWARM\SDK_PLAYER_SHARED.OBJ
C:\PROJECTS\GAMES\SWARM-DEFERRED\SRC\GAME\SERVER\RELEASE_SWARM\SDK_PLAYERANIMSTATE.OBJ
C:\PROJECTS\GAMES\SWARM-DEFERRED\SRC\GAME\SERVER\RELEASE_SWARM\SDK_PLAYERMOVE.OBJ
C:\PROJECTS\GAMES\SWARM-DEFERRED\SRC\GAME\SERVER\RELEASE_SWARM\SDK_SHAREDDEFS.OBJ
C:\PROJECTS\GAMES\SWARM-DEFERRED\SRC\GAME\SERVER\RELEASE_SWARM\SDK_USERMESSAGES.OBJ
C:\PROJECTS\GAMES\SWARM-DEFERRED\SRC\GAME\SERVER\RELEASE_SWARM\SDK_WEAPON_PARSE.OBJ
C:\PROJECTS\GAMES\SWARM-DEFERRED\SRC\GAME\SERVER\RELEASE_SWARM\SENDPROXY.OBJ
C:\PROJECTS\GAMES\SWARM-DEFERRED\SRC\GAME\SERVER\RELEASE_SWARM\SEQUENCE_TRANSITIONER.OBJ
C:\PROJECTS\GAMES\SWARM-DEFERRED\SRC\GAME\SERVER\RELEASE_SWARM\SERVER.DLL
C:\Projects\Games\swarm-deferred\src\game\server\Release_swarm\server.exp
C:\Projects\Games\swarm-deferred\src\game\server\Release_swarm\server.lib
C:\PROJECTS\GAMES\SWARM-DEFERRED\SRC\GAME\SERVER\RELEASE_SWARM\SERVER.PCH
C:\PROJECTS\GAMES\SWARM-DEFERRED\SRC\GAME\SERVER\RELEASE_SWARM\SERVER.PDB
C:\Projects\Games\swarm-deferred\src\game\server\Release_swarm\server.write.1.tlog
C:\PROJECTS\GAMES\SWARM-DEFERRED\SRC\GAME\SERVER\RELEASE_SWARM\SERVER_CLASS.OBJ
C:\PROJECTS\GAMES\SWARM-DEFERRED\SRC\GAME\SERVER\RELEASE_SWARM\SERVERBENCHMARK_BASE.OBJ
C:\PROJECTS\GAMES\SWARM-DEFERRED\SRC\GAME\SERVER\RELEASE_SWARM\SERVERNETWORKPROPERTY.OBJ
C:\PROJECTS\GAMES\SWARM-DEFERRED\SRC\GAME\SERVER\RELEASE_SWARM\SHADOWCONTROL.OBJ
C:\PROJECTS\GAMES\SWARM-DEFERRED\SRC\GAME\SERVER\RELEASE_SWARM\SHEETSIMULATOR.OBJ
C:\PROJECTS\GAMES\SWARM-DEFERRED\SRC\GAME\SERVER\RELEASE_SWARM\SIMPLE_PHYSICS.OBJ
C:\PROJECTS\GAMES\SWARM-DEFERRED\SRC\GAME\SERVER\RELEASE_SWARM\SIMTIMER.OBJ
C:\PROJECTS\GAMES\SWARM-DEFERRED\SRC\GAME\SERVER\RELEASE_SWARM\SINGLEPLAY_GAMERULES.OBJ
C:\PROJECTS\GAMES\SWARM-DEFERRED\SRC\GAME\SERVER\RELEASE_SWARM\SKYBOXSWAPPER.OBJ
C:\PROJECTS\GAMES\SWARM-DEFERRED\SRC\GAME\SERVER\RELEASE_SWARM\SKYCAMERA.OBJ
C:\PROJECTS\GAMES\SWARM-DEFERRED\SRC\GAME\SERVER\RELEASE_SWARM\SLIDESHOW_DISPLAY.OBJ
C:\PROJECTS\GAMES\SWARM-DEFERRED\SRC\GAME\SERVER\RELEASE_SWARM\SMOKE_TRAIL.OBJ
C:\PROJECTS\GAMES\SWARM-DEFERRED\SRC\GAME\SERVER\RELEASE_SWARM\SMOKESTACK.OBJ
C:\PROJECTS\GAMES\SWARM-DEFERRED\SRC\GAME\SERVER\RELEASE_SWARM\SOUND.OBJ
C:\PROJECTS\GAMES\SWARM-DEFERRED\SRC\GAME\SERVER\RELEASE_SWARM\SOUNDEMITTERSYSTEM.OBJ
C:\PROJECTS\GAMES\SWARM-DEFERRED\SRC\GAME\SERVER\RELEASE_SWARM\SOUNDENT.OBJ
C:\PROJECTS\GAMES\SWARM-DEFERRED\SRC\GAME\SERVER\RELEASE_SWARM\SOUNDENVELOPE.OBJ
C:\PROJECTS\GAMES\SWARM-DEFERRED\SRC\GAME\SERVER\RELEASE_SWARM\SOUNDPARAMETERSINTERNAL.OBJ
C:\PROJECTS\GAMES\SWARM-DEFERRED\SRC\GAME\SERVER\RELEASE_SWARM\SOUNDSCAPE.OBJ
C:\PROJECTS\GAMES\SWARM-DEFERRED\SRC\GAME\SERVER\RELEASE_SWARM\SOUNDSCAPE_SYSTEM.OBJ
C:\PROJECTS\GAMES\SWARM-DEFERRED\SRC\GAME\SERVER\RELEASE_SWARM\SPATIALENTITY.OBJ
C:\PROJECTS\GAMES\SWARM-DEFERRED\SRC\GAME\SERVER\RELEASE_SWARM\SPOTLIGHTEND.OBJ
C:\PROJECTS\GAMES\SWARM-DEFERRED\SRC\GAME\SERVER\RELEASE_SWARM\SPRITE.OBJ
C:\PROJECTS\GAMES\SWARM-DEFERRED\SRC\GAME\SERVER\RELEASE_SWARM\SPRITE_PERFMONITOR.OBJ
C:\PROJECTS\GAMES\SWARM-DEFERRED\SRC\GAME\SERVER\RELEASE_SWARM\SPRITETRAIL.OBJ
C:\PROJECTS\GAMES\SWARM-DEFERRED\SRC\GAME\SERVER\RELEASE_SWARM\STDAFX.OBJ
C:\PROJECTS\GAMES\SWARM-DEFERRED\SRC\GAME\SERVER\RELEASE_SWARM\STEAMJET.OBJ
C:\PROJECTS\GAMES\SWARM-DEFERRED\SRC\GAME\SERVER\RELEASE_SWARM\STEAMWORKS_GAMESTATS.OBJ
C:\PROJECTS\GAMES\SWARM-DEFERRED\SRC\GAME\SERVER\RELEASE_SWARM\STRINGREGISTRY.OBJ
C:\PROJECTS\GAMES\SWARM-DEFERRED\SRC\GAME\SERVER\RELEASE_SWARM\STUDIO.OBJ
C:\PROJECTS\GAMES\SWARM-DEFERRED\SRC\GAME\SERVER\RELEASE_SWARM\STUDIO_SHARED.OBJ
C:\PROJECTS\GAMES\SWARM-DEFERRED\SRC\GAME\SERVER\RELEASE_SWARM\SUBS.OBJ
C:\PROJECTS\GAMES\SWARM-DEFERRED\SRC\GAME\SERVER\RELEASE_SWARM\SUN.OBJ
C:\PROJECTS\GAMES\SWARM-DEFERRED\SRC\GAME\SERVER\RELEASE_SWARM\SUNLIGHTSHADOWCONTROL.OBJ
C:\PROJECTS\GAMES\SWARM-DEFERRED\SRC\GAME\SERVER\RELEASE_SWARM\TAKEDAMAGEINFO.OBJ
C:\PROJECTS\GAMES\SWARM-DEFERRED\SRC\GAME\SERVER\RELEASE_SWARM\TANKTRAIN.OBJ
C:\PROJECTS\GAMES\SWARM-DEFERRED\SRC\GAME\SERVER\RELEASE_SWARM\TE.OBJ
C:\PROJECTS\GAMES\SWARM-DEFERRED\SRC\GAME\SERVER\RELEASE_SWARM\TE_ARMORRICOCHET.OBJ
C:\PROJECTS\GAMES\SWARM-DEFERRED\SRC\GAME\SERVER\RELEASE_SWARM\TE_BASEBEAM.OBJ
C:\PROJECTS\GAMES\SWARM-DEFERRED\SRC\GAME\SERVER\RELEASE_SWARM\TE_BEAMENTPOINT.OBJ
C:\PROJECTS\GAMES\SWARM-DEFERRED\SRC\GAME\SERVER\RELEASE_SWARM\TE_BEAMENTS.OBJ
C:\PROJECTS\GAMES\SWARM-DEFERRED\SRC\GAME\SERVER\RELEASE_SWARM\TE_BEAMFOLLOW.OBJ
C:\PROJECTS\GAMES\SWARM-DEFERRED\SRC\GAME\SERVER\RELEASE_SWARM\TE_BEAMLASER.OBJ
C:\PROJECTS\GAMES\SWARM-DEFERRED\SRC\GAME\SERVER\RELEASE_SWARM\TE_BEAMPOINTS.OBJ
C:\PROJECTS\GAMES\SWARM-DEFERRED\SRC\GAME\SERVER\RELEASE_SWARM\TE_BEAMRING.OBJ
C:\PROJECTS\GAMES\SWARM-DEFERRED\SRC\GAME\SERVER\RELEASE_SWARM\TE_BEAMRINGPOINT.OBJ
C:\PROJECTS\GAMES\SWARM-DEFERRED\SRC\GAME\SERVER\RELEASE_SWARM\TE_BEAMSPLINE.OBJ
C:\PROJECTS\GAMES\SWARM-DEFERRED\SRC\GAME\SERVER\RELEASE_SWARM\TE_BLOODSPRITE.OBJ
C:\PROJECTS\GAMES\SWARM-DEFERRED\SRC\GAME\SERVER\RELEASE_SWARM\TE_BLOODSTREAM.OBJ
C:\PROJECTS\GAMES\SWARM-DEFERRED\SRC\GAME\SERVER\RELEASE_SWARM\TE_BREAKMODEL.OBJ
C:\PROJECTS\GAMES\SWARM-DEFERRED\SRC\GAME\SERVER\RELEASE_SWARM\TE_BSPDECAL.OBJ
C:\PROJECTS\GAMES\SWARM-DEFERRED\SRC\GAME\SERVER\RELEASE_SWARM\TE_BUBBLES.OBJ
C:\PROJECTS\GAMES\SWARM-DEFERRED\SRC\GAME\SERVER\RELEASE_SWARM\TE_BUBBLETRAIL.OBJ
C:\PROJECTS\GAMES\SWARM-DEFERRED\SRC\GAME\SERVER\RELEASE_SWARM\TE_CLIENTPROJECTILE.OBJ
C:\PROJECTS\GAMES\SWARM-DEFERRED\SRC\GAME\SERVER\RELEASE_SWARM\TE_DECAL.OBJ
C:\PROJECTS\GAMES\SWARM-DEFERRED\SRC\GAME\SERVER\RELEASE_SWARM\TE_DYNAMICLIGHT.OBJ
C:\PROJECTS\GAMES\SWARM-DEFERRED\SRC\GAME\SERVER\RELEASE_SWARM\TE_EFFECT_DISPATCH.OBJ
C:\PROJECTS\GAMES\SWARM-DEFERRED\SRC\GAME\SERVER\RELEASE_SWARM\TE_ENERGYSPLASH.OBJ
C:\PROJECTS\GAMES\SWARM-DEFERRED\SRC\GAME\SERVER\RELEASE_SWARM\TE_EXPLOSION.OBJ
C:\PROJECTS\GAMES\SWARM-DEFERRED\SRC\GAME\SERVER\RELEASE_SWARM\TE_FIZZ.OBJ
C:\PROJECTS\GAMES\SWARM-DEFERRED\SRC\GAME\SERVER\RELEASE_SWARM\TE_FOOTPRINTDECAL.OBJ
C:\PROJECTS\GAMES\SWARM-DEFERRED\SRC\GAME\SERVER\RELEASE_SWARM\TE_GAUSSEXPLOSION.OBJ
C:\PROJECTS\GAMES\SWARM-DEFERRED\SRC\GAME\SERVER\RELEASE_SWARM\TE_GLASSSHATTER.OBJ
C:\PROJECTS\GAMES\SWARM-DEFERRED\SRC\GAME\SERVER\RELEASE_SWARM\TE_GLOWSPRITE.OBJ
C:\PROJECTS\GAMES\SWARM-DEFERRED\SRC\GAME\SERVER\RELEASE_SWARM\TE_IMPACT.OBJ
C:\PROJECTS\GAMES\SWARM-DEFERRED\SRC\GAME\SERVER\RELEASE_SWARM\TE_KILLPLAYERATTACHMENTS.OBJ
C:\PROJECTS\GAMES\SWARM-DEFERRED\SRC\GAME\SERVER\RELEASE_SWARM\TE_LARGEFUNNEL.OBJ
C:\PROJECTS\GAMES\SWARM-DEFERRED\SRC\GAME\SERVER\RELEASE_SWARM\TE_MUZZLEFLASH.OBJ
C:\PROJECTS\GAMES\SWARM-DEFERRED\SRC\GAME\SERVER\RELEASE_SWARM\TE_PARTICLESYSTEM.OBJ
C:\PROJECTS\GAMES\SWARM-DEFERRED\SRC\GAME\SERVER\RELEASE_SWARM\TE_PHYSICSPROP.OBJ
C:\PROJECTS\GAMES\SWARM-DEFERRED\SRC\GAME\SERVER\RELEASE_SWARM\TE_PLAYERDECAL.OBJ
C:\PROJECTS\GAMES\SWARM-DEFERRED\SRC\GAME\SERVER\RELEASE_SWARM\TE_PROJECTEDDECAL.OBJ
C:\PROJECTS\GAMES\SWARM-DEFERRED\SRC\GAME\SERVER\RELEASE_SWARM\TE_SHOWLINE.OBJ
C:\PROJECTS\GAMES\SWARM-DEFERRED\SRC\GAME\SERVER\RELEASE_SWARM\TE_SMOKE.OBJ
C:\PROJECTS\GAMES\SWARM-DEFERRED\SRC\GAME\SERVER\RELEASE_SWARM\TE_SPARKS.OBJ
C:\PROJECTS\GAMES\SWARM-DEFERRED\SRC\GAME\SERVER\RELEASE_SWARM\TE_SPRITE.OBJ
C:\PROJECTS\GAMES\SWARM-DEFERRED\SRC\GAME\SERVER\RELEASE_SWARM\TE_SPRITESPRAY.OBJ
C:\PROJECTS\GAMES\SWARM-DEFERRED\SRC\GAME\SERVER\RELEASE_SWARM\TE_WORLDDECAL.OBJ
C:\PROJECTS\GAMES\SWARM-DEFERRED\SRC\GAME\SERVER\RELEASE_SWARM\TEAM.OBJ
C:\PROJECTS\GAMES\SWARM-DEFERRED\SRC\GAME\SERVER\RELEASE_SWARM\TEAMPLAY_GAMERULES.OBJ
C:\PROJECTS\GAMES\SWARM-DEFERRED\SRC\GAME\SERVER\RELEASE_SWARM\TEMPLATEENTITIES.OBJ
C:\PROJECTS\GAMES\SWARM-DEFERRED\SRC\GAME\SERVER\RELEASE_SWARM\TEMPMONSTER.OBJ
C:\PROJECTS\GAMES\SWARM-DEFERRED\SRC\GAME\SERVER\RELEASE_SWARM\TESLA.OBJ
C:\PROJECTS\GAMES\SWARM-DEFERRED\SRC\GAME\SERVER\RELEASE_SWARM\TEST_EHANDLE.OBJ
C:\PROJECTS\GAMES\SWARM-DEFERRED\SRC\GAME\SERVER\RELEASE_SWARM\TEST_PROXYTOGGLE.OBJ
C:\PROJECTS\GAMES\SWARM-DEFERRED\SRC\GAME\SERVER\RELEASE_SWARM\TEST_STRESSENTITIES.OBJ
C:\PROJECTS\GAMES\SWARM-DEFERRED\SRC\GAME\SERVER\RELEASE_SWARM\TESTFUNCTIONS.OBJ
C:\PROJECTS\GAMES\SWARM-DEFERRED\SRC\GAME\SERVER\RELEASE_SWARM\TESTTRACELINE.OBJ
C:\PROJECTS\GAMES\SWARM-DEFERRED\SRC\GAME\SERVER\RELEASE_SWARM\TEXTSTATSMGR.OBJ
C:\PROJECTS\GAMES\SWARM-DEFERRED\SRC\GAME\SERVER\RELEASE_SWARM\TIMEDEVENTMGR.OBJ
C:\PROJECTS\GAMES\SWARM-DEFERRED\SRC\GAME\SERVER\RELEASE_SWARM\TOOLFRAMEWORK_SERVER.OBJ
C:\PROJECTS\GAMES\SWARM-DEFERRED\SRC\GAME\SERVER\RELEASE_SWARM\TRAINS.OBJ
C:\PROJECTS\GAMES\SWARM-DEFERRED\SRC\GAME\SERVER\RELEASE_SWARM\TRIGGERS.OBJ
C:\PROJECTS\GAMES\SWARM-DEFERRED\SRC\GAME\SERVER\RELEASE_SWARM\USERCMD.OBJ
C:\PROJECTS\GAMES\SWARM-DEFERRED\SRC\GAME\SERVER\RELEASE_SWARM\USERMESSAGES.OBJ
C:\PROJECTS\GAMES\SWARM-DEFERRED\SRC\GAME\SERVER\RELEASE_SWARM\UTIL.OBJ
C:\PROJECTS\GAMES\SWARM-DEFERRED\SRC\GAME\SERVER\RELEASE_SWARM\UTIL_SHARED.OBJ
C:\PROJECTS\GAMES\SWARM-DEFERRED\SRC\GAME\SERVER\RELEASE_SWARM\VARIANT_T.OBJ
C:\PROJECTS\GAMES\SWARM-DEFERRED\SRC\GAME\SERVER\RELEASE_SWARM\VC100.PDB
C:\PROJECTS\GAMES\SWARM-DEFERRED\SRC\GAME\SERVER\RELEASE_SWARM\VEHICLE_BASE.OBJ
C:\PROJECTS\GAMES\SWARM-DEFERRED\SRC\GAME\SERVER\RELEASE_SWARM\VEHICLE_BASESERVER.OBJ
C:\PROJECTS\GAMES\SWARM-DEFERRED\SRC\GAME\SERVER\RELEASE_SWARM\VEHICLE_VIEWBLEND_SHARED.OBJ
C:\PROJECTS\GAMES\SWARM-DEFERRED\SRC\GAME\SERVER\RELEASE_SWARM\VGUI_CONTROLS.OBJ
C:\PROJECTS\GAMES\SWARM-DEFERRED\SRC\GAME\SERVER\RELEASE_SWARM\VGUI_GAMEDLL_INT.OBJ
C:\PROJECTS\GAMES\SWARM-DEFERRED\SRC\GAME\SERVER\RELEASE_SWARM\VGUISCREEN.OBJ
C:\PROJECTS\GAMES\SWARM-DEFERRED\SRC\GAME\SERVER\RELEASE_SWARM\VOICE_GAMEMGR.OBJ
C:\PROJECTS\GAMES\SWARM-DEFERRED\SRC\GAME\SERVER\RELEASE_SWARM\VSCRIPT_SERVER.OBJ
C:\PROJECTS\GAMES\SWARM-DEFERRED\SRC\GAME\SERVER\RELEASE_SWARM\VSCRIPT_SHARED.OBJ
C:\PROJECTS\GAMES\SWARM-DEFERRED\SRC\GAME\SERVER\RELEASE_SWARM\WATERBULLET.OBJ
C:\PROJECTS\GAMES\SWARM-DEFERRED\SRC\GAME\SERVER\RELEASE_SWARM\WATERLODCONTROL.OBJ
C:\PROJECTS\GAMES\SWARM-DEFERRED\SRC\GAME\SERVER\RELEASE_SWARM\WCEDIT.OBJ
C:\PROJECTS\GAMES\SWARM-DEFERRED\SRC\GAME\SERVER\RELEASE_SWARM\WEAPON_MP5.OBJ
C:\PROJECTS\GAMES\SWARM-DEFERRED\SRC\GAME\SERVER\RELEASE_SWARM\WEAPON_PARSE.OBJ
C:\PROJECTS\GAMES\SWARM-DEFERRED\SRC\GAME\SERVER\RELEASE_SWARM\WEAPON_PISTOL.OBJ
C:\PROJECTS\GAMES\SWARM-DEFERRED\SRC\GAME\SERVER\RELEASE_SWARM\WEAPON_PROFICIENCY.OBJ
C:\PROJECTS\GAMES\SWARM-DEFERRED\SRC\GAME\SERVER\RELEASE_SWARM\WEAPON_SDKBASE.OBJ
C:\PROJECTS\GAMES\SWARM-DEFERRED\SRC\GAME\SERVER\RELEASE_SWARM\WEIGHT_BUTTON.OBJ
C:\PROJECTS\GAMES\SWARM-DEFERRED\SRC\GAME\SERVER\RELEASE_SWARM\WORLD.OBJ
D:\Steam\Steamapps\Sourcemods\SwarmDeferred\bin\server.dll
