Build started 7/23/2012 15:46:45.
     1>Project "C:\Users\AniCator\sparkleshare\Project-Potato\src\game\server\swarm_skeleton_server.vcxproj" on node 3 (build target(s)).
     1>InitializeBuildStatus:
         Creating ".\Release_swarm\server.unsuccessfulbuild" because "AlwaysCreate" was specified.
       ClCompile:
         C:\Program Files (x86)\Microsoft Visual Studio 10.0\VC\bin\CL.exe /c /I..\..\common /I..\..\public /I..\..\public\tier0 /I..\..\public\tier1 /I.\ /I..\..\game\shared /I..\..\utils\common /I..\..\game\server\NextBot /I.\Release_swarm\ /I.\hl2 /I..\..\game\shared\hl2 /I.\sdk /I..\..\game\shared\sdk /Zi /nologo /W4 /WX- /O2 /Ob2 /Oi /Ot /Oy- /D WIN32 /D _WIN32 /D NDEBUG /D _WINDOWS /D _USRDLL /D _CRT_SECURE_NO_DEPRECATE /D _CRT_NONSTDC_NO_DEPRECATE /D DLLNAME=server /D VPCGAME=swarm /D VPCGAMECAPS=SWARM /D _DLL_EXT=.dll /D COMPILER_MSVC32 /D COMPILER_MSVC /D MEMOVERRIDE_MODULE=server /D GAME_DLL /D VECTOR /D VERSION_SAFE_STEAM_API_INTERFACES /D PROTECTED_THINGS_ENABLE /D sprintf=use_Q_snprintf_instead_of_sprintf /D strncpy=use_Q_strncpy_instead /D _snprintf=use_Q_snprintf_instead /D SDK_SERVER_DLL /D SDK_DLL /D _WINDLL /D _MBCS /GF /Gm- /MT /GS- /Gy /arch:SSE2 /fp:fast /Zc:wchar_t /Zc:forScope /GR /Yc"cbase.h" /Fp".\Release_swarm\server.pch" /Fo".\Release_swarm\\" /Fd".\Release_swarm\vc100.pdb" /Gd /TP /analyze- /errorReport:prompt stdafx.cpp /MP 
         stdafx.cpp
         C:\Program Files (x86)\Microsoft Visual Studio 10.0\VC\bin\CL.exe /c /I..\..\common /I..\..\public /I..\..\public\tier0 /I..\..\public\tier1 /I.\ /I..\..\game\shared /I..\..\utils\common /I..\..\game\server\NextBot /I.\Release_swarm\ /I.\hl2 /I..\..\game\shared\hl2 /I.\sdk /I..\..\game\shared\sdk /Zi /nologo /W4 /WX- /O2 /Ob2 /Oi /Ot /Oy- /D WIN32 /D _WIN32 /D NDEBUG /D _WINDOWS /D _USRDLL /D _CRT_SECURE_NO_DEPRECATE /D _CRT_NONSTDC_NO_DEPRECATE /D DLLNAME=server /D VPCGAME=swarm /D VPCGAMECAPS=SWARM /D _DLL_EXT=.dll /D COMPILER_MSVC32 /D COMPILER_MSVC /D MEMOVERRIDE_MODULE=server /D GAME_DLL /D VECTOR /D VERSION_SAFE_STEAM_API_INTERFACES /D PROTECTED_THINGS_ENABLE /D sprintf=use_Q_snprintf_instead_of_sprintf /D strncpy=use_Q_strncpy_instead /D _snprintf=use_Q_snprintf_instead /D SDK_SERVER_DLL /D SDK_DLL /D _WINDLL /D _MBCS /GF /Gm- /MT /GS- /Gy /arch:SSE2 /fp:fast /Zc:wchar_t /Zc:forScope /GR /Yu"cbase.h" /Fp".\Release_swarm\server.pch" /Fo".\Release_swarm\\" /Fd".\Release_swarm\vc100.pdb" /Gd /TP /analyze- /errorReport:prompt ..\shared\achievement_saverestore.cpp ..\shared\achievementmgr.cpp ..\shared\activitylist.cpp ..\shared\deferred\CDefLight.cpp ..\shared\deferred\CDefLightContainer.cpp ..\shared\deferred\CDefLightGlobal.cpp ..\shared\deferred\deferred_shared_common.cpp ..\shared\predicted_viewmodel.cpp ..\shared\sdk\sdk_fx_shared.cpp ..\shared\sdk\sdk_gamemovement.cpp ..\shared\sdk\sdk_gamerules.cpp ..\shared\sdk\sdk_playeranimstate.cpp ..\shared\sdk\sdk_player_shared.cpp ..\shared\sdk\sdk_shareddefs.cpp ..\shared\sdk\sdk_usermessages.cpp ..\shared\sdk\sdk_weapon_parse.cpp ..\shared\sdk\weapon_mp5.cpp ..\shared\sdk\weapon_pistol.cpp ..\shared\sdk\weapon_sdkbase.cpp ai_activity.cpp ai_addon.cpp ai_agent.cpp ai_baseactor.cpp ai_basehumanoid.cpp ai_basenpc.cpp ai_basenpc_flyer.cpp ai_basenpc_flyer_new.cpp ai_basenpc_movement.cpp ai_basenpc_physicsflyer.cpp ai_basenpc_schedule.cpp ai_basenpc_squad.cpp ai_behavior.cpp ai_behavior_assault.cpp ai_behavior_fear.cpp ai_behavior_fightfromcover.cpp ai_behavior_follow.cpp ai_behavior_lead.cpp ai_behavior_rappel.cpp ai_behavior_standoff.cpp ai_blended_movement.cpp ai_concommands.cpp ai_condition.cpp ..\shared\ai_criteria.cpp ai_default.cpp ai_dynamiclink.cpp ai_event.cpp ai_expresserfollowup.cpp ai_goalentity.cpp ai_hint.cpp ai_hull.cpp ai_initutils.cpp AI_Interest_Target.cpp ai_link.cpp ai_localnavigator.cpp ai_looktarget.cpp ai_memory.cpp ai_motor.cpp ai_moveprobe.cpp ai_moveshoot.cpp ai_movesolver.cpp ai_namespaces.cpp ai_navigator.cpp ai_network.cpp ai_networkmanager.cpp ai_node.cpp ai_pathfinder.cpp ai_planesolver.cpp ai_playerally.cpp ai_relationship.cpp ..\shared\ai_responsesystem.cpp ai_route.cpp ai_saverestore.cpp ai_schedule.cpp ai_scriptconditions.cpp ai_senses.cpp ai_sentence.cpp ai_speech.cpp ..\shared\ai_speechconcept.cpp ai_speechfilter.cpp ai_speechqueue.cpp ai_squad.cpp ai_squadslot.cpp ai_tacticalservices.cpp ai_task.cpp ai_trackpather.cpp ai_utils.cpp ai_waypoint.cpp ambientgeneric.cpp ..\shared\ammodef.cpp ..\shared\animation.cpp ..\shared\base_playeranimstate.cpp base_transmit_proxy.cpp ..\shared\baseachievement.cpp baseanimating.cpp BaseAnimatingOverlay.cpp basecombatcharacter.cpp ..\shared\basecombatcharacter_shared.cpp basecombatweapon.cpp ..\shared\basecombatweapon_shared.cpp baseentity.cpp ..\shared\baseentity_shared.cpp baseflex.cpp ..\shared\basegrenade_shared.cpp basemultiplayerplayer.cpp ..\shared\baseparticleentity.cpp ..\shared\baseplayer_shared.cpp baseviewmodel.cpp ..\shared\baseviewmodel_shared.cpp ..\shared\beam_shared.cpp beamspotlight.cpp bitstring.cpp bmodels.cpp ..\..\public\tools\bonelist.cpp buttons.cpp cbase.cpp cbaseprojectile.cpp client.cpp coerciblevariant_t.cpp ..\shared\collisionproperty.cpp colorcorrection.cpp colorcorrectionvolume.cpp CommentarySystem.cpp controlentities.cpp cplane.cpp CRagdollMagnet.cpp cvisibilitymonitor.cpp damagemodifier.cpp ..\shared\death_pose.cpp ..\shared\debugoverlay_shared.cpp ..\shared\decals.cpp deferred\cdeferred_manager_server.cpp doors.cpp dynamiclight.cpp ..\shared\effect_dispatch_data.cpp effects.cpp EffectsServer.cpp ..\shared\ehandle.cpp entityblocker.cpp EntityDissolve.cpp EntityFlame.cpp EntityFreezing.cpp entitylist.cpp ..\shared\entitylist_base.cpp EntityParticleTrail.cpp ..\shared\EntityParticleTrail_Shared.cpp env_ambient_light.cpp env_debughistory.cpp ..\shared\env_detail_controller.cpp env_dof_controller.cpp env_effectsscript.cpp env_entity_maker.cpp env_global_light.cpp env_instructor_hint.cpp env_particlescript.cpp env_player_surface_trigger.cpp env_projectedtexture.cpp env_screenoverlay.cpp env_texturetoggle.cpp env_tonemap_controller.cpp ..\shared\env_wind_shared.cpp env_zoom.cpp EnvBeam.cpp EnvFade.cpp EnvHudHint.cpp EnvLaser.cpp EnvMessage.cpp envmicrophone.cpp EnvShake.cpp EnvSpark.cpp ..\shared\eventlist.cpp EventLog.cpp explode.cpp filters.cpp fire_smoke.cpp fish.cpp flex_expresser.cpp fogcontroller.cpp fogvolume.cpp foundryhelpers_server.cpp fourwheelvehiclephysics.cpp func_areaportal.cpp func_areaportalbase.cpp func_areaportalwindow.cpp func_break.cpp func_breakablesurf.cpp func_dust.cpp func_instance_io_proxy.cpp ..\shared\func_ladder.cpp func_ladder_endpoint.cpp func_lod.cpp hl2\Func_Monitor.cpp func_movelinear.cpp func_occluder.cpp func_reflective_glass.cpp func_smokevolume.cpp game.cpp ..\shared\game_timescale_shared.cpp game_ui.cpp gameinterface.cpp ..\shared\gamemovement.cpp ..\shared\gamerules.cpp ..\shared\gamerules_register.cpp ..\shared\GameStats.cpp ..\shared\gamestringpool.cpp gametrace_dll.cpp ..\shared\gamevars_shared.cpp gameweaponmanager.cpp genericactor.cpp genericmonster.cpp gib.cpp global_event_log.cpp globals.cpp globalstate.cpp grenadethrown.cpp guntarget.cpp h_ai.cpp hierarchy.cpp ..\shared\hintmessage.cpp ..\shared\hintsystem.cpp hltvdirector.cpp ..\shared\igamesystem.cpp info_camera_link.cpp info_overlay_accessor.cpp inforemarkable.cpp intermission.cpp item_world.cpp lightglow.cpp lights.cpp logic_measure_movement.cpp logic_navigation.cpp logic_playerproxy.cpp logic_playmovie.cpp logic_random_outputs.cpp logicauto.cpp logicentities.cpp logicrelay.cpp mapentities.cpp ..\shared\mapentities_shared.cpp maprules.cpp MaterialModifyControl.cpp message_entity.cpp modelentities.cpp ..\shared\ModelSoundsCache.cpp monstermaker.cpp movehelper_server.cpp movement.cpp ..\shared\movevars_shared.cpp movie_display.cpp ..\shared\mp_shareddefs.cpp ..\shared\multiplay_gamerules.cpp ndebugoverlay.cpp npc_vehicledriver.cpp ..\shared\obstacle_pushaway.cpp particle_light.cpp ..\shared\particle_parse.cpp particle_system.cpp ..\shared\particlesystemquery.cpp pathcorner.cpp pathtrack.cpp phys_controller.cpp physconstraint.cpp physics.cpp physics_bone_follower.cpp physics_cannister.cpp physics_fx.cpp physics_impact_damage.cpp physics_main.cpp ..\shared\physics_main_shared.cpp physics_npc_solver.cpp physics_prop_ragdoll.cpp physics_prop_statue.cpp ..\shared\physics_saverestore.cpp ..\shared\physics_shared.cpp physobj.cpp player.cpp player_command.cpp player_lagcompensation.cpp player_pickup.cpp player_resource.cpp player_voice_listener.cpp playerinfomanager.cpp playerlocaldata.cpp plugin_check.cpp ..\shared\point_bonusmaps_accessor.cpp point_camera.cpp point_devshot_camera.cpp point_entity_finder.cpp point_event_proxy.cpp point_playermoveconstraint.cpp ..\shared\point_posecontroller.cpp point_spotlight.cpp point_template.cpp pointanglesensor.cpp PointAngularVelocitySensor.cpp pointhurt.cpp pointteleport.cpp postprocesscontroller.cpp ..\shared\precache_register.cpp ..\shared\predictableid.cpp prop_hallucination.cpp props.cpp ..\shared\props_shared.cpp ..\shared\querycache.cpp ragdoll_manager.cpp ..\shared\ragdoll_shared.cpp RagdollBoogie.cpp recipientfilter.cpp replaydirector.cpp rope.cpp ..\shared\rope_helpers.cpp ..\shared\saverestore.cpp ..\shared\SceneCache.cpp sceneentity.cpp ..\shared\sceneentity_shared.cpp scratchpad_gamedll_helpers.cpp scripted.cpp scriptedtarget.cpp sdk\npc_infected.cpp sdk\sdk_bot_temp.cpp sdk\sdk_client.cpp sdk\sdk_fire.cpp sdk\sdk_gameinterface.cpp sdk\sdk_player.cpp sdk\sdk_playermove.cpp sendproxy.cpp ..\shared\sequence_Transitioner.cpp serverbenchmark_base.cpp ServerNetworkProperty.cpp shadowcontrol.cpp ..\shared\simtimer.cpp ..\shared\singleplay_gamerules.cpp skyboxswapper.cpp SkyCamera.cpp slideshow_display.cpp sound.cpp ..\shared\SoundEmitterSystem.cpp soundent.cpp ..\shared\soundenvelope.cpp ..\..\public\SoundParametersInternal.cpp soundscape.cpp soundscape_system.cpp spatialentity.cpp spotlightend.cpp ..\shared\Sprite.cpp sprite_perfmonitor.cpp ..\shared\steamworks_gamestats.cpp ..\shared\studio_shared.cpp subs.cpp sun.cpp sunlightshadowcontrol.cpp ..\shared\takedamageinfo.cpp tanktrain.cpp team.cpp ..\shared\teamplay_gamerules.cpp TemplateEntities.cpp tempmonster.cpp tesla.cpp ..\shared\test_ehandle.cpp test_proxytoggle.cpp test_stressentities.cpp testfunctions.cpp testtraceline.cpp textstatsmgr.cpp timedeventmgr.cpp trains.cpp triggers.cpp ..\shared\usercmd.cpp util.cpp ..\shared\util_shared.cpp variant_t.cpp vehicle_base.cpp vehicle_baseserver.cpp ..\shared\vehicle_viewblend_shared.cpp vgui_gamedll_int.cpp vguiscreen.cpp ..\shared\voice_gamemgr.cpp vscript_server.cpp ..\shared\vscript_shared.cpp waterbullet.cpp WaterLODControl.cpp wcedit.cpp ..\shared\weapon_parse.cpp ..\shared\weapon_proficiency.cpp weight_button.cpp world.cpp basetempentity.cpp event_tempentity_tester.cpp movie_explosion.cpp particle_fire.cpp particle_smokegrenade.cpp plasma.cpp smoke_trail.cpp smokestack.cpp ..\shared\SpriteTrail.cpp steamjet.cpp te.cpp te_armorricochet.cpp te_basebeam.cpp te_beamentpoint.cpp te_beaments.cpp te_beamfollow.cpp te_beamlaser.cpp te_beampoints.cpp te_beamring.cpp te_beamringpoint.cpp te_beamspline.cpp te_bloodsprite.cpp te_bloodstream.cpp te_breakmodel.cpp te_bspdecal.cpp te_bubbles.cpp te_bubbletrail.cpp te_clientprojectile.cpp te_decal.cpp te_dynamiclight.cpp te_effect_dispatch.cpp te_energysplash.cpp te_explosion.cpp te_fizz.cpp te_footprintdecal.cpp hl2\te_gaussexplosion.cpp te_glassshatter.cpp te_glowsprite.cpp te_impact.cpp te_killplayerattachments.cpp te_largefunnel.cpp te_muzzleflash.cpp te_particlesystem.cpp te_physicsprop.cpp te_playerdecal.cpp te_projecteddecal.cpp te_showline.cpp te_smoke.cpp te_sparks.cpp te_sprite.cpp te_spritespray.cpp te_worlddecal.cpp ..\shared\usermessages.cpp nav_area.cpp nav_colors.cpp nav_edit.cpp nav_entities.cpp nav_file.cpp nav_generate.cpp nav_ladder.cpp nav_merge.cpp nav_mesh.cpp nav_mesh_factory.cpp nav_node.cpp nav_simplify.cpp hl2\ai_behavior_actbusy.cpp hl2\ai_spotlight.cpp hl2\antlion_dust.cpp hl2\ar2_explosion.cpp hl2\cbasehelicopter.cpp hl2\cbasespriteprojectile.cpp hl2\env_speaker.cpp hl2\hl2_eventlog.cpp hl2\look_door.cpp hl2\monster_dummy.cpp hl2\npc_attackchopper.cpp hl2\npc_bullseye.cpp hl2\npc_combinegunship.cpp hl2\npc_enemyfinder.cpp hl2\rotorwash.cpp entity_tools_server.cpp toolframework_server.cpp /MP 
         achievement_saverestore.cpp
         achievementmgr.cpp
         activitylist.cpp
         CDefLight.cpp
         CDefLightContainer.cpp
         CDefLightGlobal.cpp
         deferred_shared_common.cpp
         predicted_viewmodel.cpp
         sdk_fx_shared.cpp
         sdk_gamemovement.cpp
         sdk_gamerules.cpp
         sdk_playeranimstate.cpp
         sdk_player_shared.cpp
         sdk_shareddefs.cpp
         sdk_usermessages.cpp
         sdk_weapon_parse.cpp
         weapon_mp5.cpp
         weapon_pistol.cpp
         weapon_sdkbase.cpp
         ai_activity.cpp
         ai_addon.cpp
         ai_agent.cpp
         ai_baseactor.cpp
         ai_basehumanoid.cpp
         ai_basenpc.cpp
         ai_basenpc_flyer.cpp
         ai_basenpc_flyer_new.cpp
         ai_basenpc_movement.cpp
         ai_basenpc_physicsflyer.cpp
         ai_basenpc_schedule.cpp
         ai_basenpc_squad.cpp
         ai_behavior.cpp
         ai_behavior_assault.cpp
         ai_behavior_fear.cpp
         ai_behavior_fightfromcover.cpp
         ai_behavior_follow.cpp
         ai_behavior_lead.cpp
         ai_behavior_rappel.cpp
         ai_behavior_standoff.cpp
         ai_blended_movement.cpp
         ai_concommands.cpp
         ai_condition.cpp
         ai_criteria.cpp
         ai_default.cpp
         ai_dynamiclink.cpp
         ai_event.cpp
         ai_expresserfollowup.cpp
         ai_goalentity.cpp
         ai_hint.cpp
         ai_hull.cpp
         ai_initutils.cpp
         AI_Interest_Target.cpp
         ai_link.cpp
         ai_localnavigator.cpp
         ai_looktarget.cpp
         ai_memory.cpp
         ai_motor.cpp
         ai_moveprobe.cpp
         ai_moveshoot.cpp
         ai_movesolver.cpp
         ai_namespaces.cpp
         ai_navigator.cpp
         ai_network.cpp
         ai_networkmanager.cpp
         ai_node.cpp
         ai_pathfinder.cpp
         ai_planesolver.cpp
         ai_playerally.cpp
         ai_relationship.cpp
     1>CL : warning : find some way to prevent AI from using network before it's ready, but allowing the TestHull to still instantiate.
         ai_responsesystem.cpp
         ai_route.cpp
         ai_saverestore.cpp
         ai_schedule.cpp
         ai_scriptconditions.cpp
         ai_senses.cpp
         ai_sentence.cpp
         ai_speech.cpp
         ai_speechconcept.cpp
         ai_speechfilter.cpp
         ai_speechqueue.cpp
         ai_squad.cpp
         ai_squadslot.cpp
         ai_tacticalservices.cpp
         ai_task.cpp
         ai_trackpather.cpp
         ai_utils.cpp
         ai_waypoint.cpp
         ambientgeneric.cpp
         ammodef.cpp
         animation.cpp
         base_playeranimstate.cpp
         base_transmit_proxy.cpp
         baseachievement.cpp
         baseanimating.cpp
         BaseAnimatingOverlay.cpp
         basecombatcharacter.cpp
         basecombatcharacter_shared.cpp
         basecombatweapon.cpp
         basecombatweapon_shared.cpp
         baseentity.cpp
         baseentity_shared.cpp
         baseflex.cpp
         basegrenade_shared.cpp
         basemultiplayerplayer.cpp
         baseparticleentity.cpp
         baseplayer_shared.cpp
         baseviewmodel.cpp
         baseviewmodel_shared.cpp
         beam_shared.cpp
         beamspotlight.cpp
         bitstring.cpp
         bmodels.cpp
         bonelist.cpp
         buttons.cpp
         cbase.cpp
         cbaseprojectile.cpp
         client.cpp
         coerciblevariant_t.cpp
         collisionproperty.cpp
         colorcorrection.cpp
         colorcorrectionvolume.cpp
         CommentarySystem.cpp
         controlentities.cpp
         cplane.cpp
         CRagdollMagnet.cpp
         cvisibilitymonitor.cpp
         damagemodifier.cpp
         death_pose.cpp
         debugoverlay_shared.cpp
         decals.cpp
         cdeferred_manager_server.cpp
         doors.cpp
         dynamiclight.cpp
         effect_dispatch_data.cpp
         effects.cpp
         EffectsServer.cpp
         ehandle.cpp
         entityblocker.cpp
         EntityDissolve.cpp
         EntityFlame.cpp
         EntityFreezing.cpp
         entitylist.cpp
         entitylist_base.cpp
         EntityParticleTrail.cpp
         EntityParticleTrail_Shared.cpp
         env_ambient_light.cpp
         env_debughistory.cpp
         env_detail_controller.cpp
         env_dof_controller.cpp
         env_effectsscript.cpp
         env_entity_maker.cpp
         env_global_light.cpp
         env_instructor_hint.cpp
         env_particlescript.cpp
         env_player_surface_trigger.cpp
         env_projectedtexture.cpp
         env_screenoverlay.cpp
         env_texturetoggle.cpp
         env_tonemap_controller.cpp
         env_wind_shared.cpp
         env_zoom.cpp
         EnvBeam.cpp
         EnvFade.cpp
         EnvHudHint.cpp
         EnvLaser.cpp
         EnvMessage.cpp
         envmicrophone.cpp
         EnvShake.cpp
         EnvSpark.cpp
         eventlist.cpp
         EventLog.cpp
         explode.cpp
         filters.cpp
         fire_smoke.cpp
         fish.cpp
         flex_expresser.cpp
         fogcontroller.cpp
         fogvolume.cpp
         foundryhelpers_server.cpp
         fourwheelvehiclephysics.cpp
         func_areaportal.cpp
         func_areaportalbase.cpp
         func_areaportalwindow.cpp
         func_break.cpp
         func_breakablesurf.cpp
         func_dust.cpp
         func_instance_io_proxy.cpp
         func_ladder.cpp
         func_ladder_endpoint.cpp
         func_lod.cpp
         Func_Monitor.cpp
         func_movelinear.cpp
         func_occluder.cpp
         func_reflective_glass.cpp
         func_smokevolume.cpp
         game.cpp
         game_timescale_shared.cpp
         game_ui.cpp
         gameinterface.cpp
         gamemovement.cpp
         gamerules.cpp
         gamerules_register.cpp
         GameStats.cpp
         gamestringpool.cpp
         gametrace_dll.cpp
         gamevars_shared.cpp
         gameweaponmanager.cpp
         genericactor.cpp
         genericmonster.cpp
         gib.cpp
         global_event_log.cpp
         globals.cpp
         globalstate.cpp
         grenadethrown.cpp
         guntarget.cpp
         h_ai.cpp
         hierarchy.cpp
         hintmessage.cpp
         hintsystem.cpp
         hltvdirector.cpp
         igamesystem.cpp
         info_camera_link.cpp
         info_overlay_accessor.cpp
         inforemarkable.cpp
         intermission.cpp
         item_world.cpp
         lightglow.cpp
         lights.cpp
         logic_measure_movement.cpp
         logic_navigation.cpp
         logic_playerproxy.cpp
         logic_playmovie.cpp
         logic_random_outputs.cpp
         logicauto.cpp
         logicentities.cpp
         logicrelay.cpp
         mapentities.cpp
         mapentities_shared.cpp
         maprules.cpp
         MaterialModifyControl.cpp
         message_entity.cpp
         modelentities.cpp
         ModelSoundsCache.cpp
         monstermaker.cpp
         movehelper_server.cpp
         movement.cpp
         movevars_shared.cpp
         movie_display.cpp
         mp_shareddefs.cpp
         multiplay_gamerules.cpp
         ndebugoverlay.cpp
         npc_vehicledriver.cpp
         obstacle_pushaway.cpp
         particle_light.cpp
         particle_parse.cpp
         particle_system.cpp
         particlesystemquery.cpp
         pathcorner.cpp
         pathtrack.cpp
         phys_controller.cpp
         physconstraint.cpp
         physics.cpp
         physics_bone_follower.cpp
         physics_cannister.cpp
         physics_fx.cpp
         physics_impact_damage.cpp
         physics_main.cpp
         physics_main_shared.cpp
         physics_npc_solver.cpp
         physics_prop_ragdoll.cpp
         physics_prop_statue.cpp
         physics_saverestore.cpp
         physics_shared.cpp
         physobj.cpp
         player.cpp
         player_command.cpp
         player_lagcompensation.cpp
         player_pickup.cpp
         player_resource.cpp
         player_voice_listener.cpp
         playerinfomanager.cpp
         playerlocaldata.cpp
         plugin_check.cpp
         point_bonusmaps_accessor.cpp
         point_camera.cpp
         point_devshot_camera.cpp
         point_entity_finder.cpp
         point_event_proxy.cpp
         point_playermoveconstraint.cpp
         point_posecontroller.cpp
         point_spotlight.cpp
         point_template.cpp
         pointanglesensor.cpp
         PointAngularVelocitySensor.cpp
         pointhurt.cpp
         pointteleport.cpp
         postprocesscontroller.cpp
         precache_register.cpp
         predictableid.cpp
         prop_hallucination.cpp
         props.cpp
         props_shared.cpp
         querycache.cpp
         ragdoll_manager.cpp
         ragdoll_shared.cpp
         RagdollBoogie.cpp
         recipientfilter.cpp
         replaydirector.cpp
         rope.cpp
         rope_helpers.cpp
         saverestore.cpp
         SceneCache.cpp
         sceneentity.cpp
         sceneentity_shared.cpp
         scratchpad_gamedll_helpers.cpp
         scripted.cpp
         scriptedtarget.cpp
         npc_infected.cpp
         sdk_bot_temp.cpp
         sdk_client.cpp
         sdk_fire.cpp
         sdk_gameinterface.cpp
         sdk_player.cpp
         sdk_playermove.cpp
         sendproxy.cpp
         sequence_Transitioner.cpp
         serverbenchmark_base.cpp
         ServerNetworkProperty.cpp
         shadowcontrol.cpp
         simtimer.cpp
         singleplay_gamerules.cpp
         skyboxswapper.cpp
         SkyCamera.cpp
         slideshow_display.cpp
         sound.cpp
         SoundEmitterSystem.cpp
         soundent.cpp
         soundenvelope.cpp
         SoundParametersInternal.cpp
         soundscape.cpp
         soundscape_system.cpp
         spatialentity.cpp
         spotlightend.cpp
         Sprite.cpp
         sprite_perfmonitor.cpp
         steamworks_gamestats.cpp
         studio_shared.cpp
         subs.cpp
         sun.cpp
         sunlightshadowcontrol.cpp
         takedamageinfo.cpp
         tanktrain.cpp
         team.cpp
         teamplay_gamerules.cpp
         TemplateEntities.cpp
         tempmonster.cpp
         tesla.cpp
         test_ehandle.cpp
         test_proxytoggle.cpp
         test_stressentities.cpp
         testfunctions.cpp
         testtraceline.cpp
         textstatsmgr.cpp
         timedeventmgr.cpp
         trains.cpp
         triggers.cpp
         usercmd.cpp
         util.cpp
         util_shared.cpp
         variant_t.cpp
         vehicle_base.cpp
         vehicle_baseserver.cpp
         vehicle_viewblend_shared.cpp
         vgui_gamedll_int.cpp
         vguiscreen.cpp
         voice_gamemgr.cpp
         vscript_server.cpp
         vscript_shared.cpp
         waterbullet.cpp
         WaterLODControl.cpp
         wcedit.cpp
         weapon_parse.cpp
         weapon_proficiency.cpp
         weight_button.cpp
         world.cpp
         basetempentity.cpp
         event_tempentity_tester.cpp
         movie_explosion.cpp
         particle_fire.cpp
         particle_smokegrenade.cpp
         plasma.cpp
         smoke_trail.cpp
         smokestack.cpp
         SpriteTrail.cpp
         steamjet.cpp
         te.cpp
         te_armorricochet.cpp
         te_basebeam.cpp
         te_beamentpoint.cpp
         te_beaments.cpp
         te_beamfollow.cpp
         te_beamlaser.cpp
         te_beampoints.cpp
         te_beamring.cpp
         te_beamringpoint.cpp
         te_beamspline.cpp
         te_bloodsprite.cpp
         te_bloodstream.cpp
         te_breakmodel.cpp
         te_bspdecal.cpp
         te_bubbles.cpp
         te_bubbletrail.cpp
         te_clientprojectile.cpp
         te_decal.cpp
         te_dynamiclight.cpp
         te_effect_dispatch.cpp
         te_energysplash.cpp
         te_explosion.cpp
         te_fizz.cpp
         te_footprintdecal.cpp
         te_gaussexplosion.cpp
         te_glassshatter.cpp
         te_glowsprite.cpp
         te_impact.cpp
         te_killplayerattachments.cpp
         te_largefunnel.cpp
         te_muzzleflash.cpp
         te_particlesystem.cpp
         te_physicsprop.cpp
         te_playerdecal.cpp
         te_projecteddecal.cpp
         te_showline.cpp
         te_smoke.cpp
         te_sparks.cpp
         te_sprite.cpp
         te_spritespray.cpp
         te_worlddecal.cpp
         usermessages.cpp
         nav_area.cpp
         nav_colors.cpp
         nav_edit.cpp
         nav_entities.cpp
         nav_file.cpp
         nav_generate.cpp
         nav_ladder.cpp
         nav_merge.cpp
         nav_mesh.cpp
         nav_mesh_factory.cpp
         nav_node.cpp
         nav_simplify.cpp
         ai_behavior_actbusy.cpp
         ai_spotlight.cpp
         antlion_dust.cpp
         ar2_explosion.cpp
         cbasehelicopter.cpp
         cbasespriteprojectile.cpp
         env_speaker.cpp
         hl2_eventlog.cpp
         look_door.cpp
         monster_dummy.cpp
         npc_attackchopper.cpp
         npc_bullseye.cpp
         npc_combinegunship.cpp
         npc_enemyfinder.cpp
         rotorwash.cpp
         entity_tools_server.cpp
         toolframework_server.cpp
         C:\Program Files (x86)\Microsoft Visual Studio 10.0\VC\bin\CL.exe /c /I..\..\common /I..\..\public /I..\..\public\tier0 /I..\..\public\tier1 /I.\ /I..\..\game\shared /I..\..\utils\common /I..\..\game\server\NextBot /I.\Release_swarm\ /I.\hl2 /I..\..\game\shared\hl2 /I.\sdk /I..\..\game\shared\sdk /Zi /nologo /W4 /WX- /O2 /Ob2 /Oi /Ot /Oy- /D WIN32 /D _WIN32 /D NDEBUG /D _WINDOWS /D _USRDLL /D _CRT_SECURE_NO_DEPRECATE /D _CRT_NONSTDC_NO_DEPRECATE /D DLLNAME=server /D VPCGAME=swarm /D VPCGAMECAPS=SWARM /D _DLL_EXT=.dll /D COMPILER_MSVC32 /D COMPILER_MSVC /D MEMOVERRIDE_MODULE=server /D GAME_DLL /D VECTOR /D VERSION_SAFE_STEAM_API_INTERFACES /D PROTECTED_THINGS_ENABLE /D sprintf=use_Q_snprintf_instead_of_sprintf /D strncpy=use_Q_strncpy_instead /D _snprintf=use_Q_snprintf_instead /D SDK_SERVER_DLL /D SDK_DLL /D _WINDLL /D _MBCS /GF /Gm- /MT /GS- /Gy /arch:SSE2 /fp:fast /Zc:wchar_t /Zc:forScope /GR /Fo".\Release_swarm\\" /Fd".\Release_swarm\vc100.pdb" /Gd /TP /analyze- /errorReport:prompt ..\..\public\closedcaptions.cpp ..\..\public\collisionutils.cpp ..\..\common\compiledcaptionswap.cpp ..\..\common\debug_dll_check.cpp ..\..\public\dt_send.cpp ..\..\public\dt_utlvector_common.cpp ..\..\public\dt_utlvector_send.cpp ..\..\public\editor_sendcommand.cpp ..\..\public\filesystem_helpers.cpp gamehandle.cpp GameStats_BasicStatsFunctions.cpp h_export.cpp init_factory.cpp ..\..\public\interpolatortypes.cpp ..\..\public\keyframe\keyframe.cpp ..\..\public\map_utils.cpp ..\..\public\tier0\memoverride.cpp ..\..\public\networkvar.cpp ..\..\common\randoverride.cpp ..\..\public\registry.cpp ..\..\public\rope_physics.cpp ..\..\public\scratchpad3d.cpp ..\..\public\ScratchPadUtils.cpp ..\..\public\server_class.cpp ..\shared\sheetsimulator.cpp ..\..\public\simple_physics.cpp ..\..\public\stringregistry.cpp ..\..\public\studio.cpp ..\..\public\vgui_controls\vgui_controls.cpp /MP 
         closedcaptions.cpp
         collisionutils.cpp
         compiledcaptionswap.cpp
         debug_dll_check.cpp
         dt_send.cpp
         dt_utlvector_common.cpp
         dt_utlvector_send.cpp
         editor_sendcommand.cpp
         filesystem_helpers.cpp
         gamehandle.cpp
         GameStats_BasicStatsFunctions.cpp
         h_export.cpp
         init_factory.cpp
         interpolatortypes.cpp
         keyframe.cpp
         map_utils.cpp
         memoverride.cpp
         networkvar.cpp
         randoverride.cpp
         registry.cpp
         rope_physics.cpp
         scratchpad3d.cpp
         ScratchPadUtils.cpp
         server_class.cpp
         sheetsimulator.cpp
         simple_physics.cpp
         stringregistry.cpp
         studio.cpp
         vgui_controls.cpp
       Link:
         C:\Program Files (x86)\Microsoft Visual Studio 10.0\VC\bin\link.exe /ERRORREPORT:PROMPT /OUT:".\Release_swarm\server.dll" /INCREMENTAL:NO /NOLOGO /LIBPATH:..\..\lib\common /LIBPATH:..\..\lib\public winmm.lib kernel32.lib user32.lib gdi32.lib winspool.lib comdlg32.lib advapi32.lib shell32.lib ole32.lib oleaut32.lib uuid.lib odbc32.lib odbccp32.lib /NODEFAULTLIB:libc /NODEFAULTLIB:libcd /NODEFAULTLIB:libcmtd /MANIFEST:NO /DEBUG /PDB:".\Release_swarm\server.pdb" /SUBSYSTEM:WINDOWS /OPT:REF /OPT:ICF /TLBID:1 /DYNAMICBASE /NXCOMPAT /IMPLIB:".\Release_swarm\server.lib" /MACHINE:X86 /DLL .\Release_swarm\achievement_saverestore.obj
         .\Release_swarm\achievementmgr.obj
         .\Release_swarm\activitylist.obj
         .\Release_swarm\CDefLight.obj
         .\Release_swarm\CDefLightContainer.obj
         .\Release_swarm\CDefLightGlobal.obj
         .\Release_swarm\deferred_shared_common.obj
         .\Release_swarm\predicted_viewmodel.obj
         .\Release_swarm\sdk_fx_shared.obj
         .\Release_swarm\sdk_gamemovement.obj
         .\Release_swarm\sdk_gamerules.obj
         .\Release_swarm\sdk_playeranimstate.obj
         .\Release_swarm\sdk_player_shared.obj
         .\Release_swarm\sdk_shareddefs.obj
         .\Release_swarm\sdk_usermessages.obj
         .\Release_swarm\sdk_weapon_parse.obj
         .\Release_swarm\weapon_mp5.obj
         .\Release_swarm\weapon_pistol.obj
         .\Release_swarm\weapon_sdkbase.obj
         .\Release_swarm\ai_activity.obj
         .\Release_swarm\ai_addon.obj
         .\Release_swarm\ai_agent.obj
         .\Release_swarm\ai_baseactor.obj
         .\Release_swarm\ai_basehumanoid.obj
         .\Release_swarm\ai_basenpc.obj
         .\Release_swarm\ai_basenpc_flyer.obj
         .\Release_swarm\ai_basenpc_flyer_new.obj
         .\Release_swarm\ai_basenpc_movement.obj
         .\Release_swarm\ai_basenpc_physicsflyer.obj
         .\Release_swarm\ai_basenpc_schedule.obj
         .\Release_swarm\ai_basenpc_squad.obj
         .\Release_swarm\ai_behavior.obj
         .\Release_swarm\ai_behavior_assault.obj
         .\Release_swarm\ai_behavior_fear.obj
         .\Release_swarm\ai_behavior_fightfromcover.obj
         .\Release_swarm\ai_behavior_follow.obj
         .\Release_swarm\ai_behavior_lead.obj
         .\Release_swarm\ai_behavior_rappel.obj
         .\Release_swarm\ai_behavior_standoff.obj
         .\Release_swarm\ai_blended_movement.obj
         .\Release_swarm\ai_concommands.obj
         .\Release_swarm\ai_condition.obj
         .\Release_swarm\ai_criteria.obj
         .\Release_swarm\ai_default.obj
         .\Release_swarm\ai_dynamiclink.obj
         .\Release_swarm\ai_event.obj
         .\Release_swarm\ai_expresserfollowup.obj
         .\Release_swarm\ai_goalentity.obj
         .\Release_swarm\ai_hint.obj
         .\Release_swarm\ai_hull.obj
         .\Release_swarm\ai_initutils.obj
         .\Release_swarm\AI_Interest_Target.obj
         .\Release_swarm\ai_link.obj
         .\Release_swarm\ai_localnavigator.obj
         .\Release_swarm\ai_looktarget.obj
         .\Release_swarm\ai_memory.obj
         .\Release_swarm\ai_motor.obj
         .\Release_swarm\ai_moveprobe.obj
         .\Release_swarm\ai_moveshoot.obj
         .\Release_swarm\ai_movesolver.obj
         .\Release_swarm\ai_namespaces.obj
         .\Release_swarm\ai_navigator.obj
         .\Release_swarm\ai_network.obj
         .\Release_swarm\ai_networkmanager.obj
         .\Release_swarm\ai_node.obj
         .\Release_swarm\ai_pathfinder.obj
         .\Release_swarm\ai_planesolver.obj
         .\Release_swarm\ai_playerally.obj
         .\Release_swarm\ai_relationship.obj
         .\Release_swarm\ai_responsesystem.obj
         .\Release_swarm\ai_route.obj
         .\Release_swarm\ai_saverestore.obj
         .\Release_swarm\ai_schedule.obj
         .\Release_swarm\ai_scriptconditions.obj
         .\Release_swarm\ai_senses.obj
         .\Release_swarm\ai_sentence.obj
         .\Release_swarm\ai_speech.obj
         .\Release_swarm\ai_speechconcept.obj
         .\Release_swarm\ai_speechfilter.obj
         .\Release_swarm\ai_speechqueue.obj
         .\Release_swarm\ai_squad.obj
         .\Release_swarm\ai_squadslot.obj
         .\Release_swarm\ai_tacticalservices.obj
         .\Release_swarm\ai_task.obj
         .\Release_swarm\ai_trackpather.obj
         .\Release_swarm\ai_utils.obj
         .\Release_swarm\ai_waypoint.obj
         .\Release_swarm\ambientgeneric.obj
         .\Release_swarm\ammodef.obj
         .\Release_swarm\animation.obj
         .\Release_swarm\base_playeranimstate.obj
         .\Release_swarm\base_transmit_proxy.obj
         .\Release_swarm\baseachievement.obj
         .\Release_swarm\baseanimating.obj
         .\Release_swarm\BaseAnimatingOverlay.obj
         .\Release_swarm\basecombatcharacter.obj
         .\Release_swarm\basecombatcharacter_shared.obj
         .\Release_swarm\basecombatweapon.obj
         .\Release_swarm\basecombatweapon_shared.obj
         .\Release_swarm\baseentity.obj
         .\Release_swarm\baseentity_shared.obj
         .\Release_swarm\baseflex.obj
         .\Release_swarm\basegrenade_shared.obj
         .\Release_swarm\basemultiplayerplayer.obj
         .\Release_swarm\baseparticleentity.obj
         .\Release_swarm\baseplayer_shared.obj
         .\Release_swarm\baseviewmodel.obj
         .\Release_swarm\baseviewmodel_shared.obj
         .\Release_swarm\beam_shared.obj
         .\Release_swarm\beamspotlight.obj
         .\Release_swarm\bitstring.obj
         .\Release_swarm\bmodels.obj
         .\Release_swarm\bonelist.obj
         .\Release_swarm\buttons.obj
         .\Release_swarm\cbase.obj
         .\Release_swarm\cbaseprojectile.obj
         .\Release_swarm\client.obj
         .\Release_swarm\closedcaptions.obj
         .\Release_swarm\coerciblevariant_t.obj
         .\Release_swarm\collisionproperty.obj
         .\Release_swarm\collisionutils.obj
         .\Release_swarm\colorcorrection.obj
         .\Release_swarm\colorcorrectionvolume.obj
         .\Release_swarm\CommentarySystem.obj
         .\Release_swarm\compiledcaptionswap.obj
         .\Release_swarm\controlentities.obj
         .\Release_swarm\cplane.obj
         .\Release_swarm\CRagdollMagnet.obj
         .\Release_swarm\cvisibilitymonitor.obj
         .\Release_swarm\damagemodifier.obj
         .\Release_swarm\death_pose.obj
         .\Release_swarm\debug_dll_check.obj
         .\Release_swarm\debugoverlay_shared.obj
         .\Release_swarm\decals.obj
         .\Release_swarm\cdeferred_manager_server.obj
         .\Release_swarm\doors.obj
         .\Release_swarm\dt_send.obj
         .\Release_swarm\dt_utlvector_common.obj
         .\Release_swarm\dt_utlvector_send.obj
         .\Release_swarm\dynamiclight.obj
         .\Release_swarm\editor_sendcommand.obj
         .\Release_swarm\effect_dispatch_data.obj
         .\Release_swarm\effects.obj
         .\Release_swarm\EffectsServer.obj
         .\Release_swarm\ehandle.obj
         .\Release_swarm\entityblocker.obj
         .\Release_swarm\EntityDissolve.obj
         .\Release_swarm\EntityFlame.obj
         .\Release_swarm\EntityFreezing.obj
         .\Release_swarm\entitylist.obj
         .\Release_swarm\entitylist_base.obj
         .\Release_swarm\EntityParticleTrail.obj
         .\Release_swarm\EntityParticleTrail_Shared.obj
         .\Release_swarm\env_ambient_light.obj
         .\Release_swarm\env_debughistory.obj
         .\Release_swarm\env_detail_controller.obj
         .\Release_swarm\env_dof_controller.obj
         .\Release_swarm\env_effectsscript.obj
         .\Release_swarm\env_entity_maker.obj
         .\Release_swarm\env_global_light.obj
         .\Release_swarm\env_instructor_hint.obj
         .\Release_swarm\env_particlescript.obj
         .\Release_swarm\env_player_surface_trigger.obj
         .\Release_swarm\env_projectedtexture.obj
         .\Release_swarm\env_screenoverlay.obj
         .\Release_swarm\env_texturetoggle.obj
         .\Release_swarm\env_tonemap_controller.obj
         .\Release_swarm\env_wind_shared.obj
         .\Release_swarm\env_zoom.obj
         .\Release_swarm\EnvBeam.obj
         .\Release_swarm\EnvFade.obj
         .\Release_swarm\EnvHudHint.obj
         .\Release_swarm\EnvLaser.obj
         .\Release_swarm\EnvMessage.obj
         .\Release_swarm\envmicrophone.obj
         .\Release_swarm\EnvShake.obj
         .\Release_swarm\EnvSpark.obj
         .\Release_swarm\eventlist.obj
         .\Release_swarm\EventLog.obj
         .\Release_swarm\explode.obj
         .\Release_swarm\filesystem_helpers.obj
         .\Release_swarm\filters.obj
         .\Release_swarm\fire_smoke.obj
         .\Release_swarm\fish.obj
         .\Release_swarm\flex_expresser.obj
         .\Release_swarm\fogcontroller.obj
         .\Release_swarm\fogvolume.obj
         .\Release_swarm\foundryhelpers_server.obj
         .\Release_swarm\fourwheelvehiclephysics.obj
         .\Release_swarm\func_areaportal.obj
         .\Release_swarm\func_areaportalbase.obj
         .\Release_swarm\func_areaportalwindow.obj
         .\Release_swarm\func_break.obj
         .\Release_swarm\func_breakablesurf.obj
         .\Release_swarm\func_dust.obj
         .\Release_swarm\func_instance_io_proxy.obj
         .\Release_swarm\func_ladder.obj
         .\Release_swarm\func_ladder_endpoint.obj
         .\Release_swarm\func_lod.obj
         .\Release_swarm\Func_Monitor.obj
         .\Release_swarm\func_movelinear.obj
         .\Release_swarm\func_occluder.obj
         .\Release_swarm\func_reflective_glass.obj
         .\Release_swarm\func_smokevolume.obj
         .\Release_swarm\game.obj
         .\Release_swarm\game_timescale_shared.obj
         .\Release_swarm\game_ui.obj
         .\Release_swarm\gamehandle.obj
         .\Release_swarm\gameinterface.obj
         .\Release_swarm\gamemovement.obj
         .\Release_swarm\gamerules.obj
         .\Release_swarm\gamerules_register.obj
         .\Release_swarm\GameStats.obj
         .\Release_swarm\GameStats_BasicStatsFunctions.obj
         .\Release_swarm\gamestringpool.obj
         .\Release_swarm\gametrace_dll.obj
         .\Release_swarm\gamevars_shared.obj
         .\Release_swarm\gameweaponmanager.obj
         .\Release_swarm\genericactor.obj
         .\Release_swarm\genericmonster.obj
         .\Release_swarm\gib.obj
         .\Release_swarm\global_event_log.obj
         .\Release_swarm\globals.obj
         .\Release_swarm\globalstate.obj
         .\Release_swarm\grenadethrown.obj
         .\Release_swarm\guntarget.obj
         .\Release_swarm\h_ai.obj
         .\Release_swarm\h_export.obj
         .\Release_swarm\hierarchy.obj
         .\Release_swarm\hintmessage.obj
         .\Release_swarm\hintsystem.obj
         .\Release_swarm\hltvdirector.obj
         .\Release_swarm\igamesystem.obj
         .\Release_swarm\info_camera_link.obj
         .\Release_swarm\info_overlay_accessor.obj
         .\Release_swarm\inforemarkable.obj
         .\Release_swarm\init_factory.obj
         .\Release_swarm\intermission.obj
         .\Release_swarm\interpolatortypes.obj
         .\Release_swarm\item_world.obj
         .\Release_swarm\keyframe.obj
         .\Release_swarm\lightglow.obj
         .\Release_swarm\lights.obj
         .\Release_swarm\logic_measure_movement.obj
         .\Release_swarm\logic_navigation.obj
         .\Release_swarm\logic_playerproxy.obj
         .\Release_swarm\logic_playmovie.obj
         .\Release_swarm\logic_random_outputs.obj
         .\Release_swarm\logicauto.obj
         .\Release_swarm\logicentities.obj
         .\Release_swarm\logicrelay.obj
         .\Release_swarm\map_utils.obj
         .\Release_swarm\mapentities.obj
         .\Release_swarm\mapentities_shared.obj
         .\Release_swarm\maprules.obj
         .\Release_swarm\MaterialModifyControl.obj
         .\Release_swarm\memoverride.obj
         .\Release_swarm\message_entity.obj
         .\Release_swarm\modelentities.obj
         .\Release_swarm\ModelSoundsCache.obj
         .\Release_swarm\monstermaker.obj
         .\Release_swarm\movehelper_server.obj
         .\Release_swarm\movement.obj
         .\Release_swarm\movevars_shared.obj
         .\Release_swarm\movie_display.obj
         .\Release_swarm\mp_shareddefs.obj
         .\Release_swarm\multiplay_gamerules.obj
         .\Release_swarm\ndebugoverlay.obj
         .\Release_swarm\networkvar.obj
         .\Release_swarm\npc_vehicledriver.obj
         .\Release_swarm\obstacle_pushaway.obj
         .\Release_swarm\particle_light.obj
         .\Release_swarm\particle_parse.obj
         .\Release_swarm\particle_system.obj
         .\Release_swarm\particlesystemquery.obj
         .\Release_swarm\pathcorner.obj
         .\Release_swarm\pathtrack.obj
         .\Release_swarm\phys_controller.obj
         .\Release_swarm\physconstraint.obj
         .\Release_swarm\physics.obj
         .\Release_swarm\physics_bone_follower.obj
         .\Release_swarm\physics_cannister.obj
         .\Release_swarm\physics_fx.obj
         .\Release_swarm\physics_impact_damage.obj
         .\Release_swarm\physics_main.obj
         .\Release_swarm\physics_main_shared.obj
         .\Release_swarm\physics_npc_solver.obj
         .\Release_swarm\physics_prop_ragdoll.obj
         .\Release_swarm\physics_prop_statue.obj
         .\Release_swarm\physics_saverestore.obj
         .\Release_swarm\physics_shared.obj
         .\Release_swarm\physobj.obj
         .\Release_swarm\player.obj
         .\Release_swarm\player_command.obj
         .\Release_swarm\player_lagcompensation.obj
         .\Release_swarm\player_pickup.obj
         .\Release_swarm\player_resource.obj
         .\Release_swarm\player_voice_listener.obj
         .\Release_swarm\playerinfomanager.obj
         .\Release_swarm\playerlocaldata.obj
         .\Release_swarm\plugin_check.obj
         .\Release_swarm\point_bonusmaps_accessor.obj
         .\Release_swarm\point_camera.obj
         .\Release_swarm\point_devshot_camera.obj
         .\Release_swarm\point_entity_finder.obj
         .\Release_swarm\point_event_proxy.obj
         .\Release_swarm\point_playermoveconstraint.obj
         .\Release_swarm\point_posecontroller.obj
         .\Release_swarm\point_spotlight.obj
         .\Release_swarm\point_template.obj
         .\Release_swarm\pointanglesensor.obj
         .\Release_swarm\PointAngularVelocitySensor.obj
         .\Release_swarm\pointhurt.obj
         .\Release_swarm\pointteleport.obj
         .\Release_swarm\postprocesscontroller.obj
         .\Release_swarm\precache_register.obj
         .\Release_swarm\predictableid.obj
         .\Release_swarm\prop_hallucination.obj
         .\Release_swarm\props.obj
         .\Release_swarm\props_shared.obj
         .\Release_swarm\querycache.obj
         .\Release_swarm\ragdoll_manager.obj
         .\Release_swarm\ragdoll_shared.obj
         .\Release_swarm\RagdollBoogie.obj
         .\Release_swarm\randoverride.obj
         .\Release_swarm\recipientfilter.obj
         .\Release_swarm\registry.obj
         .\Release_swarm\replaydirector.obj
         .\Release_swarm\rope.obj
         .\Release_swarm\rope_helpers.obj
         .\Release_swarm\rope_physics.obj
         .\Release_swarm\saverestore.obj
         .\Release_swarm\SceneCache.obj
         .\Release_swarm\sceneentity.obj
         .\Release_swarm\sceneentity_shared.obj
         .\Release_swarm\scratchpad3d.obj
         .\Release_swarm\scratchpad_gamedll_helpers.obj
         .\Release_swarm\ScratchPadUtils.obj
         .\Release_swarm\scripted.obj
         .\Release_swarm\scriptedtarget.obj
         .\Release_swarm\npc_infected.obj
         .\Release_swarm\sdk_bot_temp.obj
         .\Release_swarm\sdk_client.obj
         .\Release_swarm\sdk_fire.obj
         .\Release_swarm\sdk_gameinterface.obj
         .\Release_swarm\sdk_player.obj
         .\Release_swarm\sdk_playermove.obj
         .\Release_swarm\sendproxy.obj
         .\Release_swarm\sequence_Transitioner.obj
         .\Release_swarm\server_class.obj
         .\Release_swarm\serverbenchmark_base.obj
         .\Release_swarm\ServerNetworkProperty.obj
         .\Release_swarm\shadowcontrol.obj
         .\Release_swarm\sheetsimulator.obj
         .\Release_swarm\simple_physics.obj
         .\Release_swarm\simtimer.obj
         .\Release_swarm\singleplay_gamerules.obj
         .\Release_swarm\skyboxswapper.obj
         .\Release_swarm\SkyCamera.obj
         .\Release_swarm\slideshow_display.obj
         .\Release_swarm\sound.obj
         .\Release_swarm\SoundEmitterSystem.obj
         .\Release_swarm\soundent.obj
         .\Release_swarm\soundenvelope.obj
         .\Release_swarm\SoundParametersInternal.obj
         .\Release_swarm\soundscape.obj
         .\Release_swarm\soundscape_system.obj
         .\Release_swarm\spatialentity.obj
         .\Release_swarm\spotlightend.obj
         .\Release_swarm\Sprite.obj
         .\Release_swarm\sprite_perfmonitor.obj
         .\Release_swarm\steamworks_gamestats.obj
         .\Release_swarm\stringregistry.obj
         .\Release_swarm\studio.obj
         .\Release_swarm\studio_shared.obj
         .\Release_swarm\subs.obj
         .\Release_swarm\sun.obj
         .\Release_swarm\sunlightshadowcontrol.obj
         .\Release_swarm\takedamageinfo.obj
         .\Release_swarm\tanktrain.obj
         .\Release_swarm\team.obj
         .\Release_swarm\teamplay_gamerules.obj
         .\Release_swarm\TemplateEntities.obj
         .\Release_swarm\tempmonster.obj
         .\Release_swarm\tesla.obj
         .\Release_swarm\test_ehandle.obj
         .\Release_swarm\test_proxytoggle.obj
         .\Release_swarm\test_stressentities.obj
         .\Release_swarm\testfunctions.obj
         .\Release_swarm\testtraceline.obj
         .\Release_swarm\textstatsmgr.obj
         .\Release_swarm\timedeventmgr.obj
         .\Release_swarm\trains.obj
         .\Release_swarm\triggers.obj
         .\Release_swarm\usercmd.obj
         .\Release_swarm\util.obj
         .\Release_swarm\util_shared.obj
         .\Release_swarm\variant_t.obj
         .\Release_swarm\vehicle_base.obj
         .\Release_swarm\vehicle_baseserver.obj
         .\Release_swarm\vehicle_viewblend_shared.obj
         .\Release_swarm\vgui_controls.obj
         .\Release_swarm\vgui_gamedll_int.obj
         .\Release_swarm\vguiscreen.obj
         .\Release_swarm\voice_gamemgr.obj
         .\Release_swarm\vscript_server.obj
         .\Release_swarm\vscript_shared.obj
         .\Release_swarm\waterbullet.obj
         .\Release_swarm\WaterLODControl.obj
         .\Release_swarm\wcedit.obj
         .\Release_swarm\weapon_parse.obj
         .\Release_swarm\weapon_proficiency.obj
         .\Release_swarm\weight_button.obj
         .\Release_swarm\world.obj
         .\Release_swarm\stdafx.obj
         .\Release_swarm\basetempentity.obj
         .\Release_swarm\event_tempentity_tester.obj
         .\Release_swarm\movie_explosion.obj
         .\Release_swarm\particle_fire.obj
         .\Release_swarm\particle_smokegrenade.obj
         .\Release_swarm\plasma.obj
         .\Release_swarm\smoke_trail.obj
         .\Release_swarm\smokestack.obj
         .\Release_swarm\SpriteTrail.obj
         .\Release_swarm\steamjet.obj
         .\Release_swarm\te.obj
         .\Release_swarm\te_armorricochet.obj
         .\Release_swarm\te_basebeam.obj
         .\Release_swarm\te_beamentpoint.obj
         .\Release_swarm\te_beaments.obj
         .\Release_swarm\te_beamfollow.obj
         .\Release_swarm\te_beamlaser.obj
         .\Release_swarm\te_beampoints.obj
         .\Release_swarm\te_beamring.obj
         .\Release_swarm\te_beamringpoint.obj
         .\Release_swarm\te_beamspline.obj
         .\Release_swarm\te_bloodsprite.obj
         .\Release_swarm\te_bloodstream.obj
         .\Release_swarm\te_breakmodel.obj
         .\Release_swarm\te_bspdecal.obj
         .\Release_swarm\te_bubbles.obj
         .\Release_swarm\te_bubbletrail.obj
         .\Release_swarm\te_clientprojectile.obj
         .\Release_swarm\te_decal.obj
         .\Release_swarm\te_dynamiclight.obj
         .\Release_swarm\te_effect_dispatch.obj
         .\Release_swarm\te_energysplash.obj
         .\Release_swarm\te_explosion.obj
         .\Release_swarm\te_fizz.obj
         .\Release_swarm\te_footprintdecal.obj
         .\Release_swarm\te_gaussexplosion.obj
         .\Release_swarm\te_glassshatter.obj
         .\Release_swarm\te_glowsprite.obj
         .\Release_swarm\te_impact.obj
         .\Release_swarm\te_killplayerattachments.obj
         .\Release_swarm\te_largefunnel.obj
         .\Release_swarm\te_muzzleflash.obj
         .\Release_swarm\te_particlesystem.obj
         .\Release_swarm\te_physicsprop.obj
         .\Release_swarm\te_playerdecal.obj
         .\Release_swarm\te_projecteddecal.obj
         .\Release_swarm\te_showline.obj
         .\Release_swarm\te_smoke.obj
         .\Release_swarm\te_sparks.obj
         .\Release_swarm\te_sprite.obj
         .\Release_swarm\te_spritespray.obj
         .\Release_swarm\te_worlddecal.obj
         .\Release_swarm\usermessages.obj
         .\Release_swarm\nav_area.obj
         .\Release_swarm\nav_colors.obj
         .\Release_swarm\nav_edit.obj
         .\Release_swarm\nav_entities.obj
         .\Release_swarm\nav_file.obj
         .\Release_swarm\nav_generate.obj
         .\Release_swarm\nav_ladder.obj
         .\Release_swarm\nav_merge.obj
         .\Release_swarm\nav_mesh.obj
         .\Release_swarm\nav_mesh_factory.obj
         .\Release_swarm\nav_node.obj
         .\Release_swarm\nav_simplify.obj
         .\Release_swarm\ai_behavior_actbusy.obj
         .\Release_swarm\ai_spotlight.obj
         .\Release_swarm\antlion_dust.obj
         .\Release_swarm\ar2_explosion.obj
         .\Release_swarm\cbasehelicopter.obj
         .\Release_swarm\cbasespriteprojectile.obj
         .\Release_swarm\env_speaker.obj
         .\Release_swarm\hl2_eventlog.obj
         .\Release_swarm\look_door.obj
         .\Release_swarm\monster_dummy.obj
         .\Release_swarm\npc_attackchopper.obj
         .\Release_swarm\npc_bullseye.obj
         .\Release_swarm\npc_combinegunship.obj
         .\Release_swarm\npc_enemyfinder.obj
         .\Release_swarm\rotorwash.obj
         .\Release_swarm\entity_tools_server.obj
         .\Release_swarm\toolframework_server.obj
         ..\..\lib\public\bonesetup.lib
         ..\..\lib\public\choreoobjects.lib
         ..\..\lib\public\dmxloader.lib
         ..\..\lib\public\interfaces.lib
         ..\..\lib\public\mathlib.lib
         ..\..\lib\public\particles.lib
         ..\..\lib\public\responserules_runtime.lib
         ..\..\lib\public\steam_api.lib
         ..\..\lib\public\tier0.lib
         ..\..\lib\public\tier1.lib
         ..\..\lib\public\tier2.lib
         ..\..\lib\public\tier3.lib
         ..\..\lib\public\vgui_controls.lib
         ..\..\lib\public\vstdlib.lib
            Creating library .\Release_swarm\server.lib and object .\Release_swarm\server.exp
         swarm_skeleton_server.vcxproj -> C:\Users\AniCator\sparkleshare\Project-Potato\src\game\server\.\Release_swarm\server.dll
       CustomBuildStep:
         Description: Performing Custom Build Step
         if exist "C:\Program Files (x86)\Steam\steamapps\\Sourcemods\CoopClub\bin\server.dll" attrib -r "C:\Program Files (x86)\Steam\steamapps\\Sourcemods\CoopClub\bin\server.dll"
         copy "C:\Users\AniCator\sparkleshare\Project-Potato\src\game\server\Release_swarm\"server.dll "C:\Program Files (x86)\Steam\steamapps\\Sourcemods\CoopClub\bin"
         if exist "C:\Program Files (x86)\Steam\steamapps\\Sourcemods\CoopClub\bin\server.pdb" attrib -r "C:\Program Files (x86)\Steam\steamapps\\Sourcemods\CoopClub\bin\server.pdb"
         if exist "C:\Users\AniCator\sparkleshare\Project-Potato\src\game\server\Release_swarm\"server.pdb copy "C:\Users\AniCator\sparkleshare\Project-Potato\src\game\server\Release_swarm\"server.pdb "C:\Program Files (x86)\Steam\steamapps\\Sourcemods\CoopClub\bin\server.pdb"
         :VCEnd
                 1 file(s) copied.
                 1 file(s) copied.
       FinalizeBuildStatus:
         Deleting file ".\Release_swarm\server.unsuccessfulbuild".
         Touching ".\Release_swarm\server.lastbuildstate".
     1>Done Building Project "C:\Users\AniCator\sparkleshare\Project-Potato\src\game\server\swarm_skeleton_server.vcxproj" (build target(s)).

Build succeeded.

Time Elapsed 00:04:05.49
