Build started 7/21/2012 19:13:00.
     1>Project "C:\Projects\Games\swarm-deferred\src\game\client\swarm_skeleton_client.vcxproj" on node 2 (build target(s)).
     1>InitializeBuildStatus:
         Creating ".\Debug_swarm\client.unsuccessfulbuild" because "AlwaysCreate" was specified.
       ClCompile:
         All outputs are up-to-date.
         C:\Program Files (x86)\Microsoft Visual Studio 10.0\VC\bin\CL.exe /c /I.\hl2 /I.\sdk /I.\sdk\vgui /I..\statemachine /I..\..\game\shared\multiplayer /I..\..\game\shared\sdk /I.\ /I..\..\common /I..\..\public /I..\..\public\tier0 /I..\..\public\tier1 /I..\..\game\shared /I.\game_controls /I.\Debug_swarm\ /I..\..\game\client\sdk\gameui /ZI /nologo /W4 /WX- /Od /Oy- /D WIN32 /D _WIN32 /D _DEBUG /D DEBUG /D _WINDOWS /D _USRDLL /D _CRT_SECURE_NO_DEPRECATE /D _CRT_NONSTDC_NO_DEPRECATE /D DLLNAME=client /D VPCGAME=swarm /D VPCGAMECAPS=SWARM /D _DLL_EXT=.dll /D COMPILER_MSVC32 /D COMPILER_MSVC /D MEMOVERRIDE_MODULE=client /D NO_STRING_T /D CLIENT_DLL /D VECTOR /D VERSION_SAFE_STEAM_API_INTERFACES /D PROTECTED_THINGS_ENABLE /D strncpy=use_Q_strncpy_instead /D _snprintf=use_Q_snprintf_instead /D ENABLE_HTMLWINDOW /D fopen=dont_use_fopen /D SDK_CLIENT_DLL /D SDK_DLL /D SPLIT_SCREEN_STUBS /D GAMEUI_EMBEDDED /D GAMEUI_EXPORTS /D DEFERRED_DEV /D _WINDLL /D _MBCS /GF /Gm /RTC1 /MTd /GS- /arch:SSE2 /fp:fast /Zc:wchar_t /Zc:forScope /GR /Fo".\Debug_swarm\\" /Fd".\Debug_swarm\vc100.pdb" /Gd /TP /analyze- /errorReport:prompt sdk\gameui\sdk\vmainmenu.cpp /MP 
         vmainmenu.cpp
         All outputs are up-to-date.
         All outputs are up-to-date.
       Link:
         C:\Program Files (x86)\Microsoft Visual Studio 10.0\VC\bin\link.exe /ERRORREPORT:PROMPT /OUT:".\Debug_swarm\client.dll" /INCREMENTAL /NOLOGO /LIBPATH:..\..\lib\common\. /LIBPATH:..\..\lib\public\. winmm.lib kernel32.lib user32.lib gdi32.lib winspool.lib comdlg32.lib advapi32.lib shell32.lib ole32.lib oleaut32.lib uuid.lib odbc32.lib odbccp32.lib /NODEFAULTLIB:libc /NODEFAULTLIB:libcd /NODEFAULTLIB:libcmtd /MANIFEST:NO /DEBUG /PDB:".\Debug_swarm\client.pdb" /SUBSYSTEM:WINDOWS /TLBID:1 /DYNAMICBASE /NXCOMPAT /MACHINE:X86 /DLL .\Debug_swarm\language.obj
         .\Debug_swarm\CDefLight.obj
         .\Debug_swarm\CDefLightContainer.obj
         .\Debug_swarm\CDefLightGlobal.obj
         .\Debug_swarm\deferred_shared_common.obj
         .\Debug_swarm\predicted_viewmodel.obj
         .\Debug_swarm\sdk_fx_shared.obj
         .\Debug_swarm\sdk_gamemovement.obj
         .\Debug_swarm\sdk_gamerules.obj
         .\Debug_swarm\sdk_playeranimstate.obj
         .\Debug_swarm\sdk_player_shared.obj
         .\Debug_swarm\sdk_usermessages.obj
         .\Debug_swarm\sdk_weapon_parse.obj
         .\Debug_swarm\weapon_mp5.obj
         .\Debug_swarm\weapon_pistol.obj
         .\Debug_swarm\weapon_sdkbase.obj
         .\Debug_swarm\achievement_notification_panel.obj
         .\Debug_swarm\achievement_saverestore.obj
         .\Debug_swarm\achievementmgr.obj
         .\Debug_swarm\activitylist.obj
         .\Debug_swarm\ai_criteria.obj
         .\Debug_swarm\ai_responsesystem.obj
         .\Debug_swarm\ai_speechconcept.obj
         .\Debug_swarm\ammodef.obj
         .\Debug_swarm\animatedentitytextureproxy.obj
         .\Debug_swarm\animatedoffsettextureproxy.obj
         .\Debug_swarm\animatedtextureproxy.obj
         .\Debug_swarm\AnimateSpecificTextureProxy.obj
         .\Debug_swarm\animation.obj
         .\Debug_swarm\base_playeranimstate.obj
         .\Debug_swarm\baseachievement.obj
         .\Debug_swarm\baseanimatedtextureproxy.obj
         .\Debug_swarm\baseclientrendertargets.obj
         .\Debug_swarm\basecombatcharacter_shared.obj
         .\Debug_swarm\basecombatweapon_shared.obj
         .\Debug_swarm\baseentity_shared.obj
         .\Debug_swarm\basegrenade_shared.obj
         .\Debug_swarm\baseparticleentity.obj
         .\Debug_swarm\baseplayer_shared.obj
         .\Debug_swarm\baseviewmodel_shared.obj
         .\Debug_swarm\beam_shared.obj
         .\Debug_swarm\beamdraw.obj
         .\Debug_swarm\blackbox_helper.obj
         .\Debug_swarm\bone_accessor.obj
         .\Debug_swarm\bone_merge_cache.obj
         .\Debug_swarm\c_ai_basehumanoid.obj
         .\Debug_swarm\c_ai_basenpc.obj
         .\Debug_swarm\c_baseanimating.obj
         .\Debug_swarm\c_baseanimatingoverlay.obj
         .\Debug_swarm\c_basecombatcharacter.obj
         .\Debug_swarm\c_basecombatweapon.obj
         .\Debug_swarm\c_basedoor.obj
         .\Debug_swarm\c_baseentity.obj
         .\Debug_swarm\c_baseflex.obj
         .\Debug_swarm\c_baselesson.obj
         .\Debug_swarm\c_baseplayer.obj
         .\Debug_swarm\c_basetoggle.obj
         .\Debug_swarm\c_baseviewmodel.obj
         .\Debug_swarm\c_beamspotlight.obj
         .\Debug_swarm\c_breakableprop.obj
         .\Debug_swarm\c_colorcorrection.obj
         .\Debug_swarm\c_colorcorrectionvolume.obj
         .\Debug_swarm\c_dynamiclight.obj
         .\Debug_swarm\c_entitydissolve.obj
         .\Debug_swarm\c_entityflame.obj
         .\Debug_swarm\c_entityfreezing.obj
         .\Debug_swarm\c_entityparticletrail.obj
         .\Debug_swarm\c_env_ambient_light.obj
         .\Debug_swarm\c_env_dof_controller.obj
         .\Debug_swarm\c_env_fog_controller.obj
         .\Debug_swarm\c_env_global_light.obj
         .\Debug_swarm\c_env_particlescript.obj
         .\Debug_swarm\c_env_projectedtexture.obj
         .\Debug_swarm\c_env_screenoverlay.obj
         .\Debug_swarm\c_env_tonemap_controller.obj
         .\Debug_swarm\c_fire_smoke.obj
         .\Debug_swarm\c_fish.obj
         .\Debug_swarm\c_func_areaportalwindow.obj
         .\Debug_swarm\c_func_breakablesurf.obj
         .\Debug_swarm\c_func_brush.obj
         .\Debug_swarm\c_func_conveyor.obj
         .\Debug_swarm\c_func_dust.obj
         .\Debug_swarm\c_func_lod.obj
         .\Debug_swarm\cascade_t.obj
         .\Debug_swarm\cdeferred_manager_client.obj
         .\Debug_swarm\clight_editor.obj
         .\Debug_swarm\clight_manager.obj
         .\Debug_swarm\DefCookieProjectable.obj
         .\Debug_swarm\DefCookieTexture.obj
         .\Debug_swarm\deferred_client_common.obj
         .\Debug_swarm\deferred_rt.obj
         .\Debug_swarm\def_light_t.obj
         .\Debug_swarm\flashlighteffect_deferred.obj
         .\Debug_swarm\IDeferredExtClient.obj
         .\Debug_swarm\materialsystem_passthru.obj
         .\Debug_swarm\projectable_factory.obj
         .\Debug_swarm\vgui_editor_controls.obj
         .\Debug_swarm\vgui_editor_props.obj
         .\Debug_swarm\vgui_editor_root.obj
         .\Debug_swarm\vgui_marquee.obj
         .\Debug_swarm\vgui_particles.obj
         .\Debug_swarm\vgui_projectable.obj
         .\Debug_swarm\viewrender_deferred.obj
         .\Debug_swarm\C_Func_Monitor.obj
         .\Debug_swarm\c_func_movelinear.obj
         .\Debug_swarm\c_func_occluder.obj
         .\Debug_swarm\c_func_reflective_glass.obj
         .\Debug_swarm\c_func_rotating.obj
         .\Debug_swarm\c_func_smokevolume.obj
         .\Debug_swarm\c_func_tracktrain.obj
         .\Debug_swarm\c_gameinstructor.obj
         .\Debug_swarm\c_gib.obj
         .\Debug_swarm\c_hairball.obj
         .\Debug_swarm\c_info_overlay_accessor.obj
         .\Debug_swarm\c_lightglow.obj
         .\Debug_swarm\C_MaterialModifyControl.obj
         .\Debug_swarm\c_movie_display.obj
         .\Debug_swarm\c_particle_system.obj
         .\Debug_swarm\c_physbox.obj
         .\Debug_swarm\c_physics_prop_statue.obj
         .\Debug_swarm\c_physicsprop.obj
         .\Debug_swarm\c_physmagnet.obj
         .\Debug_swarm\c_pixel_visibility.obj
         .\Debug_swarm\c_plasma.obj
         .\Debug_swarm\c_playerresource.obj
         .\Debug_swarm\c_point_camera.obj
         .\Debug_swarm\c_point_commentary_node.obj
         .\Debug_swarm\c_postprocesscontroller.obj
         .\Debug_swarm\c_prop_hallucination.obj
         .\Debug_swarm\c_props.obj
         .\Debug_swarm\c_ragdoll_manager.obj
         .\Debug_swarm\c_rope.obj
         .\Debug_swarm\c_rumble.obj
         .\Debug_swarm\c_sceneentity.obj
         .\Debug_swarm\c_shadowcontrol.obj
         .\Debug_swarm\c_slideshow_display.obj
         .\Debug_swarm\c_soundscape.obj
         .\Debug_swarm\c_spatialentity.obj
         .\Debug_swarm\c_spotlight_end.obj
         .\Debug_swarm\c_sprite.obj
         .\Debug_swarm\c_sprite_perfmonitor.obj
         .\Debug_swarm\c_sun.obj
         .\Debug_swarm\c_sunlightshadowcontrol.obj
         .\Debug_swarm\c_surfacerender.obj
         .\Debug_swarm\c_team.obj
         .\Debug_swarm\c_tesla.obj
         .\Debug_swarm\c_test_proxytoggle.obj
         .\Debug_swarm\c_triggers.obj
         .\Debug_swarm\c_user_message_register.obj
         .\Debug_swarm\c_vehicle_choreo_generic.obj
         .\Debug_swarm\c_vehicle_jeep.obj
         .\Debug_swarm\c_vguiscreen.obj
         .\Debug_swarm\c_waterbullet.obj
         .\Debug_swarm\C_WaterLODControl.obj
         .\Debug_swarm\c_world.obj
         .\Debug_swarm\camomaterialproxy.obj
         .\Debug_swarm\cdll_bounded_cvars.obj
         .\Debug_swarm\cdll_client_int.obj
         .\Debug_swarm\cdll_util.obj
         .\Debug_swarm\cl_mat_stub.obj
         .\Debug_swarm\classmap.obj
         .\Debug_swarm\client_class.obj
         .\Debug_swarm\client_factorylist.obj
         .\Debug_swarm\client_thinklist.obj
         .\Debug_swarm\clientalphaproperty.obj
         .\Debug_swarm\cliententitylist.obj
         .\Debug_swarm\clientleafsystem.obj
         .\Debug_swarm\clientmode_shared.obj
         .\Debug_swarm\clientshadowmgr.obj
         .\Debug_swarm\clientsideeffects.obj
         .\Debug_swarm\clientsideeffects_test.obj
         .\Debug_swarm\closedcaptions.obj
         .\Debug_swarm\collisionproperty.obj
         .\Debug_swarm\collisionutils.obj
         .\Debug_swarm\colorcorrectionmgr.obj
         .\Debug_swarm\commentary_modelviewer.obj
         .\Debug_swarm\compiledcaptionswap.obj
         .\Debug_swarm\convarproxy.obj
         .\Debug_swarm\crtmemdebug.obj
         .\Debug_swarm\cycleproxy.obj
         .\Debug_swarm\death_pose.obj
         .\Debug_swarm\debug_dll_check.obj
         .\Debug_swarm\debugoverlay_shared.obj
         .\Debug_swarm\decals.obj
         .\Debug_swarm\detailobjectsystem.obj
         .\Debug_swarm\dt_recv.obj
         .\Debug_swarm\dt_utlvector_common.obj
         .\Debug_swarm\dt_utlvector_recv.obj
         .\Debug_swarm\dummyproxy.obj
         .\Debug_swarm\effect_dispatch_data.obj
         .\Debug_swarm\EffectsClient.obj
         .\Debug_swarm\ehandle.obj
         .\Debug_swarm\entitylist_base.obj
         .\Debug_swarm\entityoriginmaterialproxy.obj
         .\Debug_swarm\EntityParticleTrail_Shared.obj
         .\Debug_swarm\env_detail_controller.obj
         .\Debug_swarm\env_wind_shared.obj
         .\Debug_swarm\eventlist.obj
         .\Debug_swarm\filesystem_helpers.obj
         .\Debug_swarm\flashlighteffect.obj
         .\Debug_swarm\foundryhelpers_client.obj
         .\Debug_swarm\func_ladder.obj
         .\Debug_swarm\functionproxy.obj
         .\Debug_swarm\fx_blood.obj
         .\Debug_swarm\fx_cube.obj
         .\Debug_swarm\fx_explosion.obj
         .\Debug_swarm\fx_fleck.obj
         .\Debug_swarm\fx_impact.obj
         .\Debug_swarm\fx_interpvalue.obj
         .\Debug_swarm\fx_quad.obj
         .\Debug_swarm\fx_shelleject.obj
         .\Debug_swarm\fx_staticline.obj
         .\Debug_swarm\fx_tracer.obj
         .\Debug_swarm\fx_trail.obj
         .\Debug_swarm\fx_water.obj
         .\Debug_swarm\game_timescale_shared.obj
         .\Debug_swarm\gamemovement.obj
         .\Debug_swarm\gamerules.obj
         .\Debug_swarm\gamerules_register.obj
         .\Debug_swarm\GameStats.obj
         .\Debug_swarm\gamestringpool.obj
         .\Debug_swarm\gametrace_client.obj
         .\Debug_swarm\gamevars_shared.obj
         .\Debug_swarm\glow_outline_effect.obj
         .\Debug_swarm\glow_overlay.obj
         .\Debug_swarm\hintmessage.obj
         .\Debug_swarm\hintsystem.obj
         .\Debug_swarm\history_resource.obj
         .\Debug_swarm\hltvcamera.obj
         .\Debug_swarm\hud.obj
         .\Debug_swarm\hud_basechat.obj
         .\Debug_swarm\hud_basetimer.obj
         .\Debug_swarm\hud_bitmapnumericdisplay.obj
         .\Debug_swarm\hud_closecaption.obj
         .\Debug_swarm\hud_crosshair.obj
         .\Debug_swarm\hud_element_helper.obj
         .\Debug_swarm\hud_lcd.obj
         .\Debug_swarm\hud_locator_target.obj
         .\Debug_swarm\hud_msg.obj
         .\Debug_swarm\hud_numericdisplay.obj
         .\Debug_swarm\hud_pdump.obj
         .\Debug_swarm\hud_redraw.obj
         .\Debug_swarm\igamesystem.obj
         .\Debug_swarm\hud_weapon.obj
         .\Debug_swarm\in_camera.obj
         .\Debug_swarm\in_joystick.obj
         .\Debug_swarm\in_main.obj
         .\Debug_swarm\in_mouse.obj
         .\Debug_swarm\in_trackir.obj
         .\Debug_swarm\initializer.obj
         .\Debug_swarm\interpolatedvar.obj
         .\Debug_swarm\interpolatortypes.obj
         .\Debug_swarm\IsNPCProxy.obj
         .\Debug_swarm\jigglebones.obj
         .\Debug_swarm\lampbeamproxy.obj
         .\Debug_swarm\lamphaloproxy.obj
         .\Debug_swarm\mapentities_shared.obj
         .\Debug_swarm\materialproxydict.obj
         .\Debug_swarm\mathproxy.obj
         .\Debug_swarm\matrixproxy.obj
         .\Debug_swarm\memoverride.obj
         .\Debug_swarm\menu.obj
         .\Debug_swarm\message.obj
         .\Debug_swarm\modelrendersystem.obj
         .\Debug_swarm\movehelper_client.obj
         .\Debug_swarm\movevars_shared.obj
         .\Debug_swarm\mp_shareddefs.obj
         .\Debug_swarm\multiplay_gamerules.obj
         .\Debug_swarm\networkvar.obj
         .\Debug_swarm\object_motion_blur_effect.obj
         .\Debug_swarm\obstacle_pushaway.obj
         .\Debug_swarm\panelmetaclassmgr.obj
         .\Debug_swarm\particle_collision.obj
         .\Debug_swarm\particle_litsmokeemitter.obj
         .\Debug_swarm\particle_parse.obj
         .\Debug_swarm\particle_property.obj
         .\Debug_swarm\particle_proxies.obj
         .\Debug_swarm\particle_simple3d.obj
         .\Debug_swarm\particlemgr.obj
         .\Debug_swarm\particles_attractor.obj
         .\Debug_swarm\particles_ez.obj
         .\Debug_swarm\particles_localspace.obj
         .\Debug_swarm\particles_new.obj
         .\Debug_swarm\particles_simple.obj
         .\Debug_swarm\particlesystemquery.obj
         .\Debug_swarm\perfvisualbenchmark.obj
         .\Debug_swarm\phonemeconverter.obj
         .\Debug_swarm\physics.obj
         .\Debug_swarm\physics_main_client.obj
         .\Debug_swarm\physics_main_shared.obj
         .\Debug_swarm\physics_saverestore.obj
         .\Debug_swarm\physics_shared.obj
         .\Debug_swarm\physpropclientside.obj
         .\Debug_swarm\playerandobjectenumerator.obj
         .\Debug_swarm\point_bonusmaps_accessor.obj
         .\Debug_swarm\point_posecontroller.obj
         .\Debug_swarm\posedebugger.obj
         .\Debug_swarm\precache_register.obj
         .\Debug_swarm\predictableid.obj
         .\Debug_swarm\prediction.obj
         .\Debug_swarm\predictioncopy.obj
         .\Debug_swarm\predictioncopy_helpers.obj
         .\Debug_swarm\predictioncopy_test.obj
         .\Debug_swarm\props_shared.obj
         .\Debug_swarm\proxyentity.obj
         .\Debug_swarm\ProxyHealth.obj
         .\Debug_swarm\proxyplayer.obj
         .\Debug_swarm\proxypupil.obj
         .\Debug_swarm\ragdoll.obj
         .\Debug_swarm\ragdoll_shared.obj
         .\Debug_swarm\randoverride.obj
         .\Debug_swarm\recvproxy.obj
         .\Debug_swarm\rendertexture.obj
         .\Debug_swarm\replaycamera.obj
         .\Debug_swarm\rope_helpers.obj
         .\Debug_swarm\rope_physics.obj
         .\Debug_swarm\saverestore.obj
         .\Debug_swarm\sceneentity_shared.obj
         .\Debug_swarm\scratchpad3d.obj
         .\Debug_swarm\ScratchPadUtils.obj
         .\Debug_swarm\ScreenSpaceEffects.obj
         .\Debug_swarm\sentence.obj
         .\Debug_swarm\sequence_Transitioner.obj
         .\Debug_swarm\sheetsimulator.obj
         .\Debug_swarm\SEdit_ModelRender.obj
         .\Debug_swarm\ShaderEditorSystem.obj
         .\Debug_swarm\clientmode_sdk.obj
         .\Debug_swarm\c_sdk_jukebox.obj
         .\Debug_swarm\c_sdk_lesson.obj
         .\Debug_swarm\c_sdk_player.obj
         .\Debug_swarm\backgroundmenubutton.obj
         .\Debug_swarm\basesavegamedialog.obj
         .\Debug_swarm\bitmapimagepanel.obj
         .\Debug_swarm\commandcheckbutton.obj
         .\Debug_swarm\contentcontroldialog.obj
         .\Debug_swarm\createmultiplayergamebotpage.obj
         .\Debug_swarm\createmultiplayergamedialog.obj
         .\Debug_swarm\createmultiplayergamegameplaypage.obj
         .\Debug_swarm\createmultiplayergameserverpage.obj
         .\Debug_swarm\customtabexplanationdialog.obj
         .\Debug_swarm\cvarnegatecheckbutton.obj
         .\Debug_swarm\cvarslider.obj
         .\Debug_swarm\cvartextentry.obj
         .\Debug_swarm\cvartogglecheckbutton.obj
         .\Debug_swarm\gameconsole.obj
         .\Debug_swarm\gameconsoledialog.obj
         .\Debug_swarm\gameui_interface.obj
         .\Debug_swarm\gameui_util.obj
         .\Debug_swarm\keytogglecheckbutton.obj
         .\Debug_swarm\labeledcommandcombobox.obj
         .\Debug_swarm\loadingdialog.obj
         .\Debug_swarm\loadingtippanel.obj
         .\Debug_swarm\logofile.obj
         .\Debug_swarm\modinfo.obj
         .\Debug_swarm\mousemessageforwardingpanel.obj
         .\Debug_swarm\multiplayeradvanceddialog.obj
         .\Debug_swarm\optionsdialog.obj
         .\Debug_swarm\optionssubaudio.obj
         .\Debug_swarm\optionssubdifficulty.obj
         .\Debug_swarm\optionssubgame.obj
         .\Debug_swarm\optionssubkeyboard.obj
         .\Debug_swarm\optionssubmouse.obj
         .\Debug_swarm\optionssubmultiplayer.obj
         .\Debug_swarm\optionssubportal.obj
         .\Debug_swarm\optionssubvideo.obj
         .\Debug_swarm\optionssubvoice.obj
         .\Debug_swarm\panellistpanel.obj
         .\Debug_swarm\playerlistdialog.obj
         .\Debug_swarm\rungameengine.obj
         .\Debug_swarm\scriptobject.obj
         .\Debug_swarm\basemodframe.obj
         .\Debug_swarm\basemodpanel.obj
         .\Debug_swarm\gamemodes.obj
         .\Debug_swarm\uiavatarimage.obj
         .\Debug_swarm\uigamedata.obj
         .\Debug_swarm\uigamedata_invite.obj
         .\Debug_swarm\uigamedata_storage.obj
         .\Debug_swarm\vachievements.obj
         .\Debug_swarm\vaddonassociation.obj
         .\Debug_swarm\vaddons.obj
         .\Debug_swarm\vattractscreen.obj
         .\Debug_swarm\vaudio.obj
         .\Debug_swarm\vaudiovideo.obj
         .\Debug_swarm\vcloud.obj
         .\Debug_swarm\vcontrolleroptions.obj
         .\Debug_swarm\vcontrolleroptionsbuttons.obj
         .\Debug_swarm\vcontrolleroptionssticks.obj
         .\Debug_swarm\vcustomcampaigns.obj
         .\Debug_swarm\vdownloadcampaign.obj
         .\Debug_swarm\vdownloads.obj
         .\Debug_swarm\vdropdownmenu.obj
         .\Debug_swarm\vflyoutmenu.obj
         .\Debug_swarm\vfooterpanel.obj
         .\Debug_swarm\vfoundgames.obj
         .\Debug_swarm\vfoundgroupgames.obj
         .\Debug_swarm\vfoundpublicgames.obj
         .\Debug_swarm\vgamelobby.obj
         .\Debug_swarm\vgamelobbychat.obj
         .\Debug_swarm\vgameoptions.obj
         .\Debug_swarm\vgamesettings.obj
         .\Debug_swarm\vgenericconfirmation.obj
         .\Debug_swarm\vgenericpanellist.obj
         .\Debug_swarm\vgenericwaitscreen.obj
         .\Debug_swarm\vgetlegacydata.obj
         .\Debug_swarm\vhybridbutton.obj
         .\Debug_swarm\vingamechapterselect.obj
         .\Debug_swarm\vingamedifficultyselect.obj
         .\Debug_swarm\vingamekickplayerlist.obj
         .\Debug_swarm\vingamemainmenu.obj
         .\Debug_swarm\vjukebox.obj
         .\Debug_swarm\vkeyboard.obj
         .\Debug_swarm\vkeyboardmouse.obj
         .\Debug_swarm\vleaderboard.obj
         .\Debug_swarm\vloadingprogress.obj
         .\Debug_swarm\vmainmenu.obj
         .\Debug_swarm\vmenubackground.obj
         .\Debug_swarm\vmultiplayer.obj
         .\Debug_swarm\voptions.obj
         .\Debug_swarm\vpasswordentry.obj
         .\Debug_swarm\vquickjoin.obj
         .\Debug_swarm\vquickjoingroups.obj
         .\Debug_swarm\vsignindialog.obj
         .\Debug_swarm\vslidercontrol.obj
         .\Debug_swarm\vspinnercontrol.obj
         .\Debug_swarm\vsteamcloudconfirmation.obj
         .\Debug_swarm\vtransitionscreen.obj
         .\Debug_swarm\vvideo.obj
         .\Debug_swarm\vvoteoptions.obj
         .\Debug_swarm\sys_utils.obj
         .\Debug_swarm\textentrybox.obj
         .\Debug_swarm\urlbutton.obj
         .\Debug_swarm\vcontrolslistpanel.obj
         .\Debug_swarm\vguisystemmoduleloader.obj
         .\Debug_swarm\sdk_fx_impacts.obj
         .\Debug_swarm\sdk_fx_tracers.obj
         .\Debug_swarm\sdk_fx_weaponfx.obj
         .\Debug_swarm\sdk_input.obj
         .\Debug_swarm\sdk_prediction.obj
         .\Debug_swarm\nb_button.obj
         .\Debug_swarm\nb_header_footer.obj
         .\Debug_swarm\nb_horiz_list.obj
         .\Debug_swarm\nb_select_level_entry.obj
         .\Debug_swarm\nb_select_level_panel.obj
         .\Debug_swarm\sdk_hud_ammo.obj
         .\Debug_swarm\sdk_hud_chat.obj
         .\Debug_swarm\sdk_hud_health.obj
         .\Debug_swarm\sdk_hud_weaponselection.obj
         .\Debug_swarm\sdk_loading_panel.obj
         .\Debug_swarm\sdk_logo_panel.obj
         .\Debug_swarm\sdk_vgui_music_importer.obj
         .\Debug_swarm\vgui_rootpanel_sdk.obj
         .\Debug_swarm\simple_keys.obj
         .\Debug_swarm\simple_physics.obj
         .\Debug_swarm\simtimer.obj
         .\Debug_swarm\singleplay_gamerules.obj
         .\Debug_swarm\SoundEmitterSystem.obj
         .\Debug_swarm\soundenvelope.obj
         .\Debug_swarm\SoundParametersInternal.obj
         .\Debug_swarm\spatialentitymgr.obj
         .\Debug_swarm\splinepatch.obj
         .\Debug_swarm\Sprite.obj
         .\Debug_swarm\spritemodel.obj
         .\Debug_swarm\SpriteTrail.obj
         .\Debug_swarm\steamworks_gamestats.obj
         .\Debug_swarm\stringregistry.obj
         .\Debug_swarm\studio.obj
         .\Debug_swarm\studio_shared.obj
         .\Debug_swarm\takedamageinfo.obj
         .\Debug_swarm\teamplay_gamerules.obj
         .\Debug_swarm\teamplayroundbased_gamerules.obj
         .\Debug_swarm\test_ehandle.obj
         .\Debug_swarm\text_message.obj
         .\Debug_swarm\texturescrollmaterialproxy.obj
         .\Debug_swarm\timematerialproxy.obj
         .\Debug_swarm\toggletextureproxy.obj
         .\Debug_swarm\usercmd.obj
         .\Debug_swarm\usermessages.obj
         .\Debug_swarm\util_shared.obj
         .\Debug_swarm\vallocator.obj
         .\Debug_swarm\vehicle_viewblend_shared.obj
         .\Debug_swarm\vgui_avatarimage.obj
         .\Debug_swarm\vgui_basepanel.obj
         .\Debug_swarm\vgui_bindpanel.obj
         .\Debug_swarm\vgui_bitmapbutton.obj
         .\Debug_swarm\vgui_bitmapimage.obj
         .\Debug_swarm\vgui_bitmappanel.obj
         .\Debug_swarm\vgui_centerstringpanel.obj
         .\Debug_swarm\vgui_consolepanel.obj
         .\Debug_swarm\vgui_controls.obj
         .\Debug_swarm\vgui_debugoverlaypanel.obj
         .\Debug_swarm\vgui_fpspanel.obj
         .\Debug_swarm\vgui_game_viewport.obj
         .\Debug_swarm\vgui_grid.obj
         .\Debug_swarm\vgui_hudvideo.obj
         .\Debug_swarm\vgui_int.obj
         .\Debug_swarm\vgui_loadingdiscpanel.obj
         .\Debug_swarm\vgui_messagechars.obj
         .\Debug_swarm\vgui_movie_display.obj
         .\Debug_swarm\vgui_netgraphpanel.obj
         .\Debug_swarm\vgui_slideshow_display_screen.obj
         .\Debug_swarm\vgui_video.obj
         .\Debug_swarm\view.obj
         .\Debug_swarm\view_beams.obj
         .\Debug_swarm\view_effects.obj
         .\Debug_swarm\view_scene.obj
         .\Debug_swarm\viewangleanim.obj
         .\Debug_swarm\ViewConeImage.obj
         .\Debug_swarm\viewdebug.obj
         .\Debug_swarm\viewpostprocess.obj
         .\Debug_swarm\viewrender.obj
         .\Debug_swarm\voice_banmgr.obj
         .\Debug_swarm\voice_menu.obj
         .\Debug_swarm\voice_status.obj
         .\Debug_swarm\vscript_client.obj
         .\Debug_swarm\vscript_shared.obj
         .\Debug_swarm\warp_overlay.obj
         .\Debug_swarm\WaterLODMaterialProxy.obj
         .\Debug_swarm\weapon_parse.obj
         .\Debug_swarm\weapon_selection.obj
         .\Debug_swarm\weapons_resource.obj
         .\Debug_swarm\WorldDimsProxy.obj
         .\Debug_swarm\stdafx.obj
         .\Debug_swarm\c_basetempentity.obj
         .\Debug_swarm\c_effects.obj
         .\Debug_swarm\c_impact_effects.obj
         .\Debug_swarm\c_movie_explosion.obj
         .\Debug_swarm\c_particle_fire.obj
         .\Debug_swarm\c_particle_smokegrenade.obj
         .\Debug_swarm\c_prop_vehicle.obj
         .\Debug_swarm\c_recipientfilter.obj
         .\Debug_swarm\c_smoke_trail.obj
         .\Debug_swarm\c_smokestack.obj
         .\Debug_swarm\c_steamjet.obj
         .\Debug_swarm\c_stickybolt.obj
         .\Debug_swarm\c_te.obj
         .\Debug_swarm\c_te_armorricochet.obj
         .\Debug_swarm\c_te_basebeam.obj
         .\Debug_swarm\c_te_beamentpoint.obj
         .\Debug_swarm\c_te_beaments.obj
         .\Debug_swarm\c_te_beamfollow.obj
         .\Debug_swarm\c_te_beamlaser.obj
         .\Debug_swarm\c_te_beampoints.obj
         .\Debug_swarm\c_te_beamring.obj
         .\Debug_swarm\c_te_beamringpoint.obj
         .\Debug_swarm\c_te_beamspline.obj
         .\Debug_swarm\c_te_bloodsprite.obj
         .\Debug_swarm\c_te_bloodstream.obj
         .\Debug_swarm\c_te_breakmodel.obj
         .\Debug_swarm\c_te_bspdecal.obj
         .\Debug_swarm\c_te_bubbles.obj
         .\Debug_swarm\c_te_bubbletrail.obj
         .\Debug_swarm\c_te_clientprojectile.obj
         .\Debug_swarm\c_te_decal.obj
         .\Debug_swarm\c_te_dynamiclight.obj
         .\Debug_swarm\c_te_effect_dispatch.obj
         .\Debug_swarm\c_te_energysplash.obj
         .\Debug_swarm\c_te_explosion.obj
         .\Debug_swarm\c_te_fizz.obj
         .\Debug_swarm\c_te_footprint.obj
         .\Debug_swarm\c_te_glassshatter.obj
         .\Debug_swarm\c_te_glowsprite.obj
         .\Debug_swarm\c_te_impact.obj
         .\Debug_swarm\c_te_killplayerattachments.obj
         .\Debug_swarm\c_te_largefunnel.obj
         .\Debug_swarm\c_te_legacytempents.obj
         .\Debug_swarm\c_te_muzzleflash.obj
         .\Debug_swarm\c_te_particlesystem.obj
         .\Debug_swarm\c_te_physicsprop.obj
         .\Debug_swarm\c_te_playerdecal.obj
         .\Debug_swarm\c_te_projecteddecal.obj
         .\Debug_swarm\c_te_showline.obj
         .\Debug_swarm\c_te_smoke.obj
         .\Debug_swarm\c_te_sparks.obj
         .\Debug_swarm\c_te_sprite.obj
         .\Debug_swarm\c_te_spritespray.obj
         .\Debug_swarm\c_te_worlddecal.obj
         .\Debug_swarm\c_testtraceline.obj
         .\Debug_swarm\c_tracer.obj
         .\Debug_swarm\fx.obj
         .\Debug_swarm\fx_discreetline.obj
         .\Debug_swarm\fx_envelope.obj
         .\Debug_swarm\fx_line.obj
         .\Debug_swarm\fx_sparks.obj
         .\Debug_swarm\particlesphererenderer.obj
         .\Debug_swarm\smoke_fog_overlay.obj
         .\Debug_swarm\basemodel_panel.obj
         .\Debug_swarm\baseviewport.obj
         .\Debug_swarm\ClientScoreBoardDialog.obj
         .\Debug_swarm\commandmenu.obj
         .\Debug_swarm\IconPanel.obj
         .\Debug_swarm\intromenu.obj
         .\Debug_swarm\MapOverview.obj
         .\Debug_swarm\NavProgress.obj
         .\Debug_swarm\SpectatorGUI.obj
         .\Debug_swarm\teammenu.obj
         .\Debug_swarm\vguitextwindow.obj
         .\Debug_swarm\c_antlion_dust.obj
         .\Debug_swarm\c_ar2_explosion.obj
         .\Debug_swarm\c_basehelicopter.obj
         .\Debug_swarm\c_npc_combinegunship.obj
         .\Debug_swarm\c_rotorwash.obj
         .\Debug_swarm\mp3player.obj
         .\Debug_swarm\bonelist.obj
         .\Debug_swarm\entity_client_tools.obj
         .\Debug_swarm\toolframework_client.obj
         ..\..\lib\public\bitmap.lib
         ..\..\lib\public\bonesetup.lib
         ..\..\lib\public\choreoobjects.lib
         ..\..\lib\public\dmxloader.lib
         ..\..\lib\public\interfaces.lib
         ..\..\lib\common\jpeglib.lib
         ..\..\lib\public\mathlib.lib
         ..\..\lib\public\matsys_controls.lib
         ..\..\lib\public\npsclient.lib
         ..\..\lib\public\particles.lib
         ..\..\lib\public\raytrace.lib
         ..\..\lib\public\responserules_runtime.lib
         ..\..\lib\public\steam_api.lib
         ..\..\lib\public\tier0.lib
         ..\..\lib\public\tier1.lib
         ..\..\lib\public\tier2.lib
         ..\..\lib\public\tier3.lib
         ..\..\lib\public\vgui_controls.lib
         ..\..\lib\public\videocfg.lib
         ..\..\lib\public\vpklib.lib
         ..\..\lib\public\vstdlib.lib
         ..\..\lib\public\vtf.lib
         swarm_skeleton_client.vcxproj -> C:\Projects\Games\swarm-deferred\src\game\client\.\Debug_swarm\client.dll
       CustomBuildStep:
         Description: Performing Custom Build Step
         if exist "D:\Steam\Steamapps\Sourcemods\SwarmDeferred\bin\client.dll" attrib -r "D:\Steam\Steamapps\Sourcemods\SwarmDeferred\bin\client.dll"
         copy "C:\Projects\Games\swarm-deferred\src\game\client\Debug_swarm\"client.dll "D:\Steam\Steamapps\Sourcemods\SwarmDeferred\bin"
         if exist "D:\Steam\Steamapps\Sourcemods\SwarmDeferred\bin\client.pdb" attrib -r "D:\Steam\Steamapps\Sourcemods\SwarmDeferred\bin\client.pdb"
         if exist "C:\Projects\Games\swarm-deferred\src\game\client\Debug_swarm\"client.pdb copy "C:\Projects\Games\swarm-deferred\src\game\client\Debug_swarm\"client.pdb "D:\Steam\Steamapps\Sourcemods\SwarmDeferred\bin\client.pdb"
         :VCEnd
                 1 file(s) copied.
                 1 file(s) copied.
       FinalizeBuildStatus:
         Deleting file ".\Debug_swarm\client.unsuccessfulbuild".
         Touching ".\Debug_swarm\client.lastbuildstate".
     1>Done Building Project "C:\Projects\Games\swarm-deferred\src\game\client\swarm_skeleton_client.vcxproj" (build target(s)).

Build succeeded.

Time Elapsed 00:00:16.98
